Options for the verification:
  Generating no trace
  Search order is breadth first
  Using conservative space optimisation
  Seed is 1742931024
  State space representation uses minimal constraint systems with future testing
  Using HashMap + Compress integers for discrete state storage

Verifying formula 1 at ./experiments/results/smc/VerifyPIN_3_HB+FTL+INL/VerifyPIN_3_HB+FTL+INL--F3--C10--T10000--N100000--IS--query.q:1
 -- Formula is satisfied.
 -- Result: (47028/100000 runs) Pr(<> …) in [0.467182,0.473379] (95% CI)
Values in [44,644] mean=544.6085098239347 steps=2.7649769585253456: 298 0 0 156 279 0 0 94 86 0 0 0 0 0 0 0 0 0 0 0 0 0 0 0 0 0 0 0 0 0 0 0 0 0 0 0 0 0 0 0 0 0 0 0 0 4145 59 1 794 1690 156 0 374 143 50 0 0 20 0 0 0 0 0 0 0 0 0 0 0 0 0 0 0 0 0 0 0 0 0 0 0 0 0 0 0 0 0 0 0 0 0 0 0 0 0 0 0 0 0 0 0 0 0 0 0 0 0 0 0 0 0 0 0 0 0 0 0 0 0 0 0 0 0 0 0 0 0 0 0 0 0 0 0 0 0 0 0 0 0 0 0 0 0 0 0 0 0 0 0 0 0 0 0 0 0 0 0 0 0 0 0 0 0 0 0 0 0 0 0 0 0 0 0 0 0 0 0 0 0 0 0 0 0 0 0 0 0 0 0 0 0 0 0 0 0 0 0 0 0 0 0 0 0 44 1 21 8240 118 2583 947 3474 1755 16490 3630 7 397 921 55
 -- States explored : 0 states
 -- CPU user time used : 13536 ms
 -- Virtual memory used : 57724 KiB
 -- Resident memory used : 16892 KiB

Verifying formula 2 at ./experiments/results/smc/VerifyPIN_3_HB+FTL+INL/VerifyPIN_3_HB+FTL+INL--F3--C10--T10000--N100000--IS--query.q:2
 -- Formula is satisfied.
 -- Result: (53194/100000 runs) Pr(<> …) in [0.528841,0.535037] (95% CI)
Values in [0.00015900749713182452,54.995643116766587] mean=25.022634571227456 steps=0.2380756887847163: 505 469 488 476 528 481 523 467 539 488 476 539 481 485 515 543 506 463 484 497 496 490 502 504 486 500 479 518 516 483 478 516 482 504 458 499 470 499 503 461 531 472 520 452 492 479 473 488 492 495 197 0 0 0 0 0 0 0 0 0 0 0 0 0 0 0 0 0 0 0 0 0 0 0 0 0 0 0 0 0 0 0 0 0 0 0 0 0 0 0 0 0 0 0 0 0 0 0 0 0 0 0 0 0 0 0 0 0 0 0 0 0 0 0 0 0 0 0 0 0 0 0 0 0 0 0 0 0 0 0 0 0 0 0 0 0 0 0 0 0 0 0 0 0 0 0 0 704 738 753 798 1027 1159 1096 1103 1133 1108 1124 1173 926 541 584 542 435 215 181 184 179 349 390 337 394 216 165 191 189 199 206 191 164 127 0 0 0 0 0 0 0 0 0 0 0 0 0 0 0 0 212 381 393 376 435 598 565 590 552 547 539 570 566 317 275 248 284 127 85 72 90 141 194 185 178 157 87 115 90 79 118 104 101 114
 -- States explored : 0 states
 -- CPU user time used : 13491 ms
 -- Virtual memory used : 58096 KiB
 -- Resident memory used : 17600 KiB

Verifying formula 3 at ./experiments/results/smc/VerifyPIN_3_HB+FTL+INL/VerifyPIN_3_HB+FTL+INL--F3--C10--T10000--N100000--IS--query.q:3
 -- Formula is satisfied.
 -- Result: (31/100000 runs) Pr(<> …) in [0.000210639,0.000439992] (95% CI)
Values in [170,191] mean=177.58064516129033 steps=3.5: 13 0 5 11 0 1 1
 -- States explored : 0 states
 -- CPU user time used : 14208 ms
 -- Virtual memory used : 58096 KiB
 -- Resident memory used : 17600 KiB
