Options for the verification:
  Generating no trace
  Search order is breadth first
  Using conservative space optimisation
  Seed is 1742944744
  State space representation uses minimal constraint systems with future testing
  Using HashMap + Compress integers for discrete state storage

Verifying formula 1 at ./experiments/results/smc/VerifyPIN_3_HB+FTL+INL/VerifyPIN_3_HB+FTL+INL--F5--C10--T10000--N100000--ORC--query.q:1
 -- Formula is satisfied.
 -- Result: (2307/100000 runs) Pr(<> …) in [0.0221484,0.0240194] (95% CI)
Values in [80,648] mean=382.81447767663633 steps=11.591836734693878: 141 0 0 0 0 0 0 0 0 18 896 261 0 0 0 0 0 0 0 3 2 0 0 0 0 0 0 0 0 8 0 0 0 0 0 0 0 0 0 15 0 0 0 0 0 0 0 1 21 941
 -- States explored : 0 states
 -- CPU user time used : 7598 ms
 -- Virtual memory used : 57024 KiB
 -- Resident memory used : 16516 KiB

Verifying formula 2 at ./experiments/results/smc/VerifyPIN_3_HB+FTL+INL/VerifyPIN_3_HB+FTL+INL--F5--C10--T10000--N100000--ORC--query.q:2
 -- Formula is satisfied.
 -- Result: (97872/100000 runs) Pr(<> …) in [0.977807,0.979606] (95% CI)
Values in [8.3264894783496874e-06,632.07115987874568] mean=18.244580287051434 steps=2.0193966503266974: 1664 11344 11231 11282 11252 11376 10781 1472 1551 1418 1509 1494 1532 1256 0 1096 1450 34 38 43 38 43 62 15 0 2147 8718 2033 222 203 134 114 114 105 95 78 190 237 236 204 220 244 27 0 0 6 4 4 7 4 5 3 20 46 73 91 78 70 75 37 5 7 3 0 0 0 0 1 2 2 2 1 3 2 0 0 0 0 0 0 0 0 0 0 0 2 0 2 3 0 0 1 1 1 1 0 1 0 0 0 0 0 0 0 0 0 0 0 0 0 0 0 0 0 0 0 0 0 0 0 0 0 0 0 0 0 0 0 0 0 0 0 0 0 0 0 0 0 0 0 0 0 0 0 0 0 0 0 0 0 0 0 0 0 0 0 0 0 0 0 0 0 0 0 0 0 0 0 0 0 0 0 0 0 0 0 0 0 0 0 0 0 0 0 0 0 0 0 0 0 0 0 0 0 0 0 0 0 0 0 0 0 0 0 0 0 0 0 0 0 0 0 0 0 0 0 0 0 0 0 0 0 0 0 0 0 0 0 0 0 0 0 0 0 0 0 0 0 0 0 0 0 0 0 0 0 0 0 0 0 0 0 0 0 0 0 0 0 0 0 0 0 0 0 0 0 0 0 0 0 0 0 0 0 0 0 0 0 0 0 0 0 0 0 0 0 0 0 0 0 0 0 0 0 0 0 0 0 0 0 0 0 0 0 0 0 0 0 1 2 0 0 4
 -- States explored : 0 states
 -- CPU user time used : 7456 ms
 -- Virtual memory used : 57820 KiB
 -- Resident memory used : 17756 KiB

Verifying formula 3 at ./experiments/results/smc/VerifyPIN_3_HB+FTL+INL/VerifyPIN_3_HB+FTL+INL--F5--C10--T10000--N100000--ORC--query.q:3
 -- Formula is satisfied.
 -- Result: (25/100000 runs) Pr(<> …) in [0.000161793,0.000369027] (95% CI)
Values in [190,197] mean=192.24000000000001 steps=1.3999999999999999: 17 0 0 0 0 8
 -- States explored : 0 states
 -- CPU user time used : 7685 ms
 -- Virtual memory used : 57820 KiB
 -- Resident memory used : 17756 KiB
