Options for the verification:
  Generating no trace
  Search order is breadth first
  Using conservative space optimisation
  Seed is 1742923071
  State space representation uses minimal constraint systems with future testing
  Using HashMap + Compress integers for discrete state storage

Verifying formula 1 at ./experiments/results/smc/VerifyPIN_3_HB+FTL+INL/VerifyPIN_3_HB+FTL+INL--F2--C10--T10000--N100000--IS--query.q:1
 -- Formula is satisfied.
 -- Result: (46973/100000 runs) Pr(<> …) in [0.466633,0.472829] (95% CI)
Values in [56,646] mean=621.9109914206033 steps=2.7188940092165899: 796 0 0 63 76 0 0 0 0 0 0 0 0 0 0 0 0 0 0 0 0 0 0 0 0 0 0 0 0 0 0 0 0 0 0 0 0 0 0 0 0 0 0 84 0 0 104 14 0 11 8 1 0 0 0 0 0 0 0 0 0 0 0 0 0 0 0 0 0 0 0 0 0 0 0 0 0 0 0 0 0 0 0 0 0 0 0 0 0 0 0 0 0 0 0 0 0 0 0 0 0 0 0 0 0 0 0 0 0 0 0 0 0 0 0 0 0 0 0 0 0 0 0 0 0 0 0 0 0 0 0 0 0 0 0 0 0 0 0 0 0 0 0 0 0 0 0 0 0 0 0 0 0 0 0 0 0 0 0 0 0 0 0 0 0 0 0 0 0 0 0 0 0 0 0 0 0 0 0 0 0 0 0 0 0 0 0 0 0 0 0 0 0 0 0 0 0 0 0 0 0 0 0 0 0 0 177 0 325 0 212 0 36528 0 1 2723 5847 3
 -- States explored : 0 states
 -- CPU user time used : 14655 ms
 -- Virtual memory used : 57728 KiB
 -- Resident memory used : 16780 KiB

Verifying formula 2 at ./experiments/results/smc/VerifyPIN_3_HB+FTL+INL/VerifyPIN_3_HB+FTL+INL--F2--C10--T10000--N100000--IS--query.q:2
 -- Formula is satisfied.
 -- Result: (53225/100000 runs) Pr(<> …) in [0.529152,0.535347] (95% CI)
Values in [0.00020364392548799517,54.998106049606577] mean=25.666703077201092 steps=0.23808615760035109: 512 495 494 483 467 473 503 521 472 454 492 493 469 509 469 488 515 500 526 482 499 528 525 487 483 477 462 484 511 528 461 471 505 514 475 495 486 500 484 497 483 500 502 512 517 467 521 481 504 461 209 0 0 0 0 0 0 0 0 0 0 0 0 0 0 0 0 0 0 0 0 0 0 0 0 0 0 0 0 0 0 0 0 0 0 0 0 0 0 0 0 0 0 0 0 0 0 0 0 0 0 0 0 0 0 0 0 0 0 0 0 0 0 0 0 0 0 0 0 0 0 0 0 0 0 0 0 0 0 0 0 0 0 0 0 0 0 0 0 0 0 0 0 0 0 0 0 0 0 0 0 0 0 0 0 0 0 0 0 579 1548 1536 1553 1514 1520 1507 1417 1499 1583 1534 1417 1527 298 0 0 0 0 0 0 0 0 0 0 0 0 0 0 0 0 0 0 0 0 0 0 0 0 203 353 387 373 456 555 576 536 531 572 550 537 555 262 277 289 263 171 93 105 82 156 190 157 208 144 95 104 108 109 76 90 98 86
 -- States explored : 0 states
 -- CPU user time used : 14614 ms
 -- Virtual memory used : 58096 KiB
 -- Resident memory used : 17108 KiB

Verifying formula 3 at ./experiments/results/smc/VerifyPIN_3_HB+FTL+INL/VerifyPIN_3_HB+FTL+INL--F2--C10--T10000--N100000--IS--query.q:3
 -- Formula is satisfied.
 -- Result: (0/100000 runs) Pr(<> …) in [0,3.68881e-05] (95% CI)
 -- States explored : 0 states
 -- CPU user time used : 15462 ms
 -- Virtual memory used : 58096 KiB
 -- Resident memory used : 17108 KiB
