Options for the verification:
  Generating no trace
  Search order is breadth first
  Using conservative space optimisation
  Seed is 1742904646
  State space representation uses minimal constraint systems with future testing
  Using HashMap + Compress integers for discrete state storage

Verifying formula 1 at ./experiments/results/smc/VerifyPIN_3_HB+FTL+INL/VerifyPIN_3_HB+FTL+INL--F1--C10--T10000--N100000--ORC--query.q:1
 -- Formula is satisfied.
 -- Result: (25343/100000 runs) Pr(<> …) in [0.250736,0.256138] (95% CI)
Values in [80,648] mean=647.82069999605415 steps=3.5499999999999998: 8 0 0 0 0 0 0 0 0 0 0 0 0 0 0 0 0 0 0 0 0 0 0 0 0 0 0 0 0 0 0 0 0 0 0 0 0 0 0 0 0 0 0 0 0 0 0 0 0 0 0 0 0 0 0 0 0 0 0 0 0 0 0 0 0 0 0 0 0 0 0 0 0 0 0 0 0 0 0 0 0 0 0 0 0 0 0 0 0 0 0 0 0 0 0 0 0 0 0 0 0 0 0 0 0 0 0 0 0 0 0 0 0 0 0 0 0 0 0 0 0 0 0 0 0 0 0 0 0 0 0 0 0 0 0 0 0 0 0 0 0 0 0 0 0 0 0 0 0 0 0 0 0 0 0 0 0 0 0 0 25335
 -- States explored : 0 states
 -- CPU user time used : 9445 ms
 -- Virtual memory used : 57540 KiB
 -- Resident memory used : 16308 KiB

Verifying formula 2 at ./experiments/results/smc/VerifyPIN_3_HB+FTL+INL/VerifyPIN_3_HB+FTL+INL--F1--C10--T10000--N100000--ORC--query.q:2
 -- Formula is satisfied.
 -- Result: (74919/100000 runs) Pr(<> …) in [0.746491,0.751874] (95% CI)
Values in [6.4661726355552687e-05,54.997245047939941] mean=9.7561773630311706 steps=0.20071963644603505: 170 164 163 175 133 137 169 183 165 201 1125 1197 1140 1092 1212 1079 1132 1105 1150 1181 1149 1112 1094 1112 1111 1085 1152 1100 1099 1152 1171 1119 1145 1154 1184 1156 1118 1098 1081 1130 1125 1092 1119 1164 1173 1136 1121 1071 1204 1142 1083 1098 1082 1115 1122 1119 1148 1087 1140 1083 1114 1122 1080 1119 1184 1093 1068 1173 1141 880 36 44 39 38 38 30 43 37 34 36 44 34 33 41 40 49 36 42 30 31 37 31 44 31 48 43 37 57 41 32 38 34 34 47 39 43 41 42 33 51 43 44 31 36 47 48 38 31 42 47 33 32 32 35 37 36 37 33 43 91 152 155 153 165 159 154 147 164 171 86 0 0 0 0 0 0 0 0 0 0 0 0 0 0 8 22 22 15 12 21 18 23 22 29 22 19 26 23 22 9 0 0 0 0 0 0 1 2 2 1 1 1 1 1 1 2 0 0 1 0 0 0 0 0 0 0 1 2 0 0 0 0 0 0 0 0 0 0 0 0 1 0 1 2 0 0 0 0 3 3 0 0 1 2 0 0 0 0 0 0 0 1 0 1 0 0 0 0 0 0 0 0 0 0 0 0 0 0 0 0 0 0 0 0 0 0 0 0 0 96 111 101 109 132 125 121 102 130 109 91 111 127 119 117
 -- States explored : 0 states
 -- CPU user time used : 9435 ms
 -- Virtual memory used : 57824 KiB
 -- Resident memory used : 17088 KiB

Verifying formula 3 at ./experiments/results/smc/VerifyPIN_3_HB+FTL+INL/VerifyPIN_3_HB+FTL+INL--F1--C10--T10000--N100000--ORC--query.q:3
 -- Formula is satisfied.
 -- Result: (0/100000 runs) Pr(<> …) in [0,3.68881e-05] (95% CI)
 -- States explored : 0 states
 -- CPU user time used : 10069 ms
 -- Virtual memory used : 57824 KiB
 -- Resident memory used : 17088 KiB
