Options for the verification:
  Generating no trace
  Search order is breadth first
  Using conservative space optimisation
  Seed is 1742938495
  State space representation uses minimal constraint systems with future testing
  Using HashMap + Compress integers for discrete state storage

Verifying formula 1 at ./experiments/results/smc/VerifyPIN_3_HB+FTL+INL/VerifyPIN_3_HB+FTL+INL--F4--C10--T10000--N100000--IS--query.q:1
 -- Formula is satisfied.
 -- Result: (46741/100000 runs) Pr(<> …) in [0.464314,0.470508] (95% CI)
Values in [44,742] mean=494.74487067028946 steps=3.2165898617511521: 285 0 0 411 0 0 71 63 0 0 0 0 0 0 0 0 0 0 0 0 0 0 0 0 0 0 0 0 0 0 0 0 0 0 0 0 0 0 6277 1086 24 3099 544 160 371 171 141 0 24 12 0 1 0 0 0 0 0 0 0 0 0 0 0 0 0 0 0 0 0 0 0 0 0 0 0 0 0 0 0 0 0 0 0 0 0 0 0 0 0 0 0 0 0 0 0 0 0 0 0 0 0 0 0 0 0 0 0 0 0 0 0 0 0 0 0 0 0 0 0 0 0 0 0 0 0 0 0 0 0 0 0 0 0 0 0 0 0 0 0 0 0 0 0 0 0 0 0 0 0 0 0 0 0 0 0 0 0 0 0 0 0 0 0 0 0 0 0 0 0 0 9 0 4 1517 903 876 6863 7168 3961 3492 2244 2751 3215 91 529 352 0 0 0 0 0 0 0 0 0 0 0 0 0 0 0 0 0 0 0 1 0 0 2 1 4 7 0 5 4 0 1 1
 -- States explored : 0 states
 -- CPU user time used : 12733 ms
 -- Virtual memory used : 57720 KiB
 -- Resident memory used : 16816 KiB

Verifying formula 2 at ./experiments/results/smc/VerifyPIN_3_HB+FTL+INL/VerifyPIN_3_HB+FTL+INL--F4--C10--T10000--N100000--IS--query.q:2
 -- Formula is satisfied.
 -- Result: (53265/100000 runs) Pr(<> …) in [0.529552,0.535746] (95% CI)
Values in [0.0002815201878547669,152.90673164837062] mean=24.989724380235753 steps=0.6619326845375878: 1325 1382 1343 1393 1353 1320 1424 1380 1379 1362 1371 1358 1446 1396 1320 1430 1371 1467 187 0 0 0 0 0 0 0 0 0 0 0 0 0 0 0 0 0 0 0 0 0 0 0 0 0 0 0 0 0 0 0 0 0 251 2099 2733 3106 3098 2279 1450 552 809 1007 551 509 518 0 0 0 0 0 0 997 1294 1530 1583 1157 769 277 399 475 274 259 246 18 0 0 0 0 0 0 0 0 0 0 0 0 0 0 0 0 0 0 0 0 0 0 0 0 0 0 0 0 0 0 0 0 0 0 0 0 0 0 0 0 0 0 0 0 0 0 0 0 0 0 0 0 0 0 0 0 0 0 0 0 0 0 0 0 0 0 0 0 0 0 0 0 0 0 0 0 0 0 0 0 0 0 0 0 0 0 0 0 0 0 0 1 0 0 0 0 0 0 0 0 0 0 0 0 1 0 3 3 0 1 0 0 0 0 0 0 0 0 1 0 0 0 1 2 1 0 1 0 0 0 0 1 0 0 0 0 0 0 0 0 0 0 0 0 1 0 1
 -- States explored : 0 states
 -- CPU user time used : 12721 ms
 -- Virtual memory used : 58088 KiB
 -- Resident memory used : 17136 KiB

Verifying formula 3 at ./experiments/results/smc/VerifyPIN_3_HB+FTL+INL/VerifyPIN_3_HB+FTL+INL--F4--C10--T10000--N100000--IS--query.q:3
 -- Formula is satisfied.
 -- Result: (1482/100000 runs) Pr(<> …) in [0.0140802,0.0155881] (95% CI)
Values in [167,190] mean=173.778677462888 steps=0.58974358974358976: 86 187 0 402 0 176 1 0 0 0 0 0 0 0 0 25 54 0 165 0 105 0 126 37 0 0 0 0 0 0 1 0 6 20 0 27 0 44 0 20
 -- States explored : 0 states
 -- CPU user time used : 13369 ms
 -- Virtual memory used : 58088 KiB
 -- Resident memory used : 17136 KiB
