Options for the verification:
  Generating no trace
  Search order is breadth first
  Using conservative space optimisation
  Seed is 1742866398
  State space representation uses minimal constraint systems with future testing
  Using HashMap + Compress integers for discrete state storage

Verifying formula 1 at ./experiments/results/smc/VerifyPIN_3_HB+FTL+INL/VerifyPIN_3_HB+FTL+INL--C10--T10000--N2500000--ORC--query.q:1
 -- Formula is satisfied.
 -- Result: (632997/2500000 runs) Pr(<> …) in [0.25266,0.253738] (95% CI)
Values in [80,648] mean=647.89519855544336 steps=0.71356783919597988: 116 0 0 0 0 0 0 0 0 0 0 0 0 0 0 0 0 0 0 0 0 0 0 0 0 0 0 0 0 0 0 0 0 0 0 0 0 0 0 0 0 0 0 0 0 0 0 0 0 0 0 0 0 0 0 0 0 0 0 0 0 0 0 0 0 0 0 0 0 0 0 0 0 0 0 0 0 0 0 0 0 0 0 0 0 0 0 0 0 0 0 0 0 0 0 0 0 0 0 0 0 0 0 0 0 0 0 0 0 0 0 0 0 0 0 0 0 0 0 0 0 0 0 0 0 0 0 0 0 0 0 0 0 0 0 0 0 0 0 0 0 0 0 0 0 0 0 0 0 0 0 0 0 0 0 0 0 0 0 0 0 0 0 1 0 0 0 0 0 0 0 0 0 0 0 0 0 0 0 0 0 0 0 0 0 0 0 0 0 0 0 0 0 0 0 0 0 0 0 0 0 0 0 0 0 0 0 0 0 0 0 0 0 0 0 0 0 0 0 0 0 0 0 0 0 0 0 0 0 0 0 0 0 0 0 0 0 0 0 0 0 0 0 0 0 0 0 0 0 0 0 0 0 0 0 0 0 0 0 0 0 0 0 0 0 0 0 0 0 0 0 0 0 0 0 0 0 0 0 0 0 0 0 0 0 0 0 0 0 0 0 0 0 0 0 0 0 0 0 0 0 0 0 0 0 0 0 0 0 0 0 0 0 0 0 0 0 0 0 0 0 0 0 0 0 0 0 0 0 0 0 0 0 0 0 0 0 0 0 0 0 0 0 0 0 0 0 0 0 0 0 0 0 0 0 0 0 0 0 0 0 0 0 0 0 0 0 0 0 0 0 0 0 0 0 0 0 0 0 0 0 0 0 0 0 0 0 0 0 0 0 0 0 0 0 0 0 0 0 0 0 0 0 0 0 0 0 0 0 0 0 0 0 0 0 0 0 0 0 0 0 0 0 0 0 0 0 0 0 0 0 0 0 0 0 0 0 0 0 0 0 0 0 0 0 0 0 0 0 0 0 0 0 0 0 0 0 0 0 0 0 0 0 0 0 0 0 0 0 0 0 0 0 0 0 0 0 0 0 0 0 0 0 0 0 0 0 0 0 0 0 0 0 0 0 0 0 0 0 0 0 0 0 0 0 0 0 0 0 0 0 0 0 0 0 0 0 0 0 0 0 0 0 0 0 0 0 0 0 0 0 0 0 0 0 0 0 0 0 0 0 0 0 0 0 0 0 0 0 0 0 0 0 0 0 0 0 0 0 0 0 0 0 0 0 0 0 0 0 0 0 0 0 0 0 0 0 0 0 0 0 0 0 0 0 0 0 0 0 0 0 0 0 0 0 0 0 0 0 0 0 0 0 0 0 0 0 0 0 0 0 0 0 0 0 0 0 0 0 0 0 0 0 0 0 0 0 0 0 0 0 0 0 0 0 0 0 0 0 0 0 0 0 0 0 0 0 0 0 0 0 0 0 0 0 0 0 0 0 0 0 0 0 0 0 0 0 0 0 0 0 0 0 0 0 0 0 0 0 0 0 0 0 0 0 0 0 0 0 0 0 0 0 0 0 0 0 0 0 0 0 0 0 0 0 0 0 0 0 0 0 0 0 0 0 0 0 0 0 0 0 0 0 0 0 0 0 0 0 0 0 0 0 0 0 0 0 0 0 0 0 0 0 0 0 0 0 0 0 0 0 0 0 0 0 0 0 0 0 0 0 0 0 0 0 0 0 0 0 0 0 0 0 0 0 0 0 0 0 0 0 0 0 0 0 0 0 0 0 0 0 0 0 0 0 0 632880
 -- States explored : 0 states
 -- CPU user time used : 235731 ms
 -- Virtual memory used : 61980 KiB
 -- Resident memory used : 21516 KiB

Verifying formula 2 at ./experiments/results/smc/VerifyPIN_3_HB+FTL+INL/VerifyPIN_3_HB+FTL+INL--C10--T10000--N2500000--ORC--query.q:2
 -- Formula is satisfied.
 -- Result: (1868057/2500000 runs) Pr(<> …) in [0.746684,0.747761] (95% CI)
Values in [1.9414350390434269e-05,78.618955010548234] mean=9.7989851868951749 steps=0.057512023113531721: 1114 1128 1162 1079 1142 1084 1144 1144 1198 1169 1162 1117 1083 1093 1096 1114 1110 1093 1109 1053 1132 1112 1091 1084 1095 1124 1112 1126 1170 1041 1158 1113 1104 1127 2679 7967 8047 8097 8039 8063 8077 7944 8142 7969 7948 8081 8153 8166 8052 8009 8311 8251 8080 8283 7971 8095 8197 8168 8126 8089 7953 7975 8024 8002 8033 7989 8027 7980 7976 7992 8224 8034 8080 8084 8103 7910 8014 8001 7846 8048 8207 7954 8140 8069 8072 7972 7955 8082 8028 8148 8013 8158 8000 8002 8060 7918 8059 7994 7976 7958 8041 8027 8062 7973 8064 8118 8001 7945 7989 8105 8005 8068 8034 8065 8122 8023 8083 7870 8014 8063 8131 8067 8181 7918 8070 8029 8065 8001 7933 7998 8023 8030 8044 7906 8154 7990 8143 8025 8157 8076 7953 7985 7981 8090 7971 7858 7948 7968 8064 8058 8024 7875 7931 8069 7980 7982 7972 8110 7995 7859 7852 8043 7981 8016 8028 7912 7986 7944 8117 7910 8176 8060 7987 8157 7961 8087 7888 8093 7988 8176 8194 8038 7954 8199 8018 8204 7936 7906 7935 8152 8227 8039 8155 8050 7923 7887 8064 8062 8040 8020 8012 7991 8238 7936 8059 7953 8040 8010 8153 8173 7978 8014 8051 8161 7962 8050 7870 8005 8196 8198 8060 8025 8128 8109 8022 8189 8275 7962 8133 8129 8000 8191 8101 8052 8040 7939 8026 7897 8113 8075 8253 8307 8177 3588 296 275 289 269 260 274 276 283 286 275 303 280 294 261 274 284 307 274 281 313 245 297 272 295 301 289 301 298 282 318 267 274 314 270 277 265 283 271 295 317 286 282 288 247 275 266 281 226 270 289 274 267 298 276 291 306 286 301 269 307 303 292 258 268 268 275 284 277 280 261 294 277 288 282 301 280 277 305 300 261 283 313 280 285 267 270 298 272 276 296 273 291 283 299 290 293 277 291 290 303 268 287 315 299 289 276 255 298 299 277 278 263 284 270 280 253 274 261 296 229 270 278 289 269 280 296 294 282 255 311 272 294 275 298 276 291 296 259 286 266 293 310 264 283 274 301 287 302 276 308 294 293 310 277 296 287 295 293 315 302 290 273 281 270 298 280 270 238 311 298 283 290 280 280 256 257 279 284 300 303 278 300 275 289 287 272 264 258 301 268 281 275 265 289 273 300 277 276 273 301 256 281 258 269 250 316 283 280 1117 1135 1114 1186 1162 1115 1195 1156 1191 1128 1129 1195 1173 1134 1164 1150 1148 1204 1145 1115 1175 1197 1129 1136 1130 1179 1062 1143 1184 1161 1113 1106 1194 1168 1087 0 0 0 0 0 0 0 0 0 0 0 0 0 0 0 0 0 0 0 0 0 0 0 0 0 0 0 0 0 0 0 0 0 0 0 0 0 0 0 0 0 0 0 0 0 0 0 0 0 0 0 0 138 149 176 155 154 150 141 155 158 139 186 160 174 160 162 144 167 167 183 161 140 169 169 143 160 139 153 143 157 151 162 156 172 159 148 158 166 181 152 165 162 183 152 156 158 164 156 167 137 160 164 145 20 0 0 0 0 0 0 0 0 0 0 0 0 0 0 0 0 3 7 6 5 3 8 3 10 6 4 5 4 6 4 7 4 5 3 1 5 4 3 3 4 3 6 8 5 6 2 4 4 3 7 5 3 2 5 3 4 4 12 6 2 8 6 5 4 4 3 5 1 3 1 2 5 5 2 4 4 2 2 6 5 8 1 6 2 6 6 2 2 2 9 3 3 8 6 5 6 3 6 8 3 4 2 2 7 2 4 3 6 3 5 4 4 5 1 4 9 4 7 5 4 4 5 5 4 6 3 7 3 7 4 4 6 4 7 8 4 6 7 1 4 5 8 3 8 1 8 7 1 2 8 7 6 4 8 3 5 6 4 4 2 4 4 4 6 8 5 3 3 8 6 4 3 5 6 6 2 4 5 9 2 6 6 3 5 7 4 2 5 1 4 2 2 2 3 3 5 5 6 3 3 4 2 2 5 1 6 3 6 1 3 4 4 4 3 4 3 3 3 5 7 4 3 5 2 3 1 0 0 0 0 0 0 0 0 0 0 0 0 0 0 0 0 0 0 0 0 0 0 0 0 0 0 0 0 0 0 0 0 0 0 0 0 0 0 0 0 0 0 0 0 0 0 0 0 0 0 0 0 0 0 0 0 0 0 0 0 0 0 0 0 0 0 0 0 0 0 0 0 0 0 0 0 0 0 0 0 0 0 0 0 0 0 674 807 791 794 796 826 816 820 798 801 783 751 803 848 801 805 819 807 798 863 779 820 839 812 863 797 852 810 778 812 780 781 790 801 799 815 809 865 826 824 832 787 831 775 851 843 795 878 804 826 821 773 256 0 0 0 0 0 0 0 0 0 0 0 0 0 0 0 0 0 0 0 0 0 0 0 0 0 0 0 0 0 0 0 0 0 0 0 0 0 0 0 1 0 0 0 0 0 0 0 0 0 0 0 0 0 0 0 0 0 0 0 0 0 0 0 0 0 0 0 0 0 0 0 0 0 0 0 0 0 0 1 0 0 1 0 0 0 0 0 0 0 0 0 0 0 0 0 0 0 0 0 0 0 0 0 0 0 0 0 0 0 0 0 0 0 0 0 0 0 0 0 0 0 0 0 0 0 0 0 0 0 0 0 0 0 0 0 0 0 0 0 0 0 0 0 0 0 0 0 0 0 0 0 0 0 0 0 0 0 0 0 0 0 0 0 0 0 0 0 0 0 0 0 0 0 0 0 0 0 0 0 0 0 0 0 0 0 0 0 0 0 0 0 0 0 0 0 0 0 0 0 0 0 0 0 0 0 0 0 0 0 0 0 0 0 0 0 0 0 0 0 0 0 0 0 0 0 0 0 0 0 0 0 0 0 0 0 0 0 0 0 0 0 0 0 0 0 0 0 0 0 0 0 0 0 0 0 0 0 0 0 0 0 0 0 0 0 0 0 0 0 0 0 0 0 0 0 0 0 0 0 0 0 0 0 0 0 0 0 0 0 0 0 0 0 0 0 0 0 0 0 0 0 0 0 0 0 0 0 0 0 0 0 0 0 0 0 0 0 0 0 0 0 0 0 0 0 0 0 0 0 0 0 0 0 0 0 0 0 0 0 0 0 0 0 0 0 0 0 0 0 0 0 0 0 0 0 0 0 0 0 0 0 0 0 0 0 0 0 0 0 0 0 0 0 0 0 0 0 0 0 0 0 0 0 0 0 0 0 0 0 0 0 0 0 0 0 0 0 0 0 0 0 0 0 0 0 0 0 0 0 1
 -- States explored : 0 states
 -- CPU user time used : 234171 ms
 -- Virtual memory used : 76592 KiB
 -- Resident memory used : 37252 KiB

Verifying formula 3 at ./experiments/results/smc/VerifyPIN_3_HB+FTL+INL/VerifyPIN_3_HB+FTL+INL--C10--T10000--N2500000--ORC--query.q:3
 -- Formula is satisfied.
 -- Result: (0/2500000 runs) Pr(<> …) in [0,1.47555e-06] (95% CI)
 -- States explored : 0 states
 -- CPU user time used : 248125 ms
 -- Virtual memory used : 76592 KiB
 -- Resident memory used : 37252 KiB
