Options for the verification:
  Generating no trace
  Search order is breadth first
  Using conservative space optimisation
  Seed is 1742945594
  State space representation uses minimal constraint systems with future testing
  Using HashMap + Compress integers for discrete state storage

Verifying formula 1 at ./experiments/results/smc/VerifyPIN_3_HB+FTL+INL/VerifyPIN_3_HB+FTL+INL--F5--C10--T10000--N100000--IS--query.q:1
 -- Formula is satisfied.
 -- Result: (46844/100000 runs) Pr(<> …) in [0.465343,0.471539] (95% CI)
Values in [44,751] mean=487.6027239347622 steps=3.2580645161290325: 296 0 0 440 0 0 67 67 0 0 0 0 0 0 0 0 0 0 0 0 0 0 0 0 0 0 0 0 0 0 0 0 0 4 19 12 555 3489 1413 411 1365 1707 1397 140 897 663 36 214 92 8 8 0 0 0 0 0 0 0 0 0 0 0 0 0 0 0 0 0 0 2 9 1 1 9 2 3 1 3 0 2 0 1 0 0 0 0 0 0 0 0 0 0 0 0 0 0 0 0 0 0 0 0 0 0 0 0 0 0 0 0 0 0 0 0 0 0 0 0 0 0 0 0 0 0 0 0 0 0 0 0 0 0 0 0 0 0 0 0 0 0 0 0 0 0 0 0 0 0 0 0 0 0 0 0 0 0 0 0 0 0 0 0 0 0 0 3 1 342 208 241 3054 2270 3402 2369 7620 4051 2737 2133 2325 1428 273 73 359 0 0 0 0 0 0 0 0 0 0 0 0 0 0 0 0 1 1 25 19 19 16 120 69 48 86 54 41 39 19 42 7 5 10 0
 -- States explored : 0 states
 -- CPU user time used : 12850 ms
 -- Virtual memory used : 57724 KiB
 -- Resident memory used : 16896 KiB

Verifying formula 2 at ./experiments/results/smc/VerifyPIN_3_HB+FTL+INL/VerifyPIN_3_HB+FTL+INL--F5--C10--T10000--N100000--IS--query.q:2
 -- Formula is satisfied.
 -- Result: (53664/100000 runs) Pr(<> …) in [0.533543,0.539735] (95% CI)
Values in [0.00078436732292175304,153.3977384949103] mean=25.505303941713795 steps=0.66119376779132499: 1373 1378 1363 1384 1328 1386 1387 1372 1423 1375 1349 1338 1423 1442 1419 1375 1378 1397 184 0 0 0 0 0 0 0 0 0 0 0 0 0 0 0 0 0 0 0 0 0 0 0 0 0 0 0 0 0 0 0 0 0 130 2004 2583 3102 3120 2322 1535 530 825 1002 568 514 556 12 0 0 0 0 0 994 1280 1526 1626 1269 773 344 343 511 317 254 240 48 0 0 0 0 0 0 0 0 0 0 0 0 0 0 0 0 0 0 0 0 0 0 0 0 0 0 0 0 0 0 0 0 0 0 0 0 0 0 0 0 0 0 0 0 0 0 0 0 0 0 0 0 0 0 0 0 0 0 0 0 0 0 0 0 0 0 0 0 0 0 0 0 0 0 0 0 0 0 0 0 0 0 0 0 0 0 2 7 15 19 4 1 1 1 0 0 2 2 0 1 2 4 10 8 12 10 14 7 4 3 2 8 12 12 6 6 7 1 1 5 2 2 5 3 4 5 5 3 5 8 7 7 2 2 1 3 0 1 0 0 0 0 0 3 0 2 1 2
 -- States explored : 0 states
 -- CPU user time used : 12670 ms
 -- Virtual memory used : 58092 KiB
 -- Resident memory used : 17468 KiB

Verifying formula 3 at ./experiments/results/smc/VerifyPIN_3_HB+FTL+INL/VerifyPIN_3_HB+FTL+INL--F5--C10--T10000--N100000--IS--query.q:3
 -- Formula is satisfied.
 -- Result: (1412/100000 runs) Pr(<> …) in [0.0133978,0.0148705] (95% CI)
Values in [164,187] mean=170.01983002832861 steps=0.60526315789473684: 47 108 0 254 196 0 251 0 107 0 0 0 0 0 8 0 28 0 78 129 0 127 0 47 0 0 0 0 0 0 0 1 0 4 11 0 8 0 8
 -- States explored : 0 states
 -- CPU user time used : 13613 ms
 -- Virtual memory used : 58092 KiB
 -- Resident memory used : 17468 KiB
