Options for the verification:
  Generating no trace
  Search order is breadth first
  Using conservative space optimisation
  Seed is 1742950054
  State space representation uses minimal constraint systems with future testing
  Using HashMap + Compress integers for discrete state storage

Verifying formula 1 at ./experiments/results/smc/VerifyPIN_3_HB+FTL+INL/VerifyPIN_3_HB+FTL+INL--F5--C10--T10000--N100000--SC--query.q:1
 -- Formula is satisfied.
 -- Result: (100000/100000 runs) Pr(<> …) in [0.999963,1] (95% CI)
Values in [648,648] mean=648 steps=2.2204460492503131e-16: 100000
 -- States explored : 0 states
 -- CPU user time used : 78070 ms
 -- Virtual memory used : 57660 KiB
 -- Resident memory used : 17132 KiB

Verifying formula 2 at ./experiments/results/smc/VerifyPIN_3_HB+FTL+INL/VerifyPIN_3_HB+FTL+INL--F5--C10--T10000--N100000--SC--query.q:2
 -- Formula is satisfied.
 -- Result: (0/100000 runs) Pr(<> …) in [0,3.68881e-05] (95% CI)
 -- States explored : 0 states
 -- CPU user time used : 78052 ms
 -- Virtual memory used : 57660 KiB
 -- Resident memory used : 17132 KiB

Verifying formula 3 at ./experiments/results/smc/VerifyPIN_3_HB+FTL+INL/VerifyPIN_3_HB+FTL+INL--F5--C10--T10000--N100000--SC--query.q:3
 -- Formula is satisfied.
 -- Result: (0/100000 runs) Pr(<> …) in [0,3.68881e-05] (95% CI)
 -- States explored : 0 states
 -- CPU user time used : 79703 ms
 -- Virtual memory used : 57660 KiB
 -- Resident memory used : 17132 KiB
