Options for the verification:
  Generating no trace
  Search order is breadth first
  Using conservative space optimisation
  Seed is 1742906140
  State space representation uses minimal constraint systems with future testing
  Using HashMap + Compress integers for discrete state storage

Verifying formula 1 at ./experiments/results/smc/VerifyPIN_3_HB+FTL+INL/VerifyPIN_3_HB+FTL+INL--F1--C10--T10000--N100000--IS--query.q:1
 -- Formula is satisfied.
 -- Result: (65549/100000 runs) Pr(<> …) in [0.652535,0.658436] (95% CI)
Values in [68,647] mean=634.95426322293247 steps=2.2529182879377432: 286 0 0 0 0 0 0 0 0 0 0 0 0 0 0 0 0 0 0 0 0 0 0 0 0 0 0 0 0 0 0 0 0 0 0 0 0 0 0 0 0 0 0 0 0 0 0 0 0 0 0 2 0 0 0 0 0 0 0 0 0 0 0 0 0 0 0 0 0 0 0 0 0 0 0 0 0 0 0 0 0 0 0 0 0 0 0 0 0 0 0 0 0 0 0 0 0 0 0 0 0 0 0 0 0 0 0 0 0 0 0 0 0 0 0 0 0 0 0 0 0 0 0 0 0 0 0 0 0 0 0 0 0 0 0 0 0 0 0 0 0 0 0 0 0 0 0 0 0 0 0 0 0 0 0 0 0 0 0 0 0 0 0 0 0 0 0 0 0 0 0 0 0 0 0 0 0 0 0 0 0 0 0 0 0 0 0 0 0 0 0 0 0 0 0 0 0 0 0 0 0 0 0 0 0 0 0 0 0 0 0 0 0 0 0 0 0 0 0 0 0 0 0 0 0 0 0 0 0 0 0 0 0 0 0 0 0 0 0 0 0 0 0 0 0 0 0 0 0 1 0 0 56163 0 0 0 3859 5238
 -- States explored : 0 states
 -- CPU user time used : 19525 ms
 -- Virtual memory used : 57220 KiB
 -- Resident memory used : 16756 KiB

Verifying formula 2 at ./experiments/results/smc/VerifyPIN_3_HB+FTL+INL/VerifyPIN_3_HB+FTL+INL--F1--C10--T10000--N100000--IS--query.q:2
 -- Formula is satisfied.
 -- Result: (34606/100000 runs) Pr(<> …) in [0.343111,0.349018] (95% CI)
Values in [0.00050821714103221904,52.99988954118453] mean=18.519136625309393 steps=0.28341915146547331: 605 590 582 581 588 620 568 582 623 562 572 572 607 565 599 622 612 632 601 595 591 581 567 558 575 575 645 610 617 571 600 580 563 641 617 572 622 576 579 580 605 591 194 0 0 0 0 0 0 0 0 0 0 0 0 0 0 0 0 0 0 0 0 0 0 0 0 0 0 0 0 0 0 0 0 0 0 0 0 0 0 0 0 0 0 0 0 0 0 0 0 0 0 0 0 0 0 0 0 0 0 0 0 0 0 0 0 0 0 0 0 0 0 0 0 0 0 0 0 0 0 0 0 0 0 0 0 0 0 0 0 0 0 0 0 0 0 0 0 0 0 0 0 0 0 0 0 0 0 0 0 0 0 0 0 0 0 0 0 0 0 0 0 0 0 0 0 0 0 0 0 0 0 0 0 0 500 924 916 881 903 903 888 905 896 911 891
 -- States explored : 0 states
 -- CPU user time used : 19470 ms
 -- Virtual memory used : 58240 KiB
 -- Resident memory used : 17844 KiB

Verifying formula 3 at ./experiments/results/smc/VerifyPIN_3_HB+FTL+INL/VerifyPIN_3_HB+FTL+INL--F1--C10--T10000--N100000--IS--query.q:3
 -- Formula is satisfied.
 -- Result: (0/100000 runs) Pr(<> …) in [0,3.68881e-05] (95% CI)
 -- States explored : 0 states
 -- CPU user time used : 20567 ms
 -- Virtual memory used : 58240 KiB
 -- Resident memory used : 17844 KiB
