Options for the verification:
  Generating no trace
  Search order is breadth first
  Using conservative space optimisation
  Seed is 1742937551
  State space representation uses minimal constraint systems with future testing
  Using HashMap + Compress integers for discrete state storage

Verifying formula 1 at ./experiments/results/smc/VerifyPIN_3_HB+FTL+INL/VerifyPIN_3_HB+FTL+INL--F4--C10--T10000--N100000--ORC--query.q:1
 -- Formula is satisfied.
 -- Result: (3537/100000 runs) Pr(<> …) in [0.0342336,0.0365334] (95% CI)
Values in [80,648] mean=532.73847893695222 steps=9.4666666666666668: 140 0 0 0 0 0 0 0 0 0 0 14 617 89 0 0 0 0 0 0 0 0 0 1 0 1 0 0 0 0 0 0 0 0 0 0 11 0 0 0 0 0 0 0 0 0 0 0 11 0 0 0 0 0 0 0 0 0 17 17 2619
 -- States explored : 0 states
 -- CPU user time used : 7483 ms
 -- Virtual memory used : 57024 KiB
 -- Resident memory used : 16008 KiB

Verifying formula 2 at ./experiments/results/smc/VerifyPIN_3_HB+FTL+INL/VerifyPIN_3_HB+FTL+INL--F4--C10--T10000--N100000--ORC--query.q:2
 -- Formula is satisfied.
 -- Result: (96411/100000 runs) Pr(<> …) in [0.962939,0.965254] (95% CI)
Values in [0.0016274983063340191,631.71934943646193] mean=17.323948897461278 steps=2.0312466943349059: 1708 11503 11309 11320 11405 11259 10359 1512 1496 1491 1480 1509 1450 1139 0 1244 1337 49 55 44 44 57 55 4 0 3607 8771 696 162 115 86 86 92 62 49 26 106 139 108 104 88 101 0 0 1 3 1 1 1 1 2 3 12 19 25 22 19 28 18 6 0 0 0 0 0 0 0 0 0 0 0 0 1 1 0 0 0 1 0 0 0 0 0 0 0 2 1 2 1 0 0 0 0 0 0 0 0 0 0 0 0 0 0 0 0 0 0 0 0 0 0 0 0 0 0 0 0 0 0 0 0 0 0 0 0 0 0 0 0 0 0 0 0 0 0 0 0 0 0 0 0 0 0 0 0 0 0 0 0 0 0 0 0 0 0 0 0 0 0 0 0 0 0 0 0 0 0 0 0 0 0 0 0 0 0 0 0 0 0 0 0 0 0 0 0 0 0 0 0 0 0 0 0 0 0 0 0 0 0 0 0 0 0 0 0 0 0 0 0 0 0 0 0 0 0 0 0 0 0 0 0 0 0 0 0 0 0 0 0 0 0 0 0 0 0 0 0 0 0 0 0 0 0 0 0 0 0 0 0 0 0 0 0 0 0 0 0 0 0 0 0 0 0 0 0 0 0 0 0 0 0 0 0 0 0 0 0 0 0 0 0 0 0 0 0 0 0 0 0 0 0 0 0 0 0 0 0 0 0 0 0 0 0 0 0 0 1 1 1 5 5
 -- States explored : 0 states
 -- CPU user time used : 7404 ms
 -- Virtual memory used : 57864 KiB
 -- Resident memory used : 17232 KiB

Verifying formula 3 at ./experiments/results/smc/VerifyPIN_3_HB+FTL+INL/VerifyPIN_3_HB+FTL+INL--F4--C10--T10000--N100000--ORC--query.q:3
 -- Formula is satisfied.
 -- Result: (10/100000 runs) Pr(<> …) in [4.79549e-05,0.000183896] (95% CI)
Values in [190,197] mean=191.40000000000001 steps=1.75: 8 0 0 0 2
 -- States explored : 0 states
 -- CPU user time used : 7670 ms
 -- Virtual memory used : 57864 KiB
 -- Resident memory used : 17232 KiB
