Options for the verification:
  Generating no trace
  Search order is breadth first
  Using conservative space optimisation
  Seed is 1742921990
  State space representation uses minimal constraint systems with future testing
  Using HashMap + Compress integers for discrete state storage

Verifying formula 1 at ./experiments/results/smc/VerifyPIN_3_HB+FTL+INL/VerifyPIN_3_HB+FTL+INL--F2--C10--T10000--N100000--ORC--query.q:1
 -- Formula is satisfied.
 -- Result: (11533/100000 runs) Pr(<> …) in [0.113356,0.117326] (95% CI)
Values in [80,648] mean=645.98309199687856 steps=5.2592592592592595: 35 0 0 0 0 0 0 0 0 0 0 0 0 0 0 0 0 0 0 0 0 0 4 0 3 0 0 0 0 0 0 0 0 0 0 0 0 0 0 0 0 0 0 0 0 0 0 0 0 0 0 0 0 0 0 0 0 0 0 0 0 0 0 0 0 0 0 0 0 0 0 0 0 0 0 0 0 0 0 0 0 0 0 0 0 0 1 0 0 0 0 0 0 0 0 0 0 0 0 0 0 0 0 0 0 0 13 5 11472
 -- States explored : 0 states
 -- CPU user time used : 7551 ms
 -- Virtual memory used : 57276 KiB
 -- Resident memory used : 16120 KiB

Verifying formula 2 at ./experiments/results/smc/VerifyPIN_3_HB+FTL+INL/VerifyPIN_3_HB+FTL+INL--F2--C10--T10000--N100000--ORC--query.q:2
 -- Formula is satisfied.
 -- Result: (88535/100000 runs) Pr(<> …) in [0.883359,0.887318] (95% CI)
Values in [0.003474950324743987,632.79557981342077] mean=14.117215875977115 steps=2.1234634391379066: 2215 12012 11811 11914 11860 11778 7705 1486 1555 1597 1589 1525 1437 229 463 1046 18 28 20 21 24 33 3 0 2988 5132 6 3 5 4 7 2 2 0 0 0 0 0 0 1 0 0 0 0 0 0 0 0 0 0 0 0 0 0 0 0 0 0 0 0 0 0 0 0 0 0 0 0 0 0 0 0 0 0 0 0 0 0 0 0 0 0 0 0 0 0 0 0 0 0 0 0 0 0 0 0 0 0 0 0 0 0 0 0 0 0 0 0 0 0 0 0 0 0 0 0 0 0 0 0 0 0 0 0 0 0 0 0 0 0 0 0 0 0 0 0 0 0 0 0 0 0 0 0 0 0 0 0 0 0 0 0 0 0 0 0 0 0 0 0 0 0 0 0 0 0 0 0 0 0 0 0 0 0 0 0 0 0 0 0 0 0 0 0 0 0 0 0 0 0 0 0 0 0 0 0 0 0 0 0 0 0 0 0 0 0 0 0 0 0 0 0 0 0 0 0 0 0 0 0 0 0 0 0 0 0 0 0 0 0 0 0 0 0 0 0 0 0 0 0 0 0 0 0 0 0 0 0 0 0 0 0 0 0 0 0 0 0 0 0 0 0 0 0 0 0 0 0 0 0 0 0 0 0 0 0 0 0 0 0 0 0 0 0 0 0 0 0 0 0 0 0 0 5 1 3 4 3
 -- States explored : 0 states
 -- CPU user time used : 7509 ms
 -- Virtual memory used : 57820 KiB
 -- Resident memory used : 17580 KiB

Verifying formula 3 at ./experiments/results/smc/VerifyPIN_3_HB+FTL+INL/VerifyPIN_3_HB+FTL+INL--F2--C10--T10000--N100000--ORC--query.q:3
 -- Formula is satisfied.
 -- Result: (0/100000 runs) Pr(<> …) in [0,3.68881e-05] (95% CI)
 -- States explored : 0 states
 -- CPU user time used : 7743 ms
 -- Virtual memory used : 57820 KiB
 -- Resident memory used : 17580 KiB
