Options for the verification:
  Generating no trace
  Search order is breadth first
  Using conservative space optimisation
  Seed is 1742929975
  State space representation uses minimal constraint systems with future testing
  Using HashMap + Compress integers for discrete state storage

Verifying formula 1 at ./experiments/results/smc/VerifyPIN_3_HB+FTL+INL/VerifyPIN_3_HB+FTL+INL--F3--C10--T10000--N100000--ORC--query.q:1
 -- Formula is satisfied.
 -- Result: (4818/100000 runs) Pr(<> …) in [0.0468609,0.0495254] (95% CI)
Values in [80,648] mean=618.34910751349105 steps=8.1142857142857139: 108 0 0 0 0 0 0 0 0 0 0 0 0 3 158 0 18 0 0 0 0 0 0 0 0 0 0 0 0 0 0 0 0 0 0 0 0 0 0 0 0 0 2 0 0 0 0 0 0 0 0 0 0 0 0 0 2 0 0 0 0 0 0 0 0 0 0 0 30 10 4487
 -- States explored : 0 states
 -- CPU user time used : 6943 ms
 -- Virtual memory used : 57028 KiB
 -- Resident memory used : 16004 KiB

Verifying formula 2 at ./experiments/results/smc/VerifyPIN_3_HB+FTL+INL/VerifyPIN_3_HB+FTL+INL--F3--C10--T10000--N100000--ORC--query.q:2
 -- Formula is satisfied.
 -- Result: (95168/100000 runs) Pr(<> …) in [0.950333,0.953001] (95% CI)
Values in [0.0027187215164303784,633.54338022042066] mean=16.671980607548768 steps=2.0502934029090758: 1876 11476 11377 11518 11604 11405 9763 1515 1578 1538 1494 1453 1449 1010 0 1532 1023 50 44 37 35 42 35 0 0 5609 7289 28 64 31 36 29 17 10 10 7 21 23 26 31 20 10 0 0 0 0 0 0 0 0 0 1 1 0 3 2 3 3 3 0 0 0 0 0 0 0 0 0 0 0 0 0 0 0 0 0 0 0 0 0 0 0 0 0 0 1 1 1 0 0 0 0 0 0 0 0 0 0 0 0 0 0 0 0 0 0 0 0 0 0 0 0 0 0 0 0 0 0 0 0 0 0 0 0 0 0 0 0 0 0 0 0 0 0 0 0 0 0 0 0 0 0 0 0 0 0 0 0 0 0 0 0 0 0 0 0 0 0 0 0 0 0 0 0 0 0 0 0 0 0 0 0 0 0 0 0 0 0 0 0 0 0 0 0 0 0 0 0 0 0 0 0 0 0 0 0 0 0 0 0 0 0 0 0 0 0 0 0 0 0 0 0 0 0 0 0 0 0 0 0 0 0 0 0 0 0 0 0 0 0 0 0 0 0 0 0 0 0 0 0 0 0 0 0 0 0 0 0 0 0 0 0 0 0 0 0 0 0 0 0 0 0 0 0 0 0 0 0 0 0 0 0 0 0 0 0 0 0 0 0 0 0 0 0 0 0 0 0 0 0 0 0 0 0 0 0 0 0 0 0 0 0 0 4 0 9 5 8 8
 -- States explored : 0 states
 -- CPU user time used : 6924 ms
 -- Virtual memory used : 57816 KiB
 -- Resident memory used : 17316 KiB

Verifying formula 3 at ./experiments/results/smc/VerifyPIN_3_HB+FTL+INL/VerifyPIN_3_HB+FTL+INL--F3--C10--T10000--N100000--ORC--query.q:3
 -- Formula is satisfied.
 -- Result: (2/100000 runs) Pr(<> …) in [2.4221e-06,7.2245e-05] (95% CI)
Values in [190,190] mean=190 steps=2.2204460492503131e-16: 2
 -- States explored : 0 states
 -- CPU user time used : 7196 ms
 -- Virtual memory used : 57816 KiB
 -- Resident memory used : 17316 KiB
