Options for the verification:
  Generating no trace
  Search order is breadth first
  Using conservative space optimisation
  Seed is 1743037472
  State space representation uses minimal constraint systems with future testing
  Using HashMap + Compress integers for discrete state storage

Verifying formula 1 at ./experiments/results/symbolic/VerifyPIN_3_HB+FTL+INL/VerifyPIN_3_HB+FTL+INL--F2--C100--T--N--SC--query.q:1
 -- Formula is satisfied.
 -- States explored : 0 states
 -- CPU user time used : 3637151 ms
 -- Virtual memory used : 24862844 KiB
 -- Resident memory used : 24819284 KiB

Verifying formula 2 at ./experiments/results/symbolic/VerifyPIN_3_HB+FTL+INL/VerifyPIN_3_HB+FTL+INL--F2--C100--T--N--SC--query.q:2
 -- Formula is satisfied.
 -- States stored : 23788893 states
 -- States explored : 22946055 states
 -- CPU user time used : 235021 ms
 -- Virtual memory used : 24993920 KiB
 -- Resident memory used : 24950364 KiB
