Options for the verification:
  Generating no trace
  Search order is breadth first
  Using conservative space optimisation
  Seed is 1743030958
  State space representation uses minimal constraint systems with future testing
  Using HashMap + Compress integers for discrete state storage

Verifying formula 1 at ./experiments/results/symbolic/VerifyPIN_3_HB+FTL+INL/VerifyPIN_3_HB+FTL+INL--F2--C100--T--N--IS--query.q:1
 -- Formula is satisfied.
 -- States explored : 0 states
 -- CPU user time used : 263 ms
 -- Virtual memory used : 67428 KiB
 -- Resident memory used : 24744 KiB

Verifying formula 2 at ./experiments/results/symbolic/VerifyPIN_3_HB+FTL+INL/VerifyPIN_3_HB+FTL+INL--F2--C100--T--N--IS--query.q:2
 -- Formula is satisfied.
 -- States stored : 27409 states
 -- States explored : 27961 states
 -- CPU user time used : 177 ms
 -- Virtual memory used : 71808 KiB
 -- Resident memory used : 28840 KiB
