Options for the verification:
  Generating no trace
  Search order is breadth first
  Using conservative space optimisation
  Seed is 1743028826
  State space representation uses minimal constraint systems with future testing
  Using HashMap + Compress integers for discrete state storage

Verifying formula 1 at ./experiments/results/symbolic/VerifyPIN_3_HB+FTL+INL/VerifyPIN_3_HB+FTL+INL--F1--C100--T--N--SC--query.q:1
 -- Formula is satisfied.
 -- States explored : 0 states
 -- CPU user time used : 17434 ms
 -- Virtual memory used : 163928 KiB
 -- Resident memory used : 120392 KiB

Verifying formula 2 at ./experiments/results/symbolic/VerifyPIN_3_HB+FTL+INL/VerifyPIN_3_HB+FTL+INL--F1--C100--T--N--SC--query.q:2
 -- Formula is satisfied.
 -- States stored : 332293 states
 -- States explored : 330339 states
 -- CPU user time used : 3094 ms
 -- Virtual memory used : 163928 KiB
 -- Resident memory used : 120392 KiB
