Options for the verification:
  Generating no trace
  Search order is breadth first
  Using conservative space optimisation
  Seed is 1743028768
  State space representation uses minimal constraint systems with future testing
  Using HashMap + Compress integers for discrete state storage

Verifying formula 1 at ./experiments/results/symbolic/VerifyPIN_3_HB+FTL+INL/VerifyPIN_3_HB+FTL+INL--F1--C100--T--N--ORC--query.q:1
 -- Formula is satisfied.
 -- States explored : 0 states
 -- CPU user time used : 979 ms
 -- Virtual memory used : 111324 KiB
 -- Resident memory used : 69352 KiB

Verifying formula 2 at ./experiments/results/symbolic/VerifyPIN_3_HB+FTL+INL/VerifyPIN_3_HB+FTL+INL--F1--C100--T--N--ORC--query.q:2
 -- Formula is satisfied.
 -- States stored : 28212 states
 -- States explored : 27969 states
 -- CPU user time used : 156 ms
 -- Virtual memory used : 115120 KiB
 -- Resident memory used : 73064 KiB
