Options for the verification:
  Generating no trace
  Search order is breadth first
  Using conservative space optimisation
  Seed is 1743028788
  State space representation uses minimal constraint systems with future testing
  Using HashMap + Compress integers for discrete state storage

Verifying formula 1 at ./experiments/results/symbolic/VerifyPIN_7_HB+FTL+INL+DPTC+DT+SC/VerifyPIN_7_HB+FTL+INL+DPTC+DT+SC--F1--C100--T--N--IS--query.q:1
 -- Formula is satisfied.
 -- States explored : 0 states
 -- CPU user time used : 162 ms
 -- Virtual memory used : 71580 KiB
 -- Resident memory used : 29088 KiB

Verifying formula 2 at ./experiments/results/symbolic/VerifyPIN_7_HB+FTL+INL+DPTC+DT+SC/VerifyPIN_7_HB+FTL+INL+DPTC+DT+SC--F1--C100--T--N--IS--query.q:2
 -- Formula is NOT satisfied.
 -- States stored : 14320 states
 -- States explored : 14511 states
 -- CPU user time used : 162 ms
 -- Virtual memory used : 75680 KiB
 -- Resident memory used : 33184 KiB
