Options for the verification:
  Generating no trace
  Search order is breadth first
  Using conservative space optimisation
  Seed is 1743028795
  State space representation uses minimal constraint systems with future testing
  Using HashMap + Compress integers for discrete state storage

Verifying formula 1 at ./experiments/results/symbolic/VerifyPIN_1_HB/VerifyPIN_1_HB--F1--C100--T--N--SC--query.q:1
 -- Formula is satisfied.
 -- States explored : 0 states
 -- CPU user time used : 9669 ms
 -- Virtual memory used : 108132 KiB
 -- Resident memory used : 65440 KiB

Verifying formula 2 at ./experiments/results/symbolic/VerifyPIN_1_HB/VerifyPIN_1_HB--F1--C100--T--N--SC--query.q:2
 -- Formula is satisfied.
 -- States stored : 362960 states
 -- States explored : 360926 states
 -- CPU user time used : 3343 ms
 -- Virtual memory used : 108132 KiB
 -- Resident memory used : 65692 KiB
