Options for the verification:
  Generating no trace
  Search order is breadth first
  Using conservative space optimisation
  Seed is 1743029046
  State space representation uses minimal constraint systems with future testing
  Using HashMap + Compress integers for discrete state storage

Verifying formula 1 at ./experiments/results/symbolic/VerifyPIN_1_HB/VerifyPIN_1_HB--F2--C100--T--N--ORC--query.q:1
 -- Formula is satisfied.
 -- States explored : 0 states
 -- CPU user time used : 19136 ms
 -- Virtual memory used : 1008336 KiB
 -- Resident memory used : 965652 KiB

Verifying formula 2 at ./experiments/results/symbolic/VerifyPIN_1_HB/VerifyPIN_1_HB--F2--C100--T--N--ORC--query.q:2
 -- Formula is satisfied.
 -- States stored : 464219 states
 -- States explored : 455615 states
 -- CPU user time used : 2724 ms
 -- Virtual memory used : 1008336 KiB
 -- Resident memory used : 965780 KiB
