Options for the verification:
  Generating no trace
  Search order is breadth first
  Using conservative space optimisation
  Seed is 1743031665
  State space representation uses minimal constraint systems with future testing
  Using HashMap + Compress integers for discrete state storage

Verifying formula 1 at ./experiments/results/symbolic/VerifyPIN_1_HB/VerifyPIN_1_HB--F2--C100--T--N--SC--query.q:1
 -- Formula is satisfied.
 -- States explored : 0 states
 -- CPU user time used : 1894965 ms
 -- Virtual memory used : 13482744 KiB
 -- Resident memory used : 13440284 KiB

Verifying formula 2 at ./experiments/results/symbolic/VerifyPIN_1_HB/VerifyPIN_1_HB--F2--C100--T--N--SC--query.q:2
 -- Formula is satisfied.
 -- States stored : 35355431 states
 -- States explored : 34335459 states
 -- CPU user time used : 361476 ms
 -- Virtual memory used : 13744892 KiB
 -- Resident memory used : 13702564 KiB
