Options for the verification:
  Generating no trace
  Search order is breadth first
  Using conservative space optimisation
  Seed is 1743075732
  State space representation uses minimal constraint systems with future testing
  Using HashMap + Compress integers for discrete state storage

Verifying formula 1 at ./experiments/results/symbolic/VerifyPIN_1_HB/VerifyPIN_1_HB--F3--C100--T--N--IS--query.q:1
 -- Formula is satisfied.
 -- States explored : 0 states
 -- CPU user time used : 296 ms
 -- Virtual memory used : 68348 KiB
 -- Resident memory used : 26080 KiB

Verifying formula 2 at ./experiments/results/symbolic/VerifyPIN_1_HB/VerifyPIN_1_HB--F3--C100--T--N--IS--query.q:2
 -- Formula is satisfied.
 -- States stored : 3898 states
 -- States explored : 3906 states
 -- CPU user time used : 22 ms
 -- Virtual memory used : 72192 KiB
 -- Resident memory used : 29664 KiB
