Options for the verification:
  Generating no trace
  Search order is breadth first
  Using conservative space optimisation
  Seed is 1743028765
  State space representation uses minimal constraint systems with future testing
  Using HashMap + Compress integers for discrete state storage

Verifying formula 1 at ./experiments/results/symbolic/VerifyPIN_1_HB/VerifyPIN_1_HB--F1--C100--T--N--ORC--query.q:1
 -- Formula is satisfied.
 -- States explored : 0 states
 -- CPU user time used : 336 ms
 -- Virtual memory used : 77644 KiB
 -- Resident memory used : 34804 KiB

Verifying formula 2 at ./experiments/results/symbolic/VerifyPIN_1_HB/VerifyPIN_1_HB--F1--C100--T--N--ORC--query.q:2
 -- Formula is satisfied.
 -- States stored : 33402 states
 -- States explored : 33077 states
 -- CPU user time used : 184 ms
 -- Virtual memory used : 81280 KiB
 -- Resident memory used : 38388 KiB
