Options for the verification:
  Generating no trace
  Search order is breadth first
  Using conservative space optimisation
  Seed is 1743069173
  State space representation uses minimal constraint systems with future testing
  Using HashMap + Compress integers for discrete state storage

Verifying formula 1 at ./experiments/results/symbolic/VerifyPIN_1_HB/VerifyPIN_1_HB--F3--C100--T--N--ORC--query.q:1
 -- Formula is satisfied.
 -- States explored : 0 states
 -- CPU user time used : 142880 ms
 -- Virtual memory used : 5993988 KiB
 -- Resident memory used : 5951520 KiB

Verifying formula 2 at ./experiments/results/symbolic/VerifyPIN_1_HB/VerifyPIN_1_HB--F3--C100--T--N--ORC--query.q:2
 -- Formula is satisfied.
 -- States stored : 1557535 states
 -- States explored : 1765346 states
 -- CPU user time used : 13390 ms
 -- Virtual memory used : 5993988 KiB
 -- Resident memory used : 5951520 KiB
