Options for the verification:
  Generating no trace
  Search order is breadth first
  Using conservative space optimisation
  Seed is 1743028787
  State space representation uses minimal constraint systems with future testing
  Using HashMap + Compress integers for discrete state storage

Verifying formula 1 at ./experiments/results/symbolic/VerifyPIN_1_HB/VerifyPIN_1_HB--F1--C100--T--N--IS--query.q:1
 -- Formula is satisfied.
 -- States explored : 0 states
 -- CPU user time used : 20 ms
 -- Virtual memory used : 60240 KiB
 -- Resident memory used : 17552 KiB

Verifying formula 2 at ./experiments/results/symbolic/VerifyPIN_1_HB/VerifyPIN_1_HB--F1--C100--T--N--IS--query.q:2
 -- Formula is satisfied.
 -- States stored : 1213 states
 -- States explored : 1227 states
 -- CPU user time used : 8 ms
 -- Virtual memory used : 65028 KiB
 -- Resident memory used : 21264 KiB
