Options for the verification:
  Generating no trace
  Search order is breadth first
  Using conservative space optimisation
  Seed is 1743095979
  State space representation uses minimal constraint systems with future testing
  Using HashMap + Compress integers for discrete state storage

Verifying formula 1 at ./experiments/results/reachability-symbolic/VerifyPIN_5_HB+FTL+DPTC+DC/VerifyPIN_5_HB+FTL+DPTC+DC--F1--C100--IS--query.q:1
 -- Formula is satisfied.
 -- States explored : 0 states
 -- CPU user time used : 70 ms
 -- Virtual memory used : 65272 KiB
 -- Resident memory used : 22332 KiB

Verifying formula 2 at ./experiments/results/reachability-symbolic/VerifyPIN_5_HB+FTL+DPTC+DC/VerifyPIN_5_HB+FTL+DPTC+DC--F1--C100--IS--query.q:2
 -- Formula is NOT satisfied.
 -- States stored : 7429 states
 -- States explored : 7558 states
 -- CPU user time used : 67 ms
 -- Virtual memory used : 70076 KiB
 -- Resident memory used : 26556 KiB
