Options for the verification:
  Generating no trace
  Search order is breadth first
  Using conservative space optimisation
  Seed is 1743096913
  State space representation uses minimal constraint systems with future testing
  Using HashMap + Compress integers for discrete state storage

Verifying formula 1 at ./experiments/results/reachability-symbolic/VerifyPIN_5_HB+FTL+DPTC+DC/VerifyPIN_5_HB+FTL+DPTC+DC--F2--C100--ORC--query.q:1
 -- Formula is satisfied.
 -- States explored : 0 states
 -- CPU user time used : 206360 ms
 -- Virtual memory used : 13561936 KiB
 -- Resident memory used : 13518940 KiB

Verifying formula 2 at ./experiments/results/reachability-symbolic/VerifyPIN_5_HB+FTL+DPTC+DC/VerifyPIN_5_HB+FTL+DPTC+DC--F2--C100--ORC--query.q:2
 -- Formula is satisfied.
 -- States stored : 4201505 states
 -- States explored : 4190510 states
 -- CPU user time used : 39185 ms
 -- Virtual memory used : 13561936 KiB
 -- Resident memory used : 13518940 KiB
