Options for the verification:
  Generating no trace
  Search order is breadth first
  Using conservative space optimisation
  Seed is 1743215648
  State space representation uses minimal constraint systems with future testing
  Using HashMap + Compress integers for discrete state storage

Verifying formula 1 at ./experiments/results/reachability-symbolic/VerifyPIN_5_HB+FTL+DPTC+DC/VerifyPIN_5_HB+FTL+DPTC+DC--F4--C100--IS--query.q:1
 -- Formula is satisfied.
 -- States explored : 0 states
 -- CPU user time used : 20321 ms
 -- Virtual memory used : 858724 KiB
 -- Resident memory used : 815896 KiB

Verifying formula 2 at ./experiments/results/reachability-symbolic/VerifyPIN_5_HB+FTL+DPTC+DC/VerifyPIN_5_HB+FTL+DPTC+DC--F4--C100--IS--query.q:2
 -- Formula is satisfied.
 -- States stored : 188118 states
 -- States explored : 192028 states
 -- CPU user time used : 1833 ms
 -- Virtual memory used : 858724 KiB
 -- Resident memory used : 815896 KiB
