Options for the verification:
  Generating no trace
  Search order is breadth first
  Using conservative space optimisation
  Seed is 1743142763
  State space representation uses minimal constraint systems with future testing
  Using HashMap + Compress integers for discrete state storage

Verifying formula 1 at ./experiments/results/reachability-symbolic/VerifyPIN_5_HB+FTL+DPTC+DC/VerifyPIN_5_HB+FTL+DPTC+DC--F3--C100--IS--query.q:1
 -- Formula is satisfied.
 -- States explored : 0 states
 -- CPU user time used : 4730 ms
 -- Virtual memory used : 256192 KiB
 -- Resident memory used : 212504 KiB

Verifying formula 2 at ./experiments/results/reachability-symbolic/VerifyPIN_5_HB+FTL+DPTC+DC/VerifyPIN_5_HB+FTL+DPTC+DC--F3--C100--IS--query.q:2
 -- Formula is satisfied.
 -- States stored : 92959 states
 -- States explored : 94968 states
 -- CPU user time used : 894 ms
 -- Virtual memory used : 256192 KiB
 -- Resident memory used : 213400 KiB
