Options for the verification:
  Generating no trace
  Search order is breadth first
  Using conservative space optimisation
  Seed is 1743075736
  State space representation uses minimal constraint systems with future testing
  Using HashMap + Compress integers for discrete state storage

Verifying formula 1 at ./experiments/results/symbolic/VerifyPIN_4_HB+FTL+INL+DPTC+PTCBK+LC/VerifyPIN_4_HB+FTL+INL+DPTC+PTCBK+LC--F3--C100--T--N--IS--query.q:1
 -- Formula is satisfied.
 -- States explored : 0 states
 -- CPU user time used : 5507 ms
 -- Virtual memory used : 254244 KiB
 -- Resident memory used : 211304 KiB

Verifying formula 2 at ./experiments/results/symbolic/VerifyPIN_4_HB+FTL+INL+DPTC+PTCBK+LC/VerifyPIN_4_HB+FTL+INL+DPTC+PTCBK+LC--F3--C100--T--N--IS--query.q:2
 -- Formula is satisfied.
 -- States stored : 448940 states
 -- States explored : 459458 states
 -- CPU user time used : 4120 ms
 -- Virtual memory used : 258748 KiB
 -- Resident memory used : 215912 KiB
