Options for the verification:
  Generating no trace
  Search order is breadth first
  Using conservative space optimisation
  Seed is 1743041370
  State space representation uses minimal constraint systems with future testing
  Using HashMap + Compress integers for discrete state storage

Verifying formula 1 at ./experiments/results/symbolic/VerifyPIN_4_HB+FTL+INL+DPTC+PTCBK+LC/VerifyPIN_4_HB+FTL+INL+DPTC+PTCBK+LC--F2--C100--T--N--SC--query.q:1
 -- Formula is satisfied.
 -- States explored : 0 states
 -- CPU user time used : 5776539 ms
 -- Virtual memory used : 41756268 KiB
 -- Resident memory used : 41713920 KiB

Verifying formula 2 at ./experiments/results/symbolic/VerifyPIN_4_HB+FTL+INL+DPTC+PTCBK+LC/VerifyPIN_4_HB+FTL+INL+DPTC+PTCBK+LC--F2--C100--T--N--SC--query.q:2
 -- Formula is NOT satisfied.
 -- States stored : 302927039 states
 -- States explored : 305370009 states
 -- CPU user time used : 4022295 ms
 -- Virtual memory used : 46044688 KiB
 -- Resident memory used : 46001680 KiB
