Options for the verification:
  Generating no trace
  Search order is breadth first
  Using conservative space optimisation
  Seed is 1742923172
  State space representation uses minimal constraint systems with future testing
  Using HashMap + Compress integers for discrete state storage

Verifying formula 1 at ./experiments/results/smc/VerifyPIN_5_HB+FTL+DPTC+DC/VerifyPIN_5_HB+FTL+DPTC+DC--F2--C10--T10000--N100000--IS--query.q:1
 -- Formula is satisfied.
 -- Result: (46755/100000 runs) Pr(<> …) in [0.464454,0.470648] (95% CI)
Values in [72,887] mean=852.27455887070903 steps=3.7557603686635943: 960 0 65 10 0 0 0 0 0 0 0 0 0 0 0 0 0 0 0 0 0 0 0 0 0 0 0 0 0 0 0 0 0 0 0 0 0 0 0 0 0 0 0 0 0 0 0 0 0 0 0 0 0 0 0 0 0 0 0 0 0 0 0 0 0 0 0 0 0 0 0 0 0 0 0 0 0 0 0 0 0 0 0 0 0 0 0 0 0 0 0 0 0 0 0 0 0 0 0 0 0 0 0 0 0 0 0 0 0 0 0 0 0 0 0 0 0 0 0 0 0 0 0 0 0 0 0 0 0 0 0 0 0 0 0 0 0 0 0 0 0 0 0 0 0 0 0 0 0 0 0 0 0 0 0 0 0 0 0 0 0 0 0 0 0 0 0 0 0 0 0 0 0 0 0 0 0 0 0 0 0 0 0 0 0 0 0 0 0 0 0 0 0 0 0 0 0 0 0 0 0 0 0 0 0 0 0 0 0 303 20632 4858 1020 2659 12617 613 609 2409
 -- States explored : 0 states
 -- CPU user time used : 18253 ms
 -- Virtual memory used : 57964 KiB
 -- Resident memory used : 18664 KiB

Verifying formula 2 at ./experiments/results/smc/VerifyPIN_5_HB+FTL+DPTC+DC/VerifyPIN_5_HB+FTL+DPTC+DC--F2--C10--T10000--N100000--IS--query.q:2
 -- Formula is satisfied.
 -- Result: (52892/100000 runs) Pr(<> …) in [0.52582,0.532018] (95% CI)
Values in [0.00014117918908596042,85.99159877654165] mean=23.47882881653301 steps=0.37387590259718512: 822 777 800 770 795 786 729 811 805 780 756 764 824 722 836 774 755 770 757 757 789 729 736 801 767 726 739 843 810 781 780 788 66 0 0 0 0 0 0 0 0 0 0 0 0 0 0 0 0 0 0 0 0 0 0 0 0 0 0 0 0 0 0 0 0 0 0 0 0 0 0 0 1830 2309 2314 2348 2246 2409 2255 2309 542 0 0 0 0 0 0 0 0 0 0 0 0 0 0 0 0 0 0 0 0 0 0 0 349 603 587 574 658 590 582 580 211 0 0 0 0 0 0 0 0 0 0 0 0 0 0 0 0 0 0 0 0 0 0 0 0 0 0 0 0 0 0 0 0 0 0 0 0 0 0 0 0 0 0 0 0 0 0 0 0 0 0 0 0 0 0 0 0 0 0 0 0 0 0 0 0 0 0 0 0 0 0 0 0 0 0 0 0 0 0 0 0 0 0 0 0 5 133 168 148 122 159 137 143 159 158 141 151 147 140 152 161 155 136 131 141 151 132 142 164 140 130 123 136 155 148 153 150 140
 -- States explored : 0 states
 -- CPU user time used : 18361 ms
 -- Virtual memory used : 58336 KiB
 -- Resident memory used : 18984 KiB

Verifying formula 3 at ./experiments/results/smc/VerifyPIN_5_HB+FTL+DPTC+DC/VerifyPIN_5_HB+FTL+DPTC+DC--F2--C10--T10000--N100000--IS--query.q:3
 -- Formula is satisfied.
 -- Result: (0/100000 runs) Pr(<> …) in [0,3.68881e-05] (95% CI)
 -- States explored : 0 states
 -- CPU user time used : 19323 ms
 -- Virtual memory used : 58336 KiB
 -- Resident memory used : 18984 KiB
