Options for the verification:
  Generating no trace
  Search order is breadth first
  Using conservative space optimisation
  Seed is 1742915898
  State space representation uses minimal constraint systems with future testing
  Using HashMap + Compress integers for discrete state storage

Verifying formula 1 at ./experiments/results/smc/VerifyPIN_5_HB+FTL+DPTC+DC/VerifyPIN_5_HB+FTL+DPTC+DC--F1--C10--T10000--N100000--SC--query.q:1
 -- Formula is satisfied.
 -- Result: (100000/100000 runs) Pr(<> …) in [0.999963,1] (95% CI)
Values in [877,877] mean=877 steps=2.2204460492503131e-16: 100000
 -- States explored : 0 states
 -- CPU user time used : 90747 ms
 -- Virtual memory used : 58060 KiB
 -- Resident memory used : 17568 KiB

Verifying formula 2 at ./experiments/results/smc/VerifyPIN_5_HB+FTL+DPTC+DC/VerifyPIN_5_HB+FTL+DPTC+DC--F1--C10--T10000--N100000--SC--query.q:2
 -- Formula is satisfied.
 -- Result: (0/100000 runs) Pr(<> …) in [0,3.68881e-05] (95% CI)
 -- States explored : 0 states
 -- CPU user time used : 91057 ms
 -- Virtual memory used : 58060 KiB
 -- Resident memory used : 17568 KiB

Verifying formula 3 at ./experiments/results/smc/VerifyPIN_5_HB+FTL+DPTC+DC/VerifyPIN_5_HB+FTL+DPTC+DC--F1--C10--T10000--N100000--SC--query.q:3
 -- Formula is satisfied.
 -- Result: (0/100000 runs) Pr(<> …) in [0,3.68881e-05] (95% CI)
 -- States explored : 0 states
 -- CPU user time used : 92687 ms
 -- Virtual memory used : 58060 KiB
 -- Resident memory used : 17568 KiB
