Options for the verification:
  Generating no trace
  Search order is breadth first
  Using conservative space optimisation
  Seed is 1742931121
  State space representation uses minimal constraint systems with future testing
  Using HashMap + Compress integers for discrete state storage

Verifying formula 1 at ./experiments/results/smc/VerifyPIN_5_HB+FTL+DPTC+DC/VerifyPIN_5_HB+FTL+DPTC+DC--F3--C10--T10000--N100000--IS--query.q:1
 -- Formula is satisfied.
 -- Result: (46656/100000 runs) Pr(<> …) in [0.463464,0.469658] (95% CI)
Values in [60,887] mean=828.21988597393693 steps=3.8287037037037037: 1554 0 429 255 0 23 32 0 0 0 0 0 0 0 0 0 0 0 0 0 0 0 0 0 0 0 0 0 0 0 0 0 0 0 0 0 0 0 0 0 0 0 0 0 0 0 0 0 0 0 0 0 0 0 0 0 0 0 0 0 0 0 0 0 0 0 0 0 0 0 0 0 0 0 0 0 0 0 0 0 0 0 0 0 0 0 0 0 0 0 0 0 0 0 0 0 0 0 0 0 0 0 0 0 0 0 0 0 0 0 0 0 0 0 0 0 0 0 0 0 0 0 0 0 0 0 0 0 0 0 0 0 0 0 0 0 0 0 0 0 0 0 0 0 0 0 0 0 0 0 0 0 0 0 0 0 0 0 0 0 0 0 0 0 0 0 0 0 0 0 0 0 0 0 0 0 0 0 0 0 0 0 0 0 0 0 0 0 0 0 0 0 0 0 0 0 0 0 0 0 0 0 0 14 0 483 33 239 6958 10988 777 8305 13073 1226 841 1424 2
 -- States explored : 0 states
 -- CPU user time used : 18393 ms
 -- Virtual memory used : 57964 KiB
 -- Resident memory used : 16980 KiB

Verifying formula 2 at ./experiments/results/smc/VerifyPIN_5_HB+FTL+DPTC+DC/VerifyPIN_5_HB+FTL+DPTC+DC--F3--C10--T10000--N100000--IS--query.q:2
 -- Formula is satisfied.
 -- Result: (53096/100000 runs) Pr(<> …) in [0.527861,0.534057] (95% CI)
Values in [0.00051426328718662273,137.77459614537656] mean=30.639231340355281 steps=0.59642459689216187: 1236 1263 1208 1186 1217 1260 1261 1232 1312 1165 1221 1200 1229 1239 1243 1217 1256 1243 1264 1220 134 0 0 0 0 0 0 0 0 0 0 0 0 0 0 0 0 0 0 0 0 0 0 0 0 1364 1866 1862 1863 1927 552 0 0 0 0 0 0 0 0 0 0 0 0 0 0 571 919 902 978 962 391 0 0 0 0 0 0 0 0 0 0 0 0 0 0 0 0 0 0 0 0 0 0 0 0 0 0 0 0 0 0 0 0 20 500 481 525 487 488 492 534 487 519 486 467 530 458 493 482 610 667 599 617 648 228 186 173 202 187 220 203 193 183 195 190 202 205 185 183 96 72 87 45 18 0 0 0 0 0 0 0 0 0 0 0 0 0 0 0 0 0 0 0 0 0 0 0 0 0 0 0 0 0 0 0 0 0 3 1 0 0 0 0 0 0 1 0 0 0 0 0 0 0 0 0 0 0 0 0 0 0 0 0 0 0 0 0 0 0 0 0 13 21 14 12 11 11 14 15 17 16 17 13 16 11 13 12 7 16 20 16
 -- States explored : 0 states
 -- CPU user time used : 18259 ms
 -- Virtual memory used : 58336 KiB
 -- Resident memory used : 17572 KiB

Verifying formula 3 at ./experiments/results/smc/VerifyPIN_5_HB+FTL+DPTC+DC/VerifyPIN_5_HB+FTL+DPTC+DC--F3--C10--T10000--N100000--IS--query.q:3
 -- Formula is satisfied.
 -- Result: (0/100000 runs) Pr(<> …) in [0,3.68881e-05] (95% CI)
 -- States explored : 0 states
 -- CPU user time used : 19504 ms
 -- Virtual memory used : 58336 KiB
 -- Resident memory used : 17572 KiB
