Options for the verification:
  Generating no trace
  Search order is breadth first
  Using conservative space optimisation
  Seed is 1742930015
  State space representation uses minimal constraint systems with future testing
  Using HashMap + Compress integers for discrete state storage

Verifying formula 1 at ./experiments/results/smc/VerifyPIN_5_HB+FTL+DPTC+DC/VerifyPIN_5_HB+FTL+DPTC+DC--F3--C10--T10000--N100000--ORC--query.q:1
 -- Formula is satisfied.
 -- Result: (3471/100000 runs) Pr(<> …) in [0.033584,0.0358631] (95% CI)
Values in [96,891] mean=868.81964851627777 steps=13.474576271186441: 55 0 0 0 0 0 0 0 0 0 0 0 0 0 0 0 0 0 0 0 0 0 0 0 0 0 0 0 0 0 0 0 0 0 0 0 0 0 0 0 0 0 0 0 0 0 0 0 0 0 0 0 0 0 0 0 6 2302 76 1032
 -- States explored : 0 states
 -- CPU user time used : 6352 ms
 -- Virtual memory used : 57316 KiB
 -- Resident memory used : 17096 KiB

Verifying formula 2 at ./experiments/results/smc/VerifyPIN_5_HB+FTL+DPTC+DC/VerifyPIN_5_HB+FTL+DPTC+DC--F3--C10--T10000--N100000--ORC--query.q:2
 -- Formula is satisfied.
 -- Result: (96628/100000 runs) Pr(<> …) in [0.965143,0.96739] (95% CI)
Values in [0.0011186357587575915,869.45350669790059] mean=15.985091624122838 steps=2.7956668426435431: 5939 15723 15651 15684 15660 2107 2106 2068 2117 1992 527 764 773 764 4647 9170 59 228 73 77 94 82 57 2 23 18 24 22 6 2 5 4 2 1 0 0 0 2 0 0 0 0 0 0 0 0 0 0 0 0 0 0 0 0 0 40 11 0 0 0 0 0 4 42 0 0 0 0 4 0 0 0 0 0 0 0 0 0 0 0 0 0 0 0 0 0 0 0 0 0 0 0 0 0 0 0 0 0 0 0 0 0 0 0 0 0 0 0 0 0 0 0 0 0 0 0 0 0 0 0 0 0 0 0 0 0 0 0 0 0 0 0 0 0 0 0 0 0 0 0 0 0 0 0 0 0 0 0 0 0 0 0 0 0 0 0 0 0 0 0 0 0 0 0 0 0 0 0 0 0 0 0 0 0 0 0 0 0 0 0 0 0 0 0 0 0 0 0 0 0 0 0 0 0 0 0 0 0 0 0 0 0 0 0 0 0 0 0 0 0 0 0 0 0 0 0 0 0 0 0 0 0 0 0 0 0 0 0 0 0 0 0 0 0 0 0 0 0 0 0 0 0 0 0 0 0 0 0 0 0 0 0 0 0 0 0 0 0 0 0 0 0 0 0 0 0 0 0 0 0 0 0 0 0 0 0 0 0 0 0 0 0 0 0 0 0 0 0 0 0 0 0 0 0 0 0 0 0 0 0 0 0 0 0 6 13 6 18 10 0 1
 -- States explored : 0 states
 -- CPU user time used : 6229 ms
 -- Virtual memory used : 58152 KiB
 -- Resident memory used : 18372 KiB

Verifying formula 3 at ./experiments/results/smc/VerifyPIN_5_HB+FTL+DPTC+DC/VerifyPIN_5_HB+FTL+DPTC+DC--F3--C10--T10000--N100000--ORC--query.q:3
 -- Formula is satisfied.
 -- Result: (0/100000 runs) Pr(<> …) in [0,3.68881e-05] (95% CI)
 -- States explored : 0 states
 -- CPU user time used : 6503 ms
 -- Virtual memory used : 58152 KiB
 -- Resident memory used : 18372 KiB
