Options for the verification:
  Generating no trace
  Search order is breadth first
  Using conservative space optimisation
  Seed is 1742945689
  State space representation uses minimal constraint systems with future testing
  Using HashMap + Compress integers for discrete state storage

Verifying formula 1 at ./experiments/results/smc/VerifyPIN_5_HB+FTL+DPTC+DC/VerifyPIN_5_HB+FTL+DPTC+DC--F5--C10--T10000--N100000--IS--query.q:1
 -- Formula is satisfied.
 -- Result: (45871/100000 runs) Pr(<> …) in [0.455618,0.461805] (95% CI)
Values in [48,886] mean=818.54685967168803 steps=3.8976744186046512: 567 0 368 777 0 361 270 0 40 6 0 0 0 0 0 0 0 0 0 0 0 0 0 0 0 0 0 0 0 0 0 0 0 0 0 0 0 0 0 0 0 0 0 0 0 0 0 0 0 0 0 0 0 0 0 0 0 0 0 0 0 0 0 0 0 0 0 0 0 0 0 0 0 0 0 0 0 0 0 0 0 0 0 0 0 0 0 0 0 0 0 0 0 0 0 0 0 0 0 0 0 0 0 0 0 0 0 0 0 0 0 0 0 0 0 0 0 0 0 0 0 0 0 0 0 0 0 0 0 0 0 0 0 0 0 0 0 0 0 0 0 0 0 0 0 0 0 0 0 0 0 0 0 0 0 0 0 0 0 0 0 0 0 0 0 0 0 0 0 0 0 0 0 0 0 0 0 0 0 0 0 0 0 0 0 0 0 0 0 0 0 0 0 0 0 0 0 0 0 10 15 606 154 1469 1124 2006 5898 4491 10071 6849 6505 2392 822 978 91 1
 -- States explored : 0 states
 -- CPU user time used : 18856 ms
 -- Virtual memory used : 57964 KiB
 -- Resident memory used : 17712 KiB

Verifying formula 2 at ./experiments/results/smc/VerifyPIN_5_HB+FTL+DPTC+DC/VerifyPIN_5_HB+FTL+DPTC+DC--F5--C10--T10000--N100000--IS--query.q:2
 -- Formula is satisfied.
 -- Result: (54068/100000 runs) Pr(<> …) in [0.537585,0.543772] (95% CI)
Values in [8.0217607319355025e-05,158.25886632408947] mean=36.272489119753139 steps=0.67922225796773461: 1424 1456 1370 1415 1440 1398 1361 1405 1399 1463 1422 1377 1406 1407 1521 1473 1484 898 0 0 0 0 0 0 0 0 0 0 0 0 0 0 0 0 0 0 0 0 0 515 2088 2146 2144 2104 342 0 0 0 0 0 0 0 0 0 0 0 0 612 1081 1112 1053 878 0 0 0 0 0 0 0 0 0 0 0 21 80 62 81 58 71 65 64 69 70 76 69 62 78 209 203 195 251 284 234 259 249 253 314 254 262 269 250 247 287 247 222 211 170 184 180 99 100 108 122 125 135 136 124 136 121 134 133 130 56 45 53 50 40 29 54 40 33 50 27 41 38 20 13 5 9 15 20 17 37 17 19 19 12 14 20 14 30 25 15 14 25 23 14 18 19 20 19 16 15 106 159 201 247 249 244 255 260 246 260 251 279 269 276 251 293 306 331 162 179 152 72 61 82 75 72 62 84 73 67 80 68 67 51 34 32 10 9 3 3 2 2 4 0 5 0 3 4 7 11 2 5 6 3 2 1 1 0 1 0 0 1 3 0 3 1 2 0 0 1
 -- States explored : 0 states
 -- CPU user time used : 18676 ms
 -- Virtual memory used : 58328 KiB
 -- Resident memory used : 18356 KiB

Verifying formula 3 at ./experiments/results/smc/VerifyPIN_5_HB+FTL+DPTC+DC/VerifyPIN_5_HB+FTL+DPTC+DC--F5--C10--T10000--N100000--IS--query.q:3
 -- Formula is satisfied.
 -- Result: (0/100000 runs) Pr(<> …) in [0,3.68881e-05] (95% CI)
 -- States explored : 0 states
 -- CPU user time used : 19845 ms
 -- Virtual memory used : 58328 KiB
 -- Resident memory used : 18356 KiB
