Options for the verification:
  Generating no trace
  Search order is breadth first
  Using conservative space optimisation
  Seed is 1742937593
  State space representation uses minimal constraint systems with future testing
  Using HashMap + Compress integers for discrete state storage

Verifying formula 1 at ./experiments/results/smc/VerifyPIN_5_HB+FTL+DPTC+DC/VerifyPIN_5_HB+FTL+DPTC+DC--F4--C10--T10000--N100000--ORC--query.q:1
 -- Formula is satisfied.
 -- Result: (2234/100000 runs) Pr(<> …) in [0.0214329,0.023275] (95% CI)
Values in [96,891] mean=836.60340196956133 steps=16.5625: 131 0 0 0 0 0 0 0 0 0 0 0 0 0 0 0 0 0 0 0 0 0 0 0 0 0 0 0 0 0 0 0 0 0 0 0 0 0 0 0 0 0 0 0 0 0 12 1356 735
 -- States explored : 0 states
 -- CPU user time used : 6380 ms
 -- Virtual memory used : 57312 KiB
 -- Resident memory used : 16324 KiB

Verifying formula 2 at ./experiments/results/smc/VerifyPIN_5_HB+FTL+DPTC+DC/VerifyPIN_5_HB+FTL+DPTC+DC--F4--C10--T10000--N100000--ORC--query.q:2
 -- Formula is satisfied.
 -- Result: (97751/100000 runs) Pr(<> …) in [0.976572,0.97842] (95% CI)
Values in [0.0022331979125738148,875.45747716072947] mean=16.521238172234685 steps=2.7969816101048468: 5999 15570 15667 15552 15875 2060 2046 2024 2105 2029 526 752 807 858 4818 9126 82 297 184 234 238 274 114 5 55 56 64 48 35 18 11 17 16 0 7 8 3 3 1 2 1 0 0 0 0 0 0 0 0 0 0 0 0 0 0 46 10 0 0 0 0 0 2 40 0 2 1 0 9 0 0 1 0 1 0 0 0 0 0 0 0 0 0 0 0 0 0 0 0 0 0 0 0 0 0 0 0 0 0 0 0 0 0 0 0 0 0 0 0 0 0 0 0 0 0 0 0 0 0 0 0 0 0 0 0 0 0 0 0 0 0 0 0 0 0 0 0 0 0 0 0 0 0 0 0 0 0 0 0 0 0 0 0 0 0 0 0 0 0 0 0 0 0 0 0 0 0 0 0 0 0 0 0 0 0 0 0 0 0 0 0 0 0 0 0 0 0 0 0 0 0 0 0 0 0 0 0 0 0 0 0 0 0 0 0 0 0 0 0 0 0 0 0 0 0 0 0 0 0 0 0 0 0 0 0 0 0 0 0 0 0 0 0 0 0 0 0 0 0 0 0 0 0 0 0 0 0 0 0 0 0 0 0 0 0 0 0 0 0 0 0 0 0 0 0 0 0 0 0 0 0 0 0 0 0 0 0 0 0 0 0 0 0 0 0 0 0 0 0 0 0 0 0 0 0 0 0 0 0 0 0 0 0 0 6 12 6 18 6 2 0 0 2
 -- States explored : 0 states
 -- CPU user time used : 6462 ms
 -- Virtual memory used : 58100 KiB
 -- Resident memory used : 17552 KiB

Verifying formula 3 at ./experiments/results/smc/VerifyPIN_5_HB+FTL+DPTC+DC/VerifyPIN_5_HB+FTL+DPTC+DC--F4--C10--T10000--N100000--ORC--query.q:3
 -- Formula is satisfied.
 -- Result: (0/100000 runs) Pr(<> …) in [0,3.68881e-05] (95% CI)
 -- States explored : 0 states
 -- CPU user time used : 6567 ms
 -- Virtual memory used : 58100 KiB
 -- Resident memory used : 17552 KiB
