Options for the verification:
  Generating no trace
  Search order is breadth first
  Using conservative space optimisation
  Seed is 1742944785
  State space representation uses minimal constraint systems with future testing
  Using HashMap + Compress integers for discrete state storage

Verifying formula 1 at ./experiments/results/smc/VerifyPIN_5_HB+FTL+DPTC+DC/VerifyPIN_5_HB+FTL+DPTC+DC--F5--C10--T10000--N100000--ORC--query.q:1
 -- Formula is satisfied.
 -- Result: (1478/100000 runs) Pr(<> …) in [0.0140412,0.0155472] (95% CI)
Values in [96,891] mean=806.38227334235455 steps=20.384615384615383: 147 0 0 0 0 0 0 0 0 0 0 0 0 0 0 0 0 0 0 0 0 0 0 0 0 0 0 0 0 0 0 0 0 0 0 0 0 5 816 510
 -- States explored : 0 states
 -- CPU user time used : 6300 ms
 -- Virtual memory used : 57320 KiB
 -- Resident memory used : 17252 KiB

Verifying formula 2 at ./experiments/results/smc/VerifyPIN_5_HB+FTL+DPTC+DC/VerifyPIN_5_HB+FTL+DPTC+DC--F5--C10--T10000--N100000--ORC--query.q:2
 -- Formula is satisfied.
 -- Result: (98467/100000 runs) Pr(<> …) in [0.983889,0.985422] (95% CI)
Values in [0.004356502555310727,873.99922883417457] mean=16.672059568786697 steps=2.7834231602917816: 5897 15616 15776 15641 15557 2478 2011 1938 2042 2059 544 720 729 704 3973 10112 34 350 230 334 313 342 198 0 67 70 98 78 74 57 76 63 50 4 20 46 10 21 16 14 15 0 2 1 0 3 2 1 0 0 0 0 0 0 0 15 14 0 0 0 0 0 0 7 1 3 5 0 1 0 0 0 1 0 0 0 0 0 0 0 0 0 0 0 0 0 0 0 0 0 0 0 0 0 0 0 0 0 0 0 0 0 0 0 0 0 0 0 0 0 0 0 0 0 0 0 0 0 0 0 0 0 0 0 0 0 0 0 0 0 0 0 0 0 0 0 0 0 0 0 0 0 0 0 0 0 0 0 0 0 0 0 0 0 0 0 0 0 0 0 0 0 0 0 0 0 0 0 0 0 0 0 0 0 0 0 0 0 0 0 0 0 0 0 0 0 0 0 0 0 0 0 0 0 0 0 0 0 0 0 0 0 0 0 0 0 0 0 0 0 0 0 0 0 0 0 0 0 0 0 0 0 0 0 0 0 0 0 0 0 0 0 0 0 0 0 0 0 0 0 0 0 0 0 0 0 0 0 0 0 0 0 0 0 0 0 0 0 0 0 0 0 0 0 0 0 0 0 0 0 0 0 0 0 0 0 0 0 0 0 0 0 0 0 0 0 0 0 0 0 0 0 0 0 0 0 0 0 0 0 0 0 0 0 0 1 3 4 11 6 3 2 3 1
 -- States explored : 0 states
 -- CPU user time used : 6285 ms
 -- Virtual memory used : 58124 KiB
 -- Resident memory used : 18364 KiB

Verifying formula 3 at ./experiments/results/smc/VerifyPIN_5_HB+FTL+DPTC+DC/VerifyPIN_5_HB+FTL+DPTC+DC--F5--C10--T10000--N100000--ORC--query.q:3
 -- Formula is satisfied.
 -- Result: (0/100000 runs) Pr(<> …) in [0,3.68881e-05] (95% CI)
 -- States explored : 0 states
 -- CPU user time used : 6535 ms
 -- Virtual memory used : 58124 KiB
 -- Resident memory used : 18364 KiB
