Options for the verification:
  Generating no trace
  Search order is breadth first
  Using conservative space optimisation
  Seed is 1743028786
  State space representation uses minimal constraint systems with future testing
  Using HashMap + Compress integers for discrete state storage

Verifying formula 1 at ./experiments/results/symbolic/VerifyPIN_0/VerifyPIN_0--F1-C100--T--N--IS--query.q:1
 -- Formula is satisfied.
 -- States explored : 0 states
 -- CPU user time used : 17 ms
 -- Virtual memory used : 59932 KiB
 -- Resident memory used : 16932 KiB

Verifying formula 2 at ./experiments/results/symbolic/VerifyPIN_0/VerifyPIN_0--F1-C100--T--N--IS--query.q:2
 -- Formula is satisfied.
 -- States stored : 1018 states
 -- States explored : 1031 states
 -- CPU user time used : 5 ms
 -- Virtual memory used : 64660 KiB
 -- Resident memory used : 20644 KiB
