Options for the verification:
  Generating no trace
  Search order is breadth first
  Using conservative space optimisation
  Seed is 1743028788
  State space representation uses minimal constraint systems with future testing
  Using HashMap + Compress integers for discrete state storage

Verifying formula 1 at ./experiments/results/symbolic/VerifyPIN_0/VerifyPIN_0--F1-C100--T--N--SC--query.q:1
 -- Formula is satisfied.
 -- States explored : 0 states
 -- CPU user time used : 5047 ms
 -- Virtual memory used : 78504 KiB
 -- Resident memory used : 35720 KiB

Verifying formula 2 at ./experiments/results/symbolic/VerifyPIN_0/VerifyPIN_0--F1-C100--T--N--SC--query.q:2
 -- Formula is satisfied.
 -- States stored : 210843 states
 -- States explored : 208914 states
 -- CPU user time used : 1739 ms
 -- Virtual memory used : 88180 KiB
 -- Resident memory used : 45304 KiB
