Options for the verification:
  Generating no trace
  Search order is breadth first
  Using conservative space optimisation
  Seed is 1743030968
  State space representation uses minimal constraint systems with future testing
  Using HashMap + Compress integers for discrete state storage

Verifying formula 1 at ./experiments/results/symbolic/VerifyPIN_0/VerifyPIN_0--F2-C100--T--N--SC--query.q:1
 -- Formula is satisfied.
 -- States explored : 0 states
 -- CPU user time used : 590123 ms
 -- Virtual memory used : 4187476 KiB
 -- Resident memory used : 4144728 KiB

Verifying formula 2 at ./experiments/results/symbolic/VerifyPIN_0/VerifyPIN_0--F2-C100--T--N--SC--query.q:2
 -- Formula is satisfied.
 -- States stored : 10879922 states
 -- States explored : 10409307 states
 -- CPU user time used : 97604 ms
 -- Virtual memory used : 4253016 KiB
 -- Resident memory used : 4210264 KiB
