Options for the verification:
  Generating no trace
  Search order is breadth first
  Using conservative space optimisation
  Seed is 1743028765
  State space representation uses minimal constraint systems with future testing
  Using HashMap + Compress integers for discrete state storage

Verifying formula 1 at ./experiments/results/symbolic/VerifyPIN_0/VerifyPIN_0--F1-C100--T--N--ORC--query.q:1
 -- Formula is satisfied.
 -- States explored : 0 states
 -- CPU user time used : 267 ms
 -- Virtual memory used : 71360 KiB
 -- Resident memory used : 29492 KiB

Verifying formula 2 at ./experiments/results/symbolic/VerifyPIN_0/VerifyPIN_0--F1-C100--T--N--ORC--query.q:2
 -- Formula is satisfied.
 -- States stored : 28197 states
 -- States explored : 28010 states
 -- CPU user time used : 139 ms
 -- Virtual memory used : 76080 KiB
 -- Resident memory used : 33716 KiB
