Options for the verification:
  Generating no trace
  Search order is breadth first
  Using conservative space optimisation
  Seed is 1743030957
  State space representation uses minimal constraint systems with future testing
  Using HashMap + Compress integers for discrete state storage

Verifying formula 1 at ./experiments/results/symbolic/VerifyPIN_0/VerifyPIN_0--F2-C100--T--N--IS--query.q:1
 -- Formula is satisfied.
 -- States explored : 0 states
 -- CPU user time used : 66 ms
 -- Virtual memory used : 61148 KiB
 -- Resident memory used : 18300 KiB

Verifying formula 2 at ./experiments/results/symbolic/VerifyPIN_0/VerifyPIN_0--F2-C100--T--N--IS--query.q:2
 -- Formula is satisfied.
 -- States stored : 1692 states
 -- States explored : 1705 states
 -- CPU user time used : 9 ms
 -- Virtual memory used : 65964 KiB
 -- Resident memory used : 22140 KiB
