Options for the verification:
  Generating no trace
  Search order is breadth first
  Using conservative space optimisation
  Seed is 1742904474
  State space representation uses minimal constraint systems with future testing
  Using HashMap + Compress integers for discrete state storage

Verifying formula 1 at ./experiments/results/smc/VerifyPIN_1_HB/VerifyPIN_1_HB--F1--C10--T10000--N100000--ORC--query.q:1
 -- Formula is satisfied.
 -- Result: (0/100000 runs) Pr(<> …) in [0,3.68881e-05] (95% CI)
 -- States explored : 0 states
 -- CPU user time used : 53061 ms
 -- Virtual memory used : 57076 KiB
 -- Resident memory used : 16048 KiB

Verifying formula 2 at ./experiments/results/smc/VerifyPIN_1_HB/VerifyPIN_1_HB--F1--C10--T10000--N100000--ORC--query.q:2
 -- Formula is satisfied.
 -- Result: (85555/100000 runs) Pr(<> …) in [0.853356,0.857724] (95% CI)
Values in [0.0057018632069230088,8903.9208576148376] mean=21.981532090404809 steps=30.388788927479975: 75915 1560 46 60 7868 93 0 0 0 0 0 0 0 1 0 0 0 0 0 0 0 0 0 0 0 0 1 0 0 0 0 0 0 0 0 0 0 0 0 0 0 0 0 1 0 0 0 0 0 0 0 0 0 0 0 0 0 0 0 0 0 0 0 0 0 0 0 0 0 0 0 0 0 0 0 0 0 0 0 1 0 0 0 0 0 0 0 0 0 0 0 0 0 0 0 0 0 0 0 0 0 0 0 0 0 0 0 0 0 0 0 0 0 0 0 0 0 0 0 0 0 0 0 0 0 0 0 0 0 0 0 0 0 0 0 0 0 0 0 0 0 0 0 0 0 0 0 0 0 0 1 0 0 0 0 0 0 0 0 0 0 0 0 0 0 0 0 0 0 0 0 0 0 0 0 0 0 0 0 0 0 0 0 0 0 0 0 0 0 0 0 0 0 0 0 0 0 0 0 0 0 0 0 0 0 0 0 0 0 0 0 0 0 0 0 0 0 0 0 0 0 0 0 0 0 0 0 0 0 0 0 0 0 0 0 0 0 0 0 0 0 0 0 0 0 0 0 0 0 0 0 0 0 0 0 0 0 0 0 0 0 0 0 0 0 0 0 0 0 0 0 0 0 0 0 0 0 0 0 0 0 0 0 0 0 0 0 0 4 0 0 0 4
 -- States explored : 0 states
 -- CPU user time used : 52605 ms
 -- Virtual memory used : 57752 KiB
 -- Resident memory used : 19128 KiB

Verifying formula 3 at ./experiments/results/smc/VerifyPIN_1_HB/VerifyPIN_1_HB--F1--C10--T10000--N100000--ORC--query.q:3
 -- Formula is satisfied.
 -- Result: (0/100000 runs) Pr(<> …) in [0,3.68881e-05] (95% CI)
 -- States explored : 0 states
 -- CPU user time used : 54976 ms
 -- Virtual memory used : 57752 KiB
 -- Resident memory used : 19128 KiB
