Options for the verification:
  Generating no trace
  Search order is breadth first
  Using conservative space optimisation
  Seed is 1742930534
  State space representation uses minimal constraint systems with future testing
  Using HashMap + Compress integers for discrete state storage

Verifying formula 1 at ./experiments/results/smc/VerifyPIN_1_HB/VerifyPIN_1_HB--F3--C10--T10000--N100000--IS--query.q:1
 -- Formula is satisfied.
 -- Result: (0/100000 runs) Pr(<> …) in [0,3.68881e-05] (95% CI)
 -- States explored : 0 states
 -- CPU user time used : 150021 ms
 -- Virtual memory used : 56744 KiB
 -- Resident memory used : 15832 KiB

Verifying formula 2 at ./experiments/results/smc/VerifyPIN_1_HB/VerifyPIN_1_HB--F3--C10--T10000--N100000--IS--query.q:2
 -- Formula is satisfied.
 -- Result: (54162/100000 runs) Pr(<> …) in [0.538526,0.544712] (95% CI)
Values in [0.00024728290736675268,242.30559444800019] mean=18.266758729891688 steps=1.039937112296536: 2160 2120 2120 2222 2165 2166 2056 2222 2126 2165 2148 1145 0 856 1632 1639 1598 1640 1619 1610 1573 1701 1626 1669 1735 824 802 790 793 821 833 826 809 785 822 831 446 0 0 0 0 0 0 0 0 0 0 0 0 0 0 0 0 0 0 0 0 0 0 0 0 0 0 0 0 0 0 0 0 0 0 0 0 0 0 0 0 0 0 0 0 0 0 0 0 0 0 0 0 0 0 0 0 0 0 0 0 0 0 0 0 1 5 5 3 8 9 5 3 6 7 16 4 8 5 9 9 7 3 5 8 7 1 0 1 146 137 1 3 2 1 1 12 59 67 85 42 4 7 0 2 5 14 22 10 12 3 2 0 2 1 1 2 0 1 0 1 0 0 0 0 0 0 0 0 0 0 0 0 0 0 0 0 0 0 0 0 0 0 0 0 0 22 80 35 0 0 0 0 0 14 29 37 33 10 0 0 0 0 1 3 6 6 2 0 0 0 0 0 0 0 0 1 0 0 0 0 0 0 0 0 0 1 0 0 1 1 0 0 1 2 1 1
 -- States explored : 0 states
 -- CPU user time used : 150810 ms
 -- Virtual memory used : 57768 KiB
 -- Resident memory used : 16988 KiB

Verifying formula 3 at ./experiments/results/smc/VerifyPIN_1_HB/VerifyPIN_1_HB--F3--C10--T10000--N100000--IS--query.q:3
 -- Formula is satisfied.
 -- Result: (0/100000 runs) Pr(<> …) in [0,3.68881e-05] (95% CI)
 -- States explored : 0 states
 -- CPU user time used : 159146 ms
 -- Virtual memory used : 57768 KiB
 -- Resident memory used : 16988 KiB
