Options for the verification:
  Generating no trace
  Search order is breadth first
  Using conservative space optimisation
  Seed is 1742912761
  State space representation uses minimal constraint systems with future testing
  Using HashMap + Compress integers for discrete state storage

Verifying formula 1 at ./experiments/results/smc/VerifyPIN_1_HB/VerifyPIN_1_HB--F1--C10--T10000--N100000--SC--query.q:1
 -- Formula is satisfied.
 -- Result: (0/100000 runs) Pr(<> …) in [0,3.68881e-05] (95% CI)
 -- States explored : 0 states
 -- CPU user time used : 859860 ms
 -- Virtual memory used : 56916 KiB
 -- Resident memory used : 17956 KiB

Verifying formula 2 at ./experiments/results/smc/VerifyPIN_1_HB/VerifyPIN_1_HB--F1--C10--T10000--N100000--SC--query.q:2
 -- Formula is satisfied.
 -- Result: (0/100000 runs) Pr(<> …) in [0,3.68881e-05] (95% CI)
 -- States explored : 0 states
 -- CPU user time used : 860204 ms
 -- Virtual memory used : 56916 KiB
 -- Resident memory used : 17956 KiB

Verifying formula 3 at ./experiments/results/smc/VerifyPIN_1_HB/VerifyPIN_1_HB--F1--C10--T10000--N100000--SC--query.q:3
 -- Formula is satisfied.
 -- Result: (0/100000 runs) Pr(<> …) in [0,3.68881e-05] (95% CI)
 -- States explored : 0 states
 -- CPU user time used : 887449 ms
 -- Virtual memory used : 56916 KiB
 -- Resident memory used : 17956 KiB
