Options for the verification:
  Generating no trace
  Search order is breadth first
  Using conservative space optimisation
  Seed is 1742945211
  State space representation uses minimal constraint systems with future testing
  Using HashMap + Compress integers for discrete state storage

Verifying formula 1 at ./experiments/results/smc/VerifyPIN_1_HB/VerifyPIN_1_HB--F5--C10--T10000--N100000--IS--query.q:1
 -- Formula is satisfied.
 -- Result: (21/100000 runs) Pr(<> …) in [0.000129998,0.000320989] (95% CI)
Values in [160,255] mean=174.33333333333334 steps=19: 18 1 0 0 1 1
 -- States explored : 0 states
 -- CPU user time used : 116124 ms
 -- Virtual memory used : 56740 KiB
 -- Resident memory used : 15716 KiB

Verifying formula 2 at ./experiments/results/smc/VerifyPIN_1_HB/VerifyPIN_1_HB--F5--C10--T10000--N100000--IS--query.q:2
 -- Formula is satisfied.
 -- Result: (65260/100000 runs) Pr(<> …) in [0.649639,0.655552] (95% CI)
Values in [0.001341763883829117,8874.4110916676] mean=56.102226050389966 steps=34.665663085561398: 50564 2612 692 7219 854 2779 372 21 8 3 4 0 0 0 0 0 0 0 0 0 0 0 0 0 0 0 0 0 0 0 0 0 0 0 0 0 0 0 0 0 0 0 0 0 0 0 0 0 0 0 0 0 0 0 0 0 0 0 0 0 0 0 0 0 0 0 0 0 0 0 0 0 0 0 0 0 0 0 0 0 0 0 0 0 0 0 0 0 0 0 0 0 0 0 0 0 0 0 0 0 0 0 0 0 0 0 0 0 0 0 0 0 0 0 0 0 0 0 0 0 0 0 0 0 0 0 0 0 0 0 0 0 0 0 0 0 0 0 0 0 0 0 0 0 0 0 0 0 0 0 0 0 0 0 0 0 0 0 0 0 0 0 0 0 0 0 0 0 0 0 0 0 0 0 0 0 0 0 0 0 0 0 0 0 0 0 0 0 0 0 0 0 0 0 0 0 0 0 0 0 0 0 0 0 0 0 0 0 0 0 0 0 0 0 0 0 0 0 0 0 0 0 0 0 0 0 0 0 0 0 0 0 0 0 0 0 0 0 0 0 0 0 0 0 0 0 0 0 0 0 0 0 0 0 7 125
 -- States explored : 0 states
 -- CPU user time used : 116142 ms
 -- Virtual memory used : 58272 KiB
 -- Resident memory used : 17332 KiB

Verifying formula 3 at ./experiments/results/smc/VerifyPIN_1_HB/VerifyPIN_1_HB--F5--C10--T10000--N100000--IS--query.q:3
 -- Formula is satisfied.
 -- Result: (0/100000 runs) Pr(<> …) in [0,3.68881e-05] (95% CI)
 -- States explored : 0 states
 -- CPU user time used : 122403 ms
 -- Virtual memory used : 58272 KiB
 -- Resident memory used : 17332 KiB
