Options for the verification:
  Generating no trace
  Search order is breadth first
  Using conservative space optimisation
  Seed is 1742938063
  State space representation uses minimal constraint systems with future testing
  Using HashMap + Compress integers for discrete state storage

Verifying formula 1 at ./experiments/results/smc/VerifyPIN_1_HB/VerifyPIN_1_HB--F4--C10--T10000--N100000--IS--query.q:1
 -- Formula is satisfied.
 -- Result: (6/100000 runs) Pr(<> …) in [2.20193e-05,0.00013059] (95% CI)
Values in [172,192] mean=178.66666666666666 steps=6.666666666666667: 3 2 0 1
 -- States explored : 0 states
 -- CPU user time used : 132156 ms
 -- Virtual memory used : 56744 KiB
 -- Resident memory used : 15680 KiB

Verifying formula 2 at ./experiments/results/smc/VerifyPIN_1_HB/VerifyPIN_1_HB--F4--C10--T10000--N100000--IS--query.q:2
 -- Formula is satisfied.
 -- Result: (60120/100000 runs) Pr(<> …) in [0.598157,0.604237] (95% CI)
Values in [3.6684796214103703e-06,8886.9822783181444] mean=31.277584285215418 steps=36.125944205892957: 51957 1525 445 4205 693 1215 65 1 0 1 1 0 0 0 0 0 0 0 0 0 0 0 0 0 0 0 0 0 0 0 0 0 0 0 0 0 0 0 0 0 0 0 0 0 0 0 0 0 0 0 0 0 0 0 0 0 0 0 0 0 0 0 0 0 0 0 0 0 0 0 0 0 0 0 0 0 0 0 0 0 0 0 0 0 0 0 0 0 0 0 0 0 0 0 0 0 0 0 0 0 0 0 0 0 0 0 0 0 0 0 0 0 0 0 0 0 0 0 0 0 0 0 0 0 0 0 0 0 0 0 0 0 0 0 0 0 0 0 0 0 0 0 0 0 0 0 0 0 0 0 0 0 0 0 0 0 0 0 0 0 0 0 0 0 0 0 0 0 0 0 0 0 0 0 0 0 0 0 0 0 0 0 0 0 0 0 0 0 0 0 0 0 0 0 0 0 0 0 0 0 0 0 0 0 0 0 0 0 0 0 0 0 0 0 0 0 0 0 0 0 0 0 0 0 0 0 0 0 0 0 0 0 0 0 0 0 0 0 0 0 0 0 0 0 1 11
 -- States explored : 0 states
 -- CPU user time used : 131242 ms
 -- Virtual memory used : 57768 KiB
 -- Resident memory used : 16768 KiB

Verifying formula 3 at ./experiments/results/smc/VerifyPIN_1_HB/VerifyPIN_1_HB--F4--C10--T10000--N100000--IS--query.q:3
 -- Formula is satisfied.
 -- Result: (0/100000 runs) Pr(<> …) in [0,3.68881e-05] (95% CI)
 -- States explored : 0 states
 -- CPU user time used : 140868 ms
 -- Virtual memory used : 57768 KiB
 -- Resident memory used : 16768 KiB
