Options for the verification:
  Generating no trace
  Search order is breadth first
  Using conservative space optimisation
  Seed is 1742937500
  State space representation uses minimal constraint systems with future testing
  Using HashMap + Compress integers for discrete state storage

Verifying formula 1 at ./experiments/results/smc/VerifyPIN_1_HB/VerifyPIN_1_HB--F4--C10--T10000--N100000--ORC--query.q:1
 -- Formula is satisfied.
 -- Result: (0/100000 runs) Pr(<> …) in [0,3.68881e-05] (95% CI)
 -- States explored : 0 states
 -- CPU user time used : 9056 ms
 -- Virtual memory used : 57076 KiB
 -- Resident memory used : 16092 KiB

Verifying formula 2 at ./experiments/results/smc/VerifyPIN_1_HB/VerifyPIN_1_HB--F4--C10--T10000--N100000--ORC--query.q:2
 -- Formula is satisfied.
 -- Result: (98632/100000 runs) Pr(<> …) in [0.985581,0.987031] (95% CI)
Values in [0.0014130119234323504,8904.6294893240556] mean=19.831943563704254 steps=28.268660559721063: 81288 14638 1199 277 796 128 87 6 18 75 1 3 12 6 5 0 3 0 10 0 0 0 1 3 1 0 0 0 6 0 0 0 0 0 0 0 0 0 0 0 0 2 11 1 0 0 0 8 0 0 0 0 0 0 0 0 0 0 0 0 0 0 0 0 0 0 0 0 0 0 0 0 0 0 0 0 0 0 0 0 5 2 0 0 0 5 0 0 0 0 0 0 0 0 0 0 0 0 0 0 0 0 0 0 0 0 0 0 0 0 0 0 0 0 0 0 0 0 0 0 0 0 0 0 0 0 0 0 0 0 0 0 0 0 0 0 0 0 0 0 0 0 0 0 0 0 0 0 0 0 0 0 0 0 0 0 2 1 0 0 0 4 2 0 0 0 0 0 0 0 0 0 0 0 0 0 0 0 0 0 0 0 0 0 0 0 0 0 0 0 0 0 0 0 0 0 0 0 0 0 0 0 0 0 0 0 0 0 0 0 0 0 0 0 0 0 0 0 0 0 0 0 0 0 0 0 0 0 0 0 0 0 0 0 0 0 0 0 0 0 0 0 0 0 0 0 0 0 0 0 0 0 0 0 0 0 0 0 0 0 0 0 0 0 0 0 0 0 0 0 0 0 0 0 0 0 0 0 0 0 0 0 0 0 0 0 0 0 0 0 0 0 0 0 0 0 0 0 0 0 0 0 0 0 0 0 0 0 0 1 21 0 0 0 4
 -- States explored : 0 states
 -- CPU user time used : 9281 ms
 -- Virtual memory used : 57852 KiB
 -- Resident memory used : 17308 KiB

Verifying formula 3 at ./experiments/results/smc/VerifyPIN_1_HB/VerifyPIN_1_HB--F4--C10--T10000--N100000--ORC--query.q:3
 -- Formula is satisfied.
 -- Result: (0/100000 runs) Pr(<> …) in [0,3.68881e-05] (95% CI)
 -- States explored : 0 states
 -- CPU user time used : 9642 ms
 -- Virtual memory used : 57852 KiB
 -- Resident memory used : 17308 KiB
