Options for the verification:
  Generating no trace
  Search order is breadth first
  Using conservative space optimisation
  Seed is 1742905472
  State space representation uses minimal constraint systems with future testing
  Using HashMap + Compress integers for discrete state storage

Verifying formula 1 at ./experiments/results/smc/VerifyPIN_1_HB/VerifyPIN_1_HB--F1--C10--T10000--N100000--IS--query.q:1
 -- Formula is satisfied.
 -- Result: (0/100000 runs) Pr(<> …) in [0,3.68881e-05] (95% CI)
 -- States explored : 0 states
 -- CPU user time used : 213976 ms
 -- Virtual memory used : 56744 KiB
 -- Resident memory used : 15672 KiB

Verifying formula 2 at ./experiments/results/smc/VerifyPIN_1_HB/VerifyPIN_1_HB--F1--C10--T10000--N100000--IS--query.q:2
 -- Formula is satisfied.
 -- Result: (34255/100000 runs) Pr(<> …) in [0.339608,0.345501] (95% CI)
Values in [0.00020071864128112796,37.999901545699686] mean=13.075487135121687 steps=0.20429946681214201: 415 443 439 438 423 393 432 421 453 405 430 428 443 415 409 369 420 443 413 401 442 428 429 423 446 408 399 406 415 457 399 451 417 425 427 391 407 421 420 440 413 403 428 435 404 457 424 458 416 449 429 395 435 461 423 475 379 439 323 0 0 0 0 0 0 0 0 0 0 0 0 0 0 0 0 0 0 0 0 0 0 0 0 0 0 0 0 0 0 0 0 0 0 0 0 0 0 0 0 0 0 0 0 0 0 0 0 0 0 0 0 0 0 0 0 0 0 0 0 0 0 0 0 0 0 0 0 103 154 176 148 175 157 179 170 178 163 162 152 166 174 164 152 150 143 167 154 165 134 171 179 161 154 173 162 164 154 171 154 150 134 158 154 174 183 155 143 146 156 150 162 150 173 139 156 154 162 161 153 153 150 160 139 168 170 143
 -- States explored : 0 states
 -- CPU user time used : 214572 ms
 -- Virtual memory used : 57768 KiB
 -- Resident memory used : 16804 KiB

Verifying formula 3 at ./experiments/results/smc/VerifyPIN_1_HB/VerifyPIN_1_HB--F1--C10--T10000--N100000--IS--query.q:3
 -- Formula is satisfied.
 -- Result: (0/100000 runs) Pr(<> …) in [0,3.68881e-05] (95% CI)
 -- States explored : 0 states
 -- CPU user time used : 227577 ms
 -- Virtual memory used : 57768 KiB
 -- Resident memory used : 16804 KiB
