Options for the verification:
  Generating no trace
  Search order is breadth first
  Using conservative space optimisation
  Seed is 1742941006
  State space representation uses minimal constraint systems with future testing
  Using HashMap + Compress integers for discrete state storage

Verifying formula 1 at ./experiments/results/smc/VerifyPIN_1_HB/VerifyPIN_1_HB--F4--C10--T10000--N100000--SC--query.q:1
 -- Formula is satisfied.
 -- Result: (0/100000 runs) Pr(<> …) in [0,3.68881e-05] (95% CI)
 -- States explored : 0 states
 -- CPU user time used : 749830 ms
 -- Virtual memory used : 56916 KiB
 -- Resident memory used : 17196 KiB

Verifying formula 2 at ./experiments/results/smc/VerifyPIN_1_HB/VerifyPIN_1_HB--F4--C10--T10000--N100000--SC--query.q:2
 -- Formula is satisfied.
 -- Result: (15715/100000 runs) Pr(<> …) in [0.154899,0.159421] (95% CI)
Values in [128.00003995466977,372.01841772440821] mean=130.89428798147779 steps=1.9366537918233213: 12339 738 350 381 386 393 406 153 136 84 70 74 84 74 36 2 0 0 0 0 0 1 0 1 1 1 0 1 0 0 0 0 0 0 0 0 0 0 0 0 0 0 0 0 1 1 0 0 0 0 0 0 0 0 0 0 0 0 0 0 0 0 0 0 0 0 0 0 0 0 0 0 0 1 0 0 0 0 0 0 0 0 0 0 0 0 0 0 0 0 0 0 0 0 0 0 0 0 0 0 0 0 0 0 0 0 0 0 0 0 0 0 0 0 0 0 0 0 0 0 0 0 0 0 0 1
 -- States explored : 0 states
 -- CPU user time used : 740271 ms
 -- Virtual memory used : 57164 KiB
 -- Resident memory used : 17812 KiB

Verifying formula 3 at ./experiments/results/smc/VerifyPIN_1_HB/VerifyPIN_1_HB--F4--C10--T10000--N100000--SC--query.q:3
 -- Formula is satisfied.
 -- Result: (0/100000 runs) Pr(<> …) in [0,3.68881e-05] (95% CI)
 -- States explored : 0 states
 -- CPU user time used : 760992 ms
 -- Virtual memory used : 57164 KiB
 -- Resident memory used : 17812 KiB
