Options for the verification:
  Generating no trace
  Search order is breadth first
  Using conservative space optimisation
  Seed is 1742933678
  State space representation uses minimal constraint systems with future testing
  Using HashMap + Compress integers for discrete state storage

Verifying formula 1 at ./experiments/results/smc/VerifyPIN_1_HB/VerifyPIN_1_HB--F3--C10--T10000--N100000--SC--query.q:1
 -- Formula is satisfied.
 -- Result: (0/100000 runs) Pr(<> …) in [0,3.68881e-05] (95% CI)
 -- States explored : 0 states
 -- CPU user time used : 791711 ms
 -- Virtual memory used : 56916 KiB
 -- Resident memory used : 17128 KiB

Verifying formula 2 at ./experiments/results/smc/VerifyPIN_1_HB/VerifyPIN_1_HB--F3--C10--T10000--N100000--SC--query.q:2
 -- Formula is satisfied.
 -- Result: (8420/100000 runs) Pr(<> …) in [0.082486,0.0859382] (95% CI)
Values in [128.00016178563237,155.9993244940415] mean=130.98947332857168 steps=0.30433872509140364: 1068 1031 987 969 1065 996 618 23 33 24 29 31 23 38 30 25 39 27 37 40 40 34 25 27 40 36 31 42 30 39 45 34 34 47 38 35 38 23 35 42 46 44 34 26 37 31 6 11 7 5 5 10 11 18 15 8 11 8 6 9 7 5 3 8 10 3 4 4 11 5 7 2 6 5 13 7 6 7 8 11 5 9 8 10 8 11 7 4 7 6 7 10
 -- States explored : 0 states
 -- CPU user time used : 794480 ms
 -- Virtual memory used : 57168 KiB
 -- Resident memory used : 17128 KiB

Verifying formula 3 at ./experiments/results/smc/VerifyPIN_1_HB/VerifyPIN_1_HB--F3--C10--T10000--N100000--SC--query.q:3
 -- Formula is satisfied.
 -- Result: (0/100000 runs) Pr(<> …) in [0,3.68881e-05] (95% CI)
 -- States explored : 0 states
 -- CPU user time used : 809889 ms
 -- Virtual memory used : 57168 KiB
 -- Resident memory used : 17128 KiB
