Options for the verification:
  Generating no trace
  Search order is breadth first
  Using conservative space optimisation
  Seed is 1742921805
  State space representation uses minimal constraint systems with future testing
  Using HashMap + Compress integers for discrete state storage

Verifying formula 1 at ./experiments/results/smc/VerifyPIN_0/VerifyPIN_0--F2-C10--T10000--N100000--ORC--query.q:1
 -- Formula is satisfied.
 -- Result: (0/100000 runs) Pr(<> …) in [0,3.68881e-05] (95% CI)
 -- States explored : 0 states
 -- CPU user time used : 35689 ms
 -- Virtual memory used : 57016 KiB
 -- Resident memory used : 15836 KiB

Verifying formula 2 at ./experiments/results/smc/VerifyPIN_0/VerifyPIN_0--F2-C10--T10000--N100000--ORC--query.q:2
 -- Formula is satisfied.
 -- Result: (93616/100000 runs) Pr(<> …) in [0.934627,0.937668] (95% CI)
Values in [0.00168150756508112,8774.426496504806] mean=18.286171751628512 steps=28.6745908986838: 81366 8410 227 200 3161 215 9 4 0 1 2 0 0 1 0 0 0 0 0 0 0 0 0 0 0 0 0 0 0 0 0 0 0 0 0 0 0 0 0 0 0 0 3 0 0 0 0 0 0 0 0 0 0 0 0 0 0 0 0 0 0 0 0 0 0 0 0 0 0 0 0 0 0 0 0 0 0 0 0 1 0 0 0 0 0 0 0 0 0 0 0 0 0 0 0 0 0 0 0 0 0 0 0 0 0 0 0 0 0 0 0 0 0 0 0 0 0 0 0 0 0 0 0 0 0 0 0 0 0 0 0 0 0 0 0 0 0 0 0 0 0 0 0 0 0 0 0 0 0 0 0 0 0 0 0 3 0 0 0 0 0 0 0 0 0 0 0 0 0 0 0 0 0 0 0 0 0 0 0 0 0 0 0 0 0 0 0 0 0 0 0 0 0 0 0 0 0 0 0 0 0 0 0 0 0 0 0 0 0 0 0 0 0 0 0 0 0 0 0 0 0 0 0 0 0 0 0 0 0 0 0 0 0 0 0 0 0 0 0 0 0 0 0 0 0 0 0 0 0 0 0 0 0 0 0 0 0 0 0 0 0 0 0 0 0 0 0 0 0 0 0 0 0 0 0 0 0 0 0 0 0 0 0 0 0 0 0 0 0 0 0 0 0 0 0 0 0 0 0 0 0 0 0 0 0 13
 -- States explored : 0 states
 -- CPU user time used : 25641 ms
 -- Virtual memory used : 57760 KiB
 -- Resident memory used : 17204 KiB

Verifying formula 3 at ./experiments/results/smc/VerifyPIN_0/VerifyPIN_0--F2-C10--T10000--N100000--ORC--query.q:3
 -- Formula is satisfied.
 -- Result: (0/100000 runs) Pr(<> …) in [0,3.68881e-05] (95% CI)
 -- States explored : 0 states
 -- CPU user time used : 26773 ms
 -- Virtual memory used : 57760 KiB
 -- Resident memory used : 17204 KiB
