Options for the verification:
  Generating no trace
  Search order is breadth first
  Using conservative space optimisation
  Seed is 1742937657
  State space representation uses minimal constraint systems with future testing
  Using HashMap + Compress integers for discrete state storage

Verifying formula 1 at ./experiments/results/smc/VerifyPIN_0/VerifyPIN_0--F4-C10--T10000--N100000--IS--query.q:1
 -- Formula is satisfied.
 -- Result: (1/100000 runs) Pr(<> …) in [2.53178e-07,5.57152e-05] (95% CI)
Values in [180,180] mean=180 steps=2.2204460492503131e-16: 1
 -- States explored : 0 states
 -- CPU user time used : 133205 ms
 -- Virtual memory used : 56696 KiB
 -- Resident memory used : 17000 KiB

Verifying formula 2 at ./experiments/results/smc/VerifyPIN_0/VerifyPIN_0--F4-C10--T10000--N100000--IS--query.q:2
 -- Formula is satisfied.
 -- Result: (59427/100000 runs) Pr(<> …) in [0.591219,0.597316] (95% CI)
Values in [0.00053889770060777675,242.49234930146486] mean=28.906001404756704 steps=0.99381889509739463: 2111 2089 2111 2084 2058 2107 2066 2087 1963 2034 2084 2158 147 0 1372 1564 1501 1529 1509 1583 1565 1571 1539 1502 1608 1593 893 813 779 797 801 803 772 732 723 769 737 744 206 0 0 0 0 0 0 0 0 0 0 0 0 0 0 0 0 0 0 0 0 0 0 0 0 0 0 0 0 0 0 0 0 0 0 0 0 0 0 0 0 0 0 0 0 0 0 0 0 0 0 0 0 0 0 0 6 15 16 21 14 19 22 17 25 23 39 45 38 26 32 52 41 34 33 44 47 41 35 21 163 558 447 25 23 18 16 24 76 279 440 495 347 63 52 11 13 18 64 147 127 148 91 41 35 13 17 8 8 7 7 12 10 11 13 3 2 1 2 1 0 0 2 2 1 0 0 0 0 0 0 1 0 0 0 0 0 0 0 247 270 34 1 0 0 0 3 133 193 265 227 49 2 0 0 1 19 72 88 75 57 13 1 0 0 0 2 8 4 3 3 0 0 0 0 0 0 0 0 0 0 0 0 0 0 0 0 0 0 0 0 0 0 0 0 0 0 0 0 0 0 0 0 0 2 3
 -- States explored : 0 states
 -- CPU user time used : 133544 ms
 -- Virtual memory used : 57720 KiB
 -- Resident memory used : 18140 KiB

Verifying formula 3 at ./experiments/results/smc/VerifyPIN_0/VerifyPIN_0--F4-C10--T10000--N100000--IS--query.q:3
 -- Formula is satisfied.
 -- Result: (0/100000 runs) Pr(<> …) in [0,3.68881e-05] (95% CI)
 -- States explored : 0 states
 -- CPU user time used : 139195 ms
 -- Virtual memory used : 57720 KiB
 -- Resident memory used : 18140 KiB
