Options for the verification:
  Generating no trace
  Search order is breadth first
  Using conservative space optimisation
  Seed is 1742944851
  State space representation uses minimal constraint systems with future testing
  Using HashMap + Compress integers for discrete state storage

Verifying formula 1 at ./experiments/results/smc/VerifyPIN_0/VerifyPIN_0--F5-C10--T10000--N100000--IS--query.q:1
 -- Formula is satisfied.
 -- Result: (30/100000 runs) Pr(<> …) in [0.000202418,0.000428241] (95% CI)
Values in [158,225] mean=171.63333333333333 steps=11.166666666666666: 23 4 0 0 0 1 2
 -- States explored : 0 states
 -- CPU user time used : 117779 ms
 -- Virtual memory used : 56696 KiB
 -- Resident memory used : 15684 KiB

Verifying formula 2 at ./experiments/results/smc/VerifyPIN_0/VerifyPIN_0--F5-C10--T10000--N100000--IS--query.q:2
 -- Formula is satisfied.
 -- Result: (64415/100000 runs) Pr(<> …) in [0.641173,0.647118] (95% CI)
Values in [0.00019606668502092364,305.30986449960619] mean=37.077678443555904 steps=1.2020065686335482: 2528 2574 2565 2435 2506 2461 2501 2413 2498 2451 0 654 1920 1890 1898 1822 1868 1919 1848 1833 1818 1533 978 886 916 882 895 951 932 973 949 612 0 0 0 0 0 0 0 0 0 0 0 0 0 0 0 0 0 0 0 0 0 0 0 0 0 0 0 0 0 0 0 0 0 0 0 0 7 13 4 6 11 6 7 26 34 43 54 65 41 60 77 71 92 85 103 78 457 468 91 60 67 66 129 589 735 754 341 237 67 68 161 405 448 449 373 271 134 105 50 66 72 109 101 91 78 75 23 35 14 16 23 24 18 10 13 4 3 1 2 5 5 2 3 2 121 247 21 3 5 2 24 235 407 506 232 11 0 8 67 243 333 294 186 28 1 6 34 22 55 48 35 12 2 2 1 3 4 6 2 0 0 1 0 0 1 0 0 0 0 0 0 1 0 0 1 1 0 0 5 11 2 0 0 1 2 0 20 13 3 0 1 1 0 1 11 7 0 2 0 0 0 1 0 0 0 0 0 0 0 0 0 0 0 0 0 0 0 0 0 0 0 0 2 1 0 0 0 0 0 0 2 1 1 1 0 0 0 0 1 0 1 1
 -- States explored : 0 states
 -- CPU user time used : 118699 ms
 -- Virtual memory used : 57716 KiB
 -- Resident memory used : 16648 KiB

Verifying formula 3 at ./experiments/results/smc/VerifyPIN_0/VerifyPIN_0--F5-C10--T10000--N100000--IS--query.q:3
 -- Formula is satisfied.
 -- Result: (0/100000 runs) Pr(<> …) in [0,3.68881e-05] (95% CI)
 -- States explored : 0 states
 -- CPU user time used : 122182 ms
 -- Virtual memory used : 57716 KiB
 -- Resident memory used : 16648 KiB
