Options for the verification:
  Generating no trace
  Search order is breadth first
  Using conservative space optimisation
  Seed is 1742938768
  State space representation uses minimal constraint systems with future testing
  Using HashMap + Compress integers for discrete state storage

Verifying formula 1 at ./experiments/results/smc/VerifyPIN_0/VerifyPIN_0--F4-C10--T10000--N100000--SC--query.q:1
 -- Formula is satisfied.
 -- Result: (0/100000 runs) Pr(<> …) in [0,3.68881e-05] (95% CI)
 -- States explored : 0 states
 -- CPU user time used : 745835 ms
 -- Virtual memory used : 56864 KiB
 -- Resident memory used : 15868 KiB

Verifying formula 2 at ./experiments/results/smc/VerifyPIN_0/VerifyPIN_0--F4-C10--T10000--N100000--SC--query.q:2
 -- Formula is satisfied.
 -- Result: (15817/100000 runs) Pr(<> …) in [0.155913,0.160447] (95% CI)
Values in [128.00008627679199,426.98339592758566] mean=131.44643175231113 steps=2.3728834099269345: 12927 357 400 383 409 351 1 79 136 182 205 213 120 46 0 0 0 0 0 0 0 0 0 0 1 0 0 0 0 0 0 0 0 0 0 0 3 0 0 0 0 0 0 0 0 0 0 0 0 0 0 0 0 0 0 0 0 0 0 0 0 0 0 0 0 0 0 0 0 0 0 0 0 0 0 0 0 0 0 0 0 0 0 0 0 0 0 0 0 0 0 0 0 0 0 0 0 0 0 0 0 0 0 0 0 0 0 0 0 0 0 0 0 0 0 0 0 0 0 0 0 0 1 2 0 1
 -- States explored : 0 states
 -- CPU user time used : 737821 ms
 -- Virtual memory used : 57116 KiB
 -- Resident memory used : 18196 KiB

Verifying formula 3 at ./experiments/results/smc/VerifyPIN_0/VerifyPIN_0--F4-C10--T10000--N100000--SC--query.q:3
 -- Formula is satisfied.
 -- Result: (0/100000 runs) Pr(<> …) in [0,3.68881e-05] (95% CI)
 -- States explored : 0 states
 -- CPU user time used : 754537 ms
 -- Virtual memory used : 57116 KiB
 -- Resident memory used : 18224 KiB
