Options for the verification:
  Generating no trace
  Search order is breadth first
  Using conservative space optimisation
  Seed is 1742945868
  State space representation uses minimal constraint systems with future testing
  Using HashMap + Compress integers for discrete state storage

Verifying formula 1 at ./experiments/results/smc/VerifyPIN_0/VerifyPIN_0--F5-C10--T10000--N100000--SC--query.q:1
 -- Formula is satisfied.
 -- Result: (0/100000 runs) Pr(<> …) in [0,3.68881e-05] (95% CI)
 -- States explored : 0 states
 -- CPU user time used : 685027 ms
 -- Virtual memory used : 56868 KiB
 -- Resident memory used : 15764 KiB

Verifying formula 2 at ./experiments/results/smc/VerifyPIN_0/VerifyPIN_0--F5-C10--T10000--N100000--SC--query.q:2
 -- Formula is satisfied.
 -- Result: (22225/100000 runs) Pr(<> …) in [0.219676,0.22484] (95% CI)
Values in [128.00001619756222,425.66264406125993] mean=131.28050580818683 steps=1.9844175190913185: 18133 589 455 402 438 427 443 27 59 113 212 232 210 206 158 89 15 0 0 1 0 0 0 0 0 0 2 1 0 0 0 0 0 0 1 0 0 0 0 2 1 1 0 2 1 0 0 0 0 0 0 0 0 0 0 0 0 0 0 0 0 0 0 0 0 0 0 0 0 0 0 0 0 0 0 0 0 0 0 0 0 0 0 0 0 0 0 0 0 0 0 0 0 0 0 0 0 0 0 0 0 0 0 0 0 0 0 0 0 0 0 0 0 0 0 0 0 0 0 0 0 0 0 0 0 0 0 0 0 0 0 0 0 0 0 0 0 0 0 0 0 0 0 0 0 1 1 2 0 1
 -- States explored : 0 states
 -- CPU user time used : 687799 ms
 -- Virtual memory used : 57376 KiB
 -- Resident memory used : 17000 KiB

Verifying formula 3 at ./experiments/results/smc/VerifyPIN_0/VerifyPIN_0--F5-C10--T10000--N100000--SC--query.q:3
 -- Formula is satisfied.
 -- Result: (0/100000 runs) Pr(<> …) in [0,3.68881e-05] (95% CI)
 -- States explored : 0 states
 -- CPU user time used : 699177 ms
 -- Virtual memory used : 57376 KiB
 -- Resident memory used : 17000 KiB
