Options for the verification:
  Generating no trace
  Search order is breadth first
  Using conservative space optimisation
  Seed is 1742922115
  State space representation uses minimal constraint systems with future testing
  Using HashMap + Compress integers for discrete state storage

Verifying formula 1 at ./experiments/results/smc/VerifyPIN_0/VerifyPIN_0--F2-C10--T10000--N100000--IS--query.q:1
 -- Formula is satisfied.
 -- Result: (0/100000 runs) Pr(<> …) in [0,3.68881e-05] (95% CI)
 -- States explored : 0 states
 -- CPU user time used : 153401 ms
 -- Virtual memory used : 56692 KiB
 -- Resident memory used : 15568 KiB

Verifying formula 2 at ./experiments/results/smc/VerifyPIN_0/VerifyPIN_0--F2-C10--T10000--N100000--IS--query.q:2
 -- Formula is satisfied.
 -- Result: (53303/100000 runs) Pr(<> …) in [0.529932,0.536126] (95% CI)
Values in [0.00015456788241863253,211.72256462927908] mean=15.720053741966201 steps=0.91654722970301605: 1863 1896 1889 1947 1940 1954 1891 1862 1971 1964 1908 1919 1816 182 0 1051 1447 1480 1476 1396 1451 1452 1452 1419 1483 1446 1445 1435 957 689 665 698 684 703 728 708 684 737 720 724 764 335 0 0 0 0 0 0 0 0 0 0 0 0 0 0 0 0 0 0 0 0 0 0 0 0 0 0 0 0 0 0 0 0 0 0 0 0 0 0 0 0 0 0 0 0 0 0 0 0 0 0 0 0 0 0 0 0 0 0 0 0 0 0 0 0 0 0 0 0 0 0 0 0 0 0 0 0 0 0 0 0 0 0 0 0 0 0 1 0 0 1 0 0 0 0 1 2 1 0 2 4 0 1 0 0 0 1 0 0 0 0 0 0 0 16 11 0 1 0 0 0 0 0 1 3 5 1 0 0 0 0 0 0 0 0 0 2 0 0 0 0 0 0 0 0 0 0 0 0 0 0 0 0 0 0 0 0 0 0 0 0 0 0 0 0 0 0 0 0 0 0 0 0 0 0 0 0 7 2 1 0 0 0 0 0 0 3 0 2 3
 -- States explored : 0 states
 -- CPU user time used : 153705 ms
 -- Virtual memory used : 57716 KiB
 -- Resident memory used : 17224 KiB

Verifying formula 3 at ./experiments/results/smc/VerifyPIN_0/VerifyPIN_0--F2-C10--T10000--N100000--IS--query.q:3
 -- Formula is satisfied.
 -- Result: (0/100000 runs) Pr(<> …) in [0,3.68881e-05] (95% CI)
 -- States explored : 0 states
 -- CPU user time used : 160215 ms
 -- Virtual memory used : 57716 KiB
 -- Resident memory used : 17224 KiB
