Options for the verification:
  Generating no trace
  Search order is breadth first
  Using conservative space optimisation
  Seed is 1742929879
  State space representation uses minimal constraint systems with future testing
  Using HashMap + Compress integers for discrete state storage

Verifying formula 1 at ./experiments/results/smc/VerifyPIN_0/VerifyPIN_0--F3-C10--T10000--N100000--ORC--query.q:1
 -- Formula is satisfied.
 -- Result: (0/100000 runs) Pr(<> …) in [0,3.68881e-05] (95% CI)
 -- States explored : 0 states
 -- CPU user time used : 12752 ms
 -- Virtual memory used : 57008 KiB
 -- Resident memory used : 15968 KiB

Verifying formula 2 at ./experiments/results/smc/VerifyPIN_0/VerifyPIN_0--F3-C10--T10000--N100000--ORC--query.q:2
 -- Formula is satisfied.
 -- Result: (97611/100000 runs) Pr(<> …) in [0.975145,0.977048] (95% CI)
Values in [0.00070745637640357028,9114.5213298425078] mean=20.420659249203858 steps=29.119874192926943: 82388 12974 564 254 1168 138 10 7 3 24 3 0 1 4 0 0 0 0 0 0 0 0 6 2 0 0 0 0 0 0 0 0 0 0 0 0 0 0 0 0 0 6 0 0 0 0 0 0 0 0 0 0 0 0 0 0 0 0 0 0 0 0 0 0 0 0 0 0 0 0 0 0 0 0 0 0 0 1 8 0 0 0 0 0 0 0 0 0 0 0 0 0 0 0 0 0 0 0 0 0 0 0 0 0 0 0 0 0 0 0 0 0 0 0 0 0 0 0 0 0 0 0 0 0 0 0 0 0 0 0 0 0 0 0 0 0 0 0 0 0 0 0 0 0 0 0 0 0 0 0 0 1 5 0 0 0 0 0 0 0 0 0 0 0 0 0 0 0 0 0 0 0 0 0 0 0 0 0 0 0 0 0 0 0 0 0 0 0 0 0 0 0 0 0 0 0 0 0 0 0 0 0 0 0 0 0 0 0 0 0 0 0 0 0 0 0 0 0 0 0 0 0 0 0 0 0 0 0 0 0 0 0 0 0 0 0 0 0 0 0 0 0 0 0 0 0 0 0 0 0 0 0 0 0 0 0 0 0 0 0 0 0 0 0 0 0 0 0 0 0 0 0 0 0 0 0 0 0 0 0 0 0 0 0 0 0 0 0 0 0 0 0 0 0 0 0 0 0 0 0 2 36 0 0 0 0 0 0 4 0 0 0 2
 -- States explored : 0 states
 -- CPU user time used : 12514 ms
 -- Virtual memory used : 57780 KiB
 -- Resident memory used : 16992 KiB

Verifying formula 3 at ./experiments/results/smc/VerifyPIN_0/VerifyPIN_0--F3-C10--T10000--N100000--ORC--query.q:3
 -- Formula is satisfied.
 -- Result: (0/100000 runs) Pr(<> …) in [0,3.68881e-05] (95% CI)
 -- States explored : 0 states
 -- CPU user time used : 12884 ms
 -- Virtual memory used : 57780 KiB
 -- Resident memory used : 16992 KiB
