Options for the verification:
  Generating no trace
  Search order is breadth first
  Using conservative space optimisation
  Seed is 1742904817
  State space representation uses minimal constraint systems with future testing
  Using HashMap + Compress integers for discrete state storage

Verifying formula 1 at ./experiments/results/smc/VerifyPIN_0/VerifyPIN_0--F1-C10--T10000--N100000--IS--query.q:1
 -- Formula is satisfied.
 -- Result: (0/100000 runs) Pr(<> …) in [0,3.68881e-05] (95% CI)
 -- States explored : 0 states
 -- CPU user time used : 215465 ms
 -- Virtual memory used : 56688 KiB
 -- Resident memory used : 15732 KiB

Verifying formula 2 at ./experiments/results/smc/VerifyPIN_0/VerifyPIN_0--F1-C10--T10000--N100000--IS--query.q:2
 -- Formula is satisfied.
 -- Result: (34236/100000 runs) Pr(<> …) in [0.339419,0.34531] (95% CI)
Values in [0.00098079442977905295,213.96079317573458] mean=13.060673265571531 steps=1.1503215719424991: 2430 2348 2292 2433 2469 2402 2402 2390 2397 2304 1061 0 0 0 0 0 0 0 0 0 0 0 341 893 934 888 914 902 911 908 887 847 858 23 0 0 0 0 0 0 0 0 0 0 0 0 0 0 0 0 0 0 0 0 0 0 0 0 0 0 0 0 0 0 0 0 0 0 0 0 0 0 0 0 0 0 0 0 0 0 0 0 0 0 0 0 0 0 0 0 0 0 0 0 0 0 0 0 0 0 0 0 0 0 0 0 0 0 0 0 0 0 0 0 0 0 0 0 0 0 0 0 0 0 0 0 0 0 0 0 0 0 0 0 0 0 0 0 0 0 0 0 0 0 0 0 0 0 0 0 0 0 0 0 0 0 0 0 0 0 0 0 0 0 0 0 0 0 0 0 0 0 0 0 0 0 0 0 0 0 0 0 0 0 0 2
 -- States explored : 0 states
 -- CPU user time used : 215362 ms
 -- Virtual memory used : 57712 KiB
 -- Resident memory used : 16812 KiB

Verifying formula 3 at ./experiments/results/smc/VerifyPIN_0/VerifyPIN_0--F1-C10--T10000--N100000--IS--query.q:3
 -- Formula is satisfied.
 -- Result: (0/100000 runs) Pr(<> …) in [0,3.68881e-05] (95% CI)
 -- States explored : 0 states
 -- CPU user time used : 224649 ms
 -- Virtual memory used : 57712 KiB
 -- Resident memory used : 18216 KiB
