Options for the verification:
  Generating no trace
  Search order is breadth first
  Using conservative space optimisation
  Seed is 1742923339
  State space representation uses minimal constraint systems with future testing
  Using HashMap + Compress integers for discrete state storage

Verifying formula 1 at ./experiments/results/smc/VerifyPIN_0/VerifyPIN_0--F2-C10--T10000--N100000--SC--query.q:1
 -- Formula is satisfied.
 -- Result: (0/100000 runs) Pr(<> …) in [0,3.68881e-05] (95% CI)
 -- States explored : 0 states
 -- CPU user time used : 848315 ms
 -- Virtual memory used : 56868 KiB
 -- Resident memory used : 17168 KiB

Verifying formula 2 at ./experiments/results/smc/VerifyPIN_0/VerifyPIN_0--F2-C10--T10000--N100000--SC--query.q:2
 -- Formula is satisfied.
 -- Result: (724/100000 runs) Pr(<> …) in [0.00672387,0.00778501] (95% CI)
Values in [128.00111691746861,159.93878689128906] mean=131.34804708399881 steps=1.1828766656970537: 348 246 11 9 11 6 8 4 10 10 9 5 0 0 0 2 2 7 5 4 5 5 1 5 5 2 4
 -- States explored : 0 states
 -- CPU user time used : 853887 ms
 -- Virtual memory used : 56868 KiB
 -- Resident memory used : 17168 KiB

Verifying formula 3 at ./experiments/results/smc/VerifyPIN_0/VerifyPIN_0--F2-C10--T10000--N100000--SC--query.q:3
 -- Formula is satisfied.
 -- Result: (0/100000 runs) Pr(<> …) in [0,3.68881e-05] (95% CI)
 -- States explored : 0 states
 -- CPU user time used : 866573 ms
 -- Virtual memory used : 56868 KiB
 -- Resident memory used : 17168 KiB
