Options for the verification:
  Generating no trace
  Search order is breadth first
  Using conservative space optimisation
  Seed is 1743142750
  State space representation uses minimal constraint systems with future testing
  Using HashMap + Compress integers for discrete state storage

Verifying formula 1 at ./experiments/results/reachability-symbolic/VerifyPIN_2_HB+FTL/VerifyPIN_2_HB+FTL--F3--C100--IS--query.q:1
 -- Formula is satisfied.
 -- States explored : 0 states
 -- CPU user time used : 1750 ms
 -- Virtual memory used : 112568 KiB
 -- Resident memory used : 70348 KiB

Verifying formula 2 at ./experiments/results/reachability-symbolic/VerifyPIN_2_HB+FTL/VerifyPIN_2_HB+FTL--F3--C100--IS--query.q:2
 -- Formula is satisfied.
 -- States stored : 10364 states
 -- States explored : 10440 states
 -- CPU user time used : 67 ms
 -- Virtual memory used : 112568 KiB
 -- Resident memory used : 70348 KiB
