Options for the verification:
  Generating no trace
  Search order is breadth first
  Using conservative space optimisation
  Seed is 1743098140
  State space representation uses minimal constraint systems with future testing
  Using HashMap + Compress integers for discrete state storage

Verifying formula 1 at ./experiments/results/reachability-symbolic/VerifyPIN_2_HB+FTL/VerifyPIN_2_HB+FTL--F2--C100--IS--query.q:1
 -- Formula is satisfied.
 -- States explored : 0 states
 -- CPU user time used : 405 ms
 -- Virtual memory used : 73960 KiB
 -- Resident memory used : 31524 KiB

Verifying formula 2 at ./experiments/results/reachability-symbolic/VerifyPIN_2_HB+FTL/VerifyPIN_2_HB+FTL--F2--C100--IS--query.q:2
 -- Formula is satisfied.
 -- States stored : 6350 states
 -- States explored : 6425 states
 -- CPU user time used : 40 ms
 -- Virtual memory used : 77748 KiB
 -- Resident memory used : 35236 KiB
