Options for the verification:
  Generating no trace
  Search order is breadth first
  Using conservative space optimisation
  Seed is 1743096262
  State space representation uses minimal constraint systems with future testing
  Using HashMap + Compress integers for discrete state storage

Verifying formula 1 at ./experiments/results/reachability-symbolic/VerifyPIN_2_HB+FTL/VerifyPIN_2_HB+FTL--F2--C100--ORC--query.q:1
 -- Formula is satisfied.
 -- States explored : 0 states
 -- CPU user time used : 136915 ms
 -- Virtual memory used : 7340340 KiB
 -- Resident memory used : 7297072 KiB

Verifying formula 2 at ./experiments/results/reachability-symbolic/VerifyPIN_2_HB+FTL/VerifyPIN_2_HB+FTL--F2--C100--ORC--query.q:2
 -- Formula is satisfied.
 -- States stored : 788702 states
 -- States explored : 788145 states
 -- CPU user time used : 5250 ms
 -- Virtual memory used : 7340340 KiB
 -- Resident memory used : 7297072 KiB
