Options for the verification:
  Generating no trace
  Search order is breadth first
  Using conservative space optimisation
  Seed is 1743096000
  State space representation uses minimal constraint systems with future testing
  Using HashMap + Compress integers for discrete state storage

Verifying formula 1 at ./experiments/results/reachability-symbolic/VerifyPIN_2_HB+FTL/VerifyPIN_2_HB+FTL--F1--C100--SC--query.q:1
 -- Formula is satisfied.
 -- States explored : 0 states
 -- CPU user time used : 14251 ms
 -- Virtual memory used : 163016 KiB
 -- Resident memory used : 120288 KiB

Verifying formula 2 at ./experiments/results/reachability-symbolic/VerifyPIN_2_HB+FTL/VerifyPIN_2_HB+FTL--F1--C100--SC--query.q:2
 -- Formula is satisfied.
 -- States stored : 326181 states
 -- States explored : 326755 states
 -- CPU user time used : 3179 ms
 -- Virtual memory used : 142748 KiB
 -- Resident memory used : 100316 KiB
