Options for the verification:
  Generating no trace
  Search order is breadth first
  Using conservative space optimisation
  Seed is 1743095957
  State space representation uses minimal constraint systems with future testing
  Using HashMap + Compress integers for discrete state storage

Verifying formula 1 at ./experiments/results/reachability-symbolic/VerifyPIN_2_HB+FTL/VerifyPIN_2_HB+FTL--F1--C100--ORC--query.q:1
 -- Formula is satisfied.
 -- States explored : 0 states
 -- CPU user time used : 1209 ms
 -- Virtual memory used : 127148 KiB
 -- Resident memory used : 84352 KiB

Verifying formula 2 at ./experiments/results/reachability-symbolic/VerifyPIN_2_HB+FTL/VerifyPIN_2_HB+FTL--F1--C100--ORC--query.q:2
 -- Formula is satisfied.
 -- States stored : 43790 states
 -- States explored : 43440 states
 -- CPU user time used : 273 ms
 -- Virtual memory used : 127148 KiB
 -- Resident memory used : 84352 KiB
