Options for the verification:
  Generating no trace
  Search order is breadth first
  Using conservative space optimisation
  Seed is 1743096409
  State space representation uses minimal constraint systems with future testing
  Using HashMap + Compress integers for discrete state storage

Verifying formula 1 at ./experiments/results/reachability-symbolic/VerifyPIN_3_HB+FTL+INL/VerifyPIN_3_HB+FTL+INL--F2--C100--ORC--query.q:1
 -- Formula is satisfied.
 -- States explored : 0 states
 -- CPU user time used : 107385 ms
 -- Virtual memory used : 5417048 KiB
 -- Resident memory used : 5373676 KiB

Verifying formula 2 at ./experiments/results/reachability-symbolic/VerifyPIN_3_HB+FTL+INL/VerifyPIN_3_HB+FTL+INL--F2--C100--ORC--query.q:2
 -- Formula is satisfied.
 -- States stored : 1107017 states
 -- States explored : 1083733 states
 -- CPU user time used : 7080 ms
 -- Virtual memory used : 5417048 KiB
 -- Resident memory used : 5373676 KiB
