Options for the verification:
  Generating no trace
  Search order is breadth first
  Using conservative space optimisation
  Seed is 1743215614
  State space representation uses minimal constraint systems with future testing
  Using HashMap + Compress integers for discrete state storage

Verifying formula 1 at ./experiments/results/reachability-symbolic/VerifyPIN_3_HB+FTL+INL/VerifyPIN_3_HB+FTL+INL--F4--C100--IS--query.q:1
 -- Formula is satisfied.
 -- States explored : 0 states
 -- CPU user time used : 1877 ms
 -- Virtual memory used : 104464 KiB
 -- Resident memory used : 62008 KiB

Verifying formula 2 at ./experiments/results/reachability-symbolic/VerifyPIN_3_HB+FTL+INL/VerifyPIN_3_HB+FTL+INL--F4--C100--IS--query.q:2
 -- Formula is satisfied.
 -- States stored : 99299 states
 -- States explored : 100898 states
 -- CPU user time used : 647 ms
 -- Virtual memory used : 104464 KiB
 -- Resident memory used : 62008 KiB
