Options for the verification:
  Generating no trace
  Search order is breadth first
  Using conservative space optimisation
  Seed is 1743104641
  State space representation uses minimal constraint systems with future testing
  Using HashMap + Compress integers for discrete state storage

Verifying formula 1 at ./experiments/results/reachability-symbolic/VerifyPIN_3_HB+FTL+INL/VerifyPIN_3_HB+FTL+INL--F2--C100--SC--query.q:1
 -- Formula is satisfied.
 -- States explored : 0 states
 -- CPU user time used : 3600168 ms
 -- Virtual memory used : 24862872 KiB
 -- Resident memory used : 24818920 KiB

Verifying formula 2 at ./experiments/results/reachability-symbolic/VerifyPIN_3_HB+FTL+INL/VerifyPIN_3_HB+FTL+INL--F2--C100--SC--query.q:2
 -- Formula is satisfied.
 -- States stored : 23788893 states
 -- States explored : 22946055 states
 -- CPU user time used : 234247 ms
 -- Virtual memory used : 24993948 KiB
 -- Resident memory used : 24950128 KiB
