Options for the verification:
  Generating no trace
  Search order is breadth first
  Using conservative space optimisation
  Seed is 1743098140
  State space representation uses minimal constraint systems with future testing
  Using HashMap + Compress integers for discrete state storage

Verifying formula 1 at ./experiments/results/reachability-symbolic/VerifyPIN_3_HB+FTL+INL/VerifyPIN_3_HB+FTL+INL--F2--C100--IS--query.q:1
 -- Formula is satisfied.
 -- States explored : 0 states
 -- CPU user time used : 263 ms
 -- Virtual memory used : 67424 KiB
 -- Resident memory used : 24736 KiB

Verifying formula 2 at ./experiments/results/reachability-symbolic/VerifyPIN_3_HB+FTL+INL/VerifyPIN_3_HB+FTL+INL--F2--C100--IS--query.q:2
 -- Formula is satisfied.
 -- States stored : 27409 states
 -- States explored : 27961 states
 -- CPU user time used : 176 ms
 -- Virtual memory used : 72708 KiB
 -- Resident memory used : 29728 KiB
