Options for the verification:
  Generating no trace
  Search order is breadth first
  Using conservative space optimisation
  Seed is 1743096238
  State space representation uses minimal constraint systems with future testing
  Using HashMap + Compress integers for discrete state storage

Verifying formula 1 at ./experiments/results/reachability-symbolic/VerifyPIN_1_HB/VerifyPIN_1_HB--F2--C100--ORC--query.q:1
 -- Formula is satisfied.
 -- States explored : 0 states
 -- CPU user time used : 19456 ms
 -- Virtual memory used : 1008340 KiB
 -- Resident memory used : 965380 KiB

Verifying formula 2 at ./experiments/results/reachability-symbolic/VerifyPIN_1_HB/VerifyPIN_1_HB--F2--C100--ORC--query.q:2
 -- Formula is satisfied.
 -- States stored : 464219 states
 -- States explored : 455615 states
 -- CPU user time used : 2756 ms
 -- Virtual memory used : 1008340 KiB
 -- Resident memory used : 965380 KiB
