Options for the verification:
  Generating no trace
  Search order is breadth first
  Using conservative space optimisation
  Seed is 1743095956
  State space representation uses minimal constraint systems with future testing
  Using HashMap + Compress integers for discrete state storage

Verifying formula 1 at ./experiments/results/reachability-symbolic/VerifyPIN_1_HB/VerifyPIN_1_HB--F1--C100--ORC--query.q:1
 -- Formula is satisfied.
 -- States explored : 0 states
 -- CPU user time used : 338 ms
 -- Virtual memory used : 77636 KiB
 -- Resident memory used : 34660 KiB

Verifying formula 2 at ./experiments/results/reachability-symbolic/VerifyPIN_1_HB/VerifyPIN_1_HB--F1--C100--ORC--query.q:2
 -- Formula is satisfied.
 -- States stored : 33402 states
 -- States explored : 33077 states
 -- CPU user time used : 184 ms
 -- Virtual memory used : 81112 KiB
 -- Resident memory used : 38116 KiB
