Options for the verification:
  Generating no trace
  Search order is breadth first
  Using conservative space optimisation
  Seed is 1743095987
  State space representation uses minimal constraint systems with future testing
  Using HashMap + Compress integers for discrete state storage

Verifying formula 1 at ./experiments/results/reachability-symbolic/VerifyPIN_1_HB/VerifyPIN_1_HB--F1--C100--SC--query.q:1
 -- Formula is satisfied.
 -- States explored : 0 states
 -- CPU user time used : 9528 ms
 -- Virtual memory used : 108136 KiB
 -- Resident memory used : 65052 KiB

Verifying formula 2 at ./experiments/results/reachability-symbolic/VerifyPIN_1_HB/VerifyPIN_1_HB--F1--C100--SC--query.q:2
 -- Formula is satisfied.
 -- States stored : 362960 states
 -- States explored : 360926 states
 -- CPU user time used : 3322 ms
 -- Virtual memory used : 108136 KiB
 -- Resident memory used : 65252 KiB
