Options for the verification:
  Generating no trace
  Search order is breadth first
  Using conservative space optimisation
  Seed is 1743215608
  State space representation uses minimal constraint systems with future testing
  Using HashMap + Compress integers for discrete state storage

Verifying formula 1 at ./experiments/results/reachability-symbolic/VerifyPIN_1_HB/VerifyPIN_1_HB--F4--C100--IS--query.q:1
 -- Formula is satisfied.
 -- States explored : 0 states
 -- CPU user time used : 752 ms
 -- Virtual memory used : 80800 KiB
 -- Resident memory used : 38092 KiB

Verifying formula 2 at ./experiments/results/reachability-symbolic/VerifyPIN_1_HB/VerifyPIN_1_HB--F4--C100--IS--query.q:2
 -- Formula is satisfied.
 -- States stored : 3898 states
 -- States explored : 3906 states
 -- CPU user time used : 23 ms
 -- Virtual memory used : 84620 KiB
 -- Resident memory used : 41804 KiB
