Options for the verification:
  Generating no trace
  Search order is breadth first
  Using conservative space optimisation
  Seed is 1743136170
  State space representation uses minimal constraint systems with future testing
  Using HashMap + Compress integers for discrete state storage

Verifying formula 1 at ./experiments/results/reachability-symbolic/VerifyPIN_1_HB/VerifyPIN_1_HB--F3--C100--ORC--query.q:1
 -- Formula is satisfied.
 -- States explored : 0 states
 -- CPU user time used : 143544 ms
 -- Virtual memory used : 5993984 KiB
 -- Resident memory used : 5951764 KiB

Verifying formula 2 at ./experiments/results/reachability-symbolic/VerifyPIN_1_HB/VerifyPIN_1_HB--F3--C100--ORC--query.q:2
 -- Formula is satisfied.
 -- States stored : 1557535 states
 -- States explored : 1765346 states
 -- CPU user time used : 13343 ms
 -- Virtual memory used : 5993984 KiB
 -- Resident memory used : 5951764 KiB
