Options for the verification:
  Generating no trace
  Search order is breadth first
  Using conservative space optimisation
  Seed is 1743028766
  State space representation uses minimal constraint systems with future testing
  Using HashMap + Compress integers for discrete state storage

Verifying formula 1 at ./experiments/results/symbolic/VerifyPIN_2_HB+FTL/VerifyPIN_2_HB+FTL--F1--C100--T--N--ORC--query.q:1
 -- Formula is satisfied.
 -- States explored : 0 states
 -- CPU user time used : 1145 ms
 -- Virtual memory used : 127148 KiB
 -- Resident memory used : 84480 KiB

Verifying formula 2 at ./experiments/results/symbolic/VerifyPIN_2_HB+FTL/VerifyPIN_2_HB+FTL--F1--C100--T--N--ORC--query.q:2
 -- Formula is satisfied.
 -- States stored : 43790 states
 -- States explored : 43440 states
 -- CPU user time used : 259 ms
 -- Virtual memory used : 127148 KiB
 -- Resident memory used : 84480 KiB
