Options for the verification:
  Generating no trace
  Search order is breadth first
  Using conservative space optimisation
  Seed is 1743028809
  State space representation uses minimal constraint systems with future testing
  Using HashMap + Compress integers for discrete state storage

Verifying formula 1 at ./experiments/results/symbolic/VerifyPIN_2_HB+FTL/VerifyPIN_2_HB+FTL--F1--C100--T--N--SC--query.q:1
 -- Formula is satisfied.
 -- States explored : 0 states
 -- CPU user time used : 14263 ms
 -- Virtual memory used : 163012 KiB
 -- Resident memory used : 120160 KiB

Verifying formula 2 at ./experiments/results/symbolic/VerifyPIN_2_HB+FTL/VerifyPIN_2_HB+FTL--F1--C100--T--N--SC--query.q:2
 -- Formula is satisfied.
 -- States stored : 326181 states
 -- States explored : 326755 states
 -- CPU user time used : 3189 ms
 -- Virtual memory used : 142744 KiB
 -- Resident memory used : 100352 KiB
