Options for the verification:
  Generating no trace
  Search order is breadth first
  Using conservative space optimisation
  Seed is 1743033947
  State space representation uses minimal constraint systems with future testing
  Using HashMap + Compress integers for discrete state storage

Verifying formula 1 at ./experiments/results/symbolic/VerifyPIN_2_HB+FTL/VerifyPIN_2_HB+FTL--F2--C100--T--N--SC--query.q:1
 -- Formula is satisfied.
 -- States explored : 0 states
 -- CPU user time used : 3219250 ms
 -- Virtual memory used : 26627080 KiB
 -- Resident memory used : 26584324 KiB

Verifying formula 2 at ./experiments/results/symbolic/VerifyPIN_2_HB+FTL/VerifyPIN_2_HB+FTL--F2--C100--T--N--SC--query.q:2
 -- Formula is satisfied.
 -- States stored : 25508532 states
 -- States explored : 25108716 states
 -- CPU user time used : 275533 ms
 -- Virtual memory used : 26758156 KiB
 -- Resident memory used : 26715404 KiB
