Options for the verification:
  Generating no trace
  Search order is breadth first
  Using conservative space optimisation
  Seed is 1743030958
  State space representation uses minimal constraint systems with future testing
  Using HashMap + Compress integers for discrete state storage

Verifying formula 1 at ./experiments/results/symbolic/VerifyPIN_2_HB+FTL/VerifyPIN_2_HB+FTL--F2--C100--T--N--IS--query.q:1
 -- Formula is satisfied.
 -- States explored : 0 states
 -- CPU user time used : 401 ms
 -- Virtual memory used : 73964 KiB
 -- Resident memory used : 31904 KiB

Verifying formula 2 at ./experiments/results/symbolic/VerifyPIN_2_HB+FTL/VerifyPIN_2_HB+FTL--F2--C100--T--N--IS--query.q:2
 -- Formula is satisfied.
 -- States stored : 6350 states
 -- States explored : 6425 states
 -- CPU user time used : 41 ms
 -- Virtual memory used : 77748 KiB
 -- Resident memory used : 35616 KiB
