Options for the verification:
  Generating no trace
  Search order is breadth first
  Using conservative space optimisation
  Seed is 1743029069
  State space representation uses minimal constraint systems with future testing
  Using HashMap + Compress integers for discrete state storage

Verifying formula 1 at ./experiments/results/symbolic/VerifyPIN_2_HB+FTL/VerifyPIN_2_HB+FTL--F2--C100--T--N--ORC--query.q:1
 -- Formula is satisfied.
 -- States explored : 0 states
 -- CPU user time used : 135092 ms
 -- Virtual memory used : 7340336 KiB
 -- Resident memory used : 7297328 KiB

Verifying formula 2 at ./experiments/results/symbolic/VerifyPIN_2_HB+FTL/VerifyPIN_2_HB+FTL--F2--C100--T--N--ORC--query.q:2
 -- Formula is satisfied.
 -- States stored : 788702 states
 -- States explored : 788145 states
 -- CPU user time used : 5152 ms
 -- Virtual memory used : 7340336 KiB
 -- Resident memory used : 7297328 KiB
