Options for the verification:
  Generating no trace
  Search order is breadth first
  Using conservative space optimisation
  Seed is 1743142769
  State space representation uses minimal constraint systems with future testing
  Using HashMap + Compress integers for discrete state storage

Verifying formula 1 at ./experiments/results/reachability-symbolic/VerifyPIN_6_HB+FTL+INL+DPTC+DT/VerifyPIN_6_HB+FTL+INL+DPTC+DT--F3--C100--IS--query.q:1
 -- Formula is satisfied.
 -- States explored : 0 states
 -- CPU user time used : 1135 ms
 -- Virtual memory used : 89268 KiB
 -- Resident memory used : 46908 KiB

Verifying formula 2 at ./experiments/results/reachability-symbolic/VerifyPIN_6_HB+FTL+INL+DPTC+DT/VerifyPIN_6_HB+FTL+INL+DPTC+DT--F3--C100--IS--query.q:2
 -- Formula is NOT satisfied.
 -- States stored : 128111 states
 -- States explored : 131564 states
 -- CPU user time used : 941 ms
 -- Virtual memory used : 101212 KiB
 -- Resident memory used : 57788 KiB
