Options for the verification:
  Generating no trace
  Search order is breadth first
  Using conservative space optimisation
  Seed is 1743125334
  State space representation uses minimal constraint systems with future testing
  Using HashMap + Compress integers for discrete state storage

Verifying formula 1 at ./experiments/results/reachability-symbolic/VerifyPIN_6_HB+FTL+INL+DPTC+DT/VerifyPIN_6_HB+FTL+INL+DPTC+DT--F2--C100--SC--query.q:1
 -- Formula is satisfied.
 -- States explored : 0 states
 -- CPU user time used : 3262350 ms
 -- Virtual memory used : 23444488 KiB
 -- Resident memory used : 23401716 KiB

Verifying formula 2 at ./experiments/results/reachability-symbolic/VerifyPIN_6_HB+FTL+INL+DPTC+DT/VerifyPIN_6_HB+FTL+INL+DPTC+DT--F2--C100--SC--query.q:2
 -- Formula is satisfied.
 -- States stored : 48350450 states
 -- States explored : 47674936 states
 -- CPU user time used : 534126 ms
 -- Virtual memory used : 23706636 KiB
 -- Resident memory used : 23663868 KiB
