Options for the verification:
  Generating no trace
  Search order is breadth first
  Using conservative space optimisation
  Seed is 1743095966
  State space representation uses minimal constraint systems with future testing
  Using HashMap + Compress integers for discrete state storage

Verifying formula 1 at ./experiments/results/reachability-symbolic/VerifyPIN_6_HB+FTL+INL+DPTC+DT/VerifyPIN_6_HB+FTL+INL+DPTC+DT--F1--C100--ORC--query.q:1
 -- Formula is satisfied.
 -- States explored : 0 states
 -- CPU user time used : 1040 ms
 -- Virtual memory used : 117488 KiB
 -- Resident memory used : 75408 KiB

Verifying formula 2 at ./experiments/results/reachability-symbolic/VerifyPIN_6_HB+FTL+INL+DPTC+DT/VerifyPIN_6_HB+FTL+INL+DPTC+DT--F1--C100--ORC--query.q:2
 -- Formula is satisfied.
 -- States stored : 46082 states
 -- States explored : 45833 states
 -- CPU user time used : 287 ms
 -- Virtual memory used : 121324 KiB
 -- Resident memory used : 79120 KiB
