Options for the verification:
  Generating no trace
  Search order is breadth first
  Using conservative space optimisation
  Seed is 1743215671
  State space representation uses minimal constraint systems with future testing
  Using HashMap + Compress integers for discrete state storage

Verifying formula 1 at ./experiments/results/reachability-symbolic/VerifyPIN_6_HB+FTL+INL+DPTC+DT/VerifyPIN_6_HB+FTL+INL+DPTC+DT--F4--C100--IS--query.q:1
 -- Formula is satisfied.
 -- States explored : 0 states
 -- CPU user time used : 2589 ms
 -- Virtual memory used : 122520 KiB
 -- Resident memory used : 79120 KiB

Verifying formula 2 at ./experiments/results/reachability-symbolic/VerifyPIN_6_HB+FTL+INL+DPTC+DT/VerifyPIN_6_HB+FTL+INL+DPTC+DT--F4--C100--IS--query.q:2
 -- Formula is satisfied.
 -- States stored : 172963 states
 -- States explored : 175867 states
 -- CPU user time used : 1262 ms
 -- Virtual memory used : 122520 KiB
 -- Resident memory used : 79504 KiB
