Options for the verification:
  Generating no trace
  Search order is breadth first
  Using conservative space optimisation
  Seed is 1743097171
  State space representation uses minimal constraint systems with future testing
  Using HashMap + Compress integers for discrete state storage

Verifying formula 1 at ./experiments/results/reachability-symbolic/VerifyPIN_6_HB+FTL+INL+DPTC+DT/VerifyPIN_6_HB+FTL+INL+DPTC+DT--F2--C100--ORC--query.q:1
 -- Formula is satisfied.
 -- States explored : 0 states
 -- CPU user time used : 102490 ms
 -- Virtual memory used : 5489148 KiB
 -- Resident memory used : 5446724 KiB

Verifying formula 2 at ./experiments/results/reachability-symbolic/VerifyPIN_6_HB+FTL+INL+DPTC+DT/VerifyPIN_6_HB+FTL+INL+DPTC+DT--F2--C100--ORC--query.q:2
 -- Formula is satisfied.
 -- States stored : 2003131 states
 -- States explored : 1993806 states
 -- CPU user time used : 14024 ms
 -- Virtual memory used : 5489148 KiB
 -- Resident memory used : 5446724 KiB
