Options for the verification:
  Generating no trace
  Search order is breadth first
  Using conservative space optimisation
  Seed is 1743095979
  State space representation uses minimal constraint systems with future testing
  Using HashMap + Compress integers for discrete state storage

Verifying formula 1 at ./experiments/results/reachability-symbolic/VerifyPIN_6_HB+FTL+INL+DPTC+DT/VerifyPIN_6_HB+FTL+INL+DPTC+DT--F1--C100--IS--query.q:1
 -- Formula is satisfied.
 -- States explored : 0 states
 -- CPU user time used : 52 ms
 -- Virtual memory used : 61920 KiB
 -- Resident memory used : 19140 KiB

Verifying formula 2 at ./experiments/results/reachability-symbolic/VerifyPIN_6_HB+FTL+INL+DPTC+DT/VerifyPIN_6_HB+FTL+INL+DPTC+DT--F1--C100--IS--query.q:2
 -- Formula is NOT satisfied.
 -- States stored : 6244 states
 -- States explored : 6370 states
 -- CPU user time used : 44 ms
 -- Virtual memory used : 66800 KiB
 -- Resident memory used : 23236 KiB
