Options for the verification:
  Generating no trace
  Search order is breadth first
  Using conservative space optimisation
  Seed is 1742929995
  State space representation uses minimal constraint systems with future testing
  Using HashMap + Compress integers for discrete state storage

Verifying formula 1 at ./experiments/results/smc/VerifyPIN_4_HB+FTL+INL+DPTC+PTCBK+LC/VerifyPIN_4_HB+FTL+INL+DPTC+PTCBK+LC--F3--C10--T10000--N100000--ORC--query.q:1
 -- Formula is satisfied.
 -- Result: (3427/100000 runs) Pr(<> …) in [0.033151,0.0354161] (95% CI)
Values in [96,891] mean=868.47417566384593 steps=13.474576271186441: 56 0 0 0 0 0 0 0 0 0 0 0 0 0 0 0 0 0 0 0 0 0 0 0 0 0 0 0 0 0 0 0 0 0 0 0 0 0 0 0 0 0 0 0 0 0 0 0 0 0 0 0 0 0 0 0 3 2258 97 1013
 -- States explored : 0 states
 -- CPU user time used : 6356 ms
 -- Virtual memory used : 57316 KiB
 -- Resident memory used : 16576 KiB

Verifying formula 2 at ./experiments/results/smc/VerifyPIN_4_HB+FTL+INL+DPTC+PTCBK+LC/VerifyPIN_4_HB+FTL+INL+DPTC+PTCBK+LC--F3--C10--T10000--N100000--ORC--query.q:2
 -- Formula is satisfied.
 -- Result: (96575/100000 runs) Pr(<> …) in [0.964604,0.966869] (95% CI)
Values in [0.00019843271002173429,869.25155011937022] mean=16.031896532469091 steps=2.7950204234297762: 6002 15678 15626 15684 15773 2059 2061 2095 1967 2101 539 762 716 727 4519 9324 45 228 81 89 89 80 57 1 18 20 17 18 9 4 6 5 2 0 1 1 1 1 0 0 0 0 0 0 0 0 0 0 0 0 0 0 0 0 0 42 15 0 0 0 0 0 2 40 4 0 0 1 4 0 1 0 0 0 0 0 0 0 0 0 0 0 0 0 0 0 0 0 0 0 0 0 0 0 0 0 0 0 0 0 0 0 0 0 0 0 0 0 0 0 0 0 0 0 0 0 0 0 0 0 0 0 0 0 0 0 0 0 0 0 0 0 0 0 0 0 0 0 0 0 0 0 0 0 0 0 0 0 0 0 0 0 0 0 0 0 0 0 0 0 0 0 0 0 0 0 0 0 0 0 0 0 0 0 0 0 0 0 0 0 0 0 0 0 0 0 0 0 0 0 0 0 0 0 0 0 0 0 0 0 0 0 0 0 0 0 0 0 0 0 0 0 0 0 0 0 0 0 0 0 0 0 0 0 0 0 0 0 0 0 0 0 0 0 0 0 0 0 0 0 0 0 0 0 0 0 0 0 0 0 0 0 0 0 0 0 0 0 0 0 0 0 0 0 0 0 0 0 0 0 0 0 0 0 0 0 0 0 0 0 0 0 0 0 0 0 0 0 0 0 0 0 0 0 0 0 0 0 0 0 0 0 0 0 9 10 14 12 10 2 3
 -- States explored : 0 states
 -- CPU user time used : 6276 ms
 -- Virtual memory used : 58152 KiB
 -- Resident memory used : 17924 KiB

Verifying formula 3 at ./experiments/results/smc/VerifyPIN_4_HB+FTL+INL+DPTC+PTCBK+LC/VerifyPIN_4_HB+FTL+INL+DPTC+PTCBK+LC--F3--C10--T10000--N100000--ORC--query.q:3
 -- Formula is satisfied.
 -- Result: (0/100000 runs) Pr(<> …) in [0,3.68881e-05] (95% CI)
 -- States explored : 0 states
 -- CPU user time used : 6524 ms
 -- Virtual memory used : 58152 KiB
 -- Resident memory used : 17924 KiB
