Options for the verification:
  Generating no trace
  Search order is breadth first
  Using conservative space optimisation
  Seed is 1742945633
  State space representation uses minimal constraint systems with future testing
  Using HashMap + Compress integers for discrete state storage

Verifying formula 1 at ./experiments/results/smc/VerifyPIN_4_HB+FTL+INL+DPTC+PTCBK+LC/VerifyPIN_4_HB+FTL+INL+DPTC+PTCBK+LC--F5--C10--T10000--N100000--IS--query.q:1
 -- Formula is satisfied.
 -- Result: (45811/100000 runs) Pr(<> …) in [0.455018,0.461204] (95% CI)
Values in [48,886] mean=819.1664010827094 steps=3.8976744186046512: 571 0 349 760 0 363 244 0 54 13 0 0 0 0 0 0 0 0 0 0 0 0 0 0 0 0 0 0 0 0 0 0 0 0 0 0 0 0 0 0 0 0 0 0 0 0 0 0 0 0 0 0 0 0 0 0 0 0 0 0 0 0 0 0 0 0 0 0 0 0 0 0 0 0 0 0 0 0 0 0 0 0 0 0 0 0 0 0 0 0 0 0 0 0 0 0 0 0 0 0 0 0 0 0 0 0 0 0 0 0 0 0 0 0 0 0 0 0 0 0 0 0 0 0 0 0 0 0 0 0 0 0 0 0 0 0 0 0 0 0 0 0 0 0 0 0 0 0 0 0 0 0 0 0 0 0 0 0 0 0 0 0 0 0 0 0 0 0 0 0 0 0 0 0 0 0 0 0 0 0 0 0 0 0 0 0 0 0 0 0 0 0 0 0 0 0 0 0 0 6 16 579 163 1428 1093 2012 5834 4581 9987 6904 6547 2404 850 963 89 1
 -- States explored : 0 states
 -- CPU user time used : 18773 ms
 -- Virtual memory used : 57960 KiB
 -- Resident memory used : 17084 KiB

Verifying formula 2 at ./experiments/results/smc/VerifyPIN_4_HB+FTL+INL+DPTC+PTCBK+LC/VerifyPIN_4_HB+FTL+INL+DPTC+PTCBK+LC--F5--C10--T10000--N100000--IS--query.q:2
 -- Formula is satisfied.
 -- Result: (53969/100000 runs) Pr(<> …) in [0.536595,0.542783] (95% CI)
Values in [0.00029599573463201528,156.27897037053481] mean=36.447970588677045 steps=0.67072392435536565: 1402 1426 1436 1359 1409 1438 1394 1413 1360 1420 1365 1395 1464 1349 1339 1373 1406 1230 0 0 0 0 0 0 0 0 0 0 0 0 0 0 0 0 0 0 0 0 0 0 1541 2037 2109 2131 1457 0 0 0 0 0 0 0 0 0 0 0 0 0 867 1057 1039 1094 653 0 0 0 0 0 0 0 0 0 0 0 34 62 61 55 55 74 79 55 55 75 62 71 64 83 192 197 211 266 264 249 295 258 239 223 228 254 303 256 281 253 273 249 184 203 197 170 141 124 121 142 93 139 116 136 128 118 119 104 129 108 63 69 51 59 40 31 61 29 24 46 42 40 18 16 7 6 12 11 22 29 24 18 24 15 10 15 23 15 25 18 18 20 16 12 15 18 16 24 24 20 11 77 187 194 236 277 277 260 246 257 257 260 265 243 283 262 257 303 293 220 163 173 104 85 78 77 68 93 72 66 69 65 56 62 47 41 31 14 15 3 4 0 0 3 3 4 0 4 6 1 5 6 4 4 3 1 3 0 0 0 0 2 0 1 2 3 1 2 3
 -- States explored : 0 states
 -- CPU user time used : 18648 ms
 -- Virtual memory used : 58324 KiB
 -- Resident memory used : 17700 KiB

Verifying formula 3 at ./experiments/results/smc/VerifyPIN_4_HB+FTL+INL+DPTC+PTCBK+LC/VerifyPIN_4_HB+FTL+INL+DPTC+PTCBK+LC--F5--C10--T10000--N100000--IS--query.q:3
 -- Formula is satisfied.
 -- Result: (0/100000 runs) Pr(<> …) in [0,3.68881e-05] (95% CI)
 -- States explored : 0 states
 -- CPU user time used : 20026 ms
 -- Virtual memory used : 58324 KiB
 -- Resident memory used : 19352 KiB
