Options for the verification:
  Generating no trace
  Search order is breadth first
  Using conservative space optimisation
  Seed is 1742937572
  State space representation uses minimal constraint systems with future testing
  Using HashMap + Compress integers for discrete state storage

Verifying formula 1 at ./experiments/results/smc/VerifyPIN_4_HB+FTL+INL+DPTC+PTCBK+LC/VerifyPIN_4_HB+FTL+INL+DPTC+PTCBK+LC--F4--C10--T10000--N100000--ORC--query.q:1
 -- Formula is satisfied.
 -- Result: (2228/100000 runs) Pr(<> …) in [0.0213741,0.0232137] (95% CI)
Values in [96,891] mean=837.70107719928183 steps=16.5625: 128 0 0 0 0 0 0 0 0 0 0 0 0 0 0 0 0 0 0 0 0 0 0 0 0 0 0 0 0 0 0 0 0 0 0 0 0 0 0 0 0 0 0 0 0 0 23 1309 768
 -- States explored : 0 states
 -- CPU user time used : 6359 ms
 -- Virtual memory used : 57316 KiB
 -- Resident memory used : 16472 KiB

Verifying formula 2 at ./experiments/results/smc/VerifyPIN_4_HB+FTL+INL+DPTC+PTCBK+LC/VerifyPIN_4_HB+FTL+INL+DPTC+PTCBK+LC--F4--C10--T10000--N100000--ORC--query.q:2
 -- Formula is satisfied.
 -- Result: (97748/100000 runs) Pr(<> …) in [0.976541,0.978391] (95% CI)
Values in [0.0075113819912076014,876.38671793509275] mean=16.52687003210756 steps=2.7999335672623058: 5974 15538 15814 15673 15481 2045 2090 2127 2027 2073 506 769 789 746 5012 9070 84 320 190 245 263 217 149 6 63 53 54 61 28 37 20 28 17 0 11 11 6 4 3 0 0 0 0 1 0 0 0 0 0 0 0 0 0 0 0 51 8 0 0 0 0 0 4 22 0 0 0 2 10 0 0 0 0 0 0 0 0 0 0 0 0 0 0 0 0 0 0 0 0 0 0 0 0 0 0 0 0 0 0 0 0 0 0 0 0 0 0 0 0 0 0 0 0 0 0 0 0 0 0 0 0 0 0 0 0 0 0 0 0 0 0 0 0 0 0 0 0 0 0 0 0 0 0 0 0 0 0 0 0 0 0 0 0 0 0 0 0 0 0 0 0 0 0 0 0 0 0 0 0 0 0 0 0 0 0 0 0 0 0 0 0 0 0 0 0 0 0 0 0 0 0 0 0 0 0 0 0 0 0 0 0 0 0 0 0 0 0 0 0 0 0 0 0 0 0 0 0 0 0 0 0 0 0 0 0 0 0 0 0 0 0 0 0 0 0 0 0 0 0 0 0 0 0 0 0 0 0 0 0 0 0 0 0 0 0 0 0 0 0 0 0 0 0 0 0 0 0 0 0 0 0 0 0 0 0 0 0 0 0 0 0 0 0 0 0 0 0 0 0 0 0 0 0 0 0 0 0 0 0 0 0 0 0 0 4 14 12 11 2 1 0 0 2
 -- States explored : 0 states
 -- CPU user time used : 6321 ms
 -- Virtual memory used : 58104 KiB
 -- Resident memory used : 17824 KiB

Verifying formula 3 at ./experiments/results/smc/VerifyPIN_4_HB+FTL+INL+DPTC+PTCBK+LC/VerifyPIN_4_HB+FTL+INL+DPTC+PTCBK+LC--F4--C10--T10000--N100000--ORC--query.q:3
 -- Formula is satisfied.
 -- Result: (0/100000 runs) Pr(<> …) in [0,3.68881e-05] (95% CI)
 -- States explored : 0 states
 -- CPU user time used : 6676 ms
 -- Virtual memory used : 58104 KiB
 -- Resident memory used : 17824 KiB
