Options for the verification:
  Generating no trace
  Search order is breadth first
  Using conservative space optimisation
  Seed is 1742938534
  State space representation uses minimal constraint systems with future testing
  Using HashMap + Compress integers for discrete state storage

Verifying formula 1 at ./experiments/results/smc/VerifyPIN_4_HB+FTL+INL+DPTC+PTCBK+LC/VerifyPIN_4_HB+FTL+INL+DPTC+PTCBK+LC--F4--C10--T10000--N100000--IS--query.q:1
 -- Formula is satisfied.
 -- Result: (46722/100000 runs) Pr(<> …) in [0.464124,0.470318] (95% CI)
Values in [48,887] mean=821.94150507255688 steps=3.8663594470046081: 578 0 372 773 0 385 247 0 37 26 0 0 0 0 0 0 0 0 0 0 0 0 0 0 0 0 0 0 0 0 0 0 0 0 0 0 0 0 0 0 0 0 0 0 0 0 0 0 0 0 0 0 0 0 0 0 0 0 0 0 0 0 0 0 0 0 0 0 0 0 0 0 0 0 0 0 0 0 0 0 0 0 0 0 0 0 0 0 0 0 0 0 0 0 0 0 0 0 0 0 0 0 0 0 0 0 0 0 0 0 0 0 0 0 0 0 0 0 0 0 0 0 0 0 0 0 0 0 0 0 0 0 0 0 0 0 0 0 0 0 0 0 0 0 0 0 0 0 0 0 0 0 0 0 0 0 0 0 0 0 0 0 0 0 0 0 0 0 0 0 0 0 0 0 0 0 0 0 0 0 0 0 0 0 0 0 0 0 0 0 0 0 0 0 0 0 0 0 0 0 0 48 0 88 229 4 742 1781 6743 3998 9456 7853 5384 5595 1207 1106 69 1
 -- States explored : 0 states
 -- CPU user time used : 18642 ms
 -- Virtual memory used : 57964 KiB
 -- Resident memory used : 17244 KiB

Verifying formula 2 at ./experiments/results/smc/VerifyPIN_4_HB+FTL+INL+DPTC+PTCBK+LC/VerifyPIN_4_HB+FTL+INL+DPTC+PTCBK+LC--F4--C10--T10000--N100000--IS--query.q:2
 -- Formula is satisfied.
 -- Result: (53163/100000 runs) Pr(<> …) in [0.528531,0.534727] (95% CI)
Values in [0.00042414944618940359,155.96925581782125] mean=32.545484527756656 steps=0.67518974748214322: 1396 1426 1420 1341 1318 1408 1342 1448 1422 1411 1427 1484 1412 1371 1400 1376 1387 1115 0 0 0 0 0 0 0 0 0 0 0 0 0 0 0 0 0 0 0 0 0 28 2142 2083 2134 2110 923 0 0 0 0 0 0 0 0 0 0 0 0 222 1032 1071 1014 1047 225 0 0 0 0 0 0 0 0 0 0 0 70 56 69 55 77 80 62 73 67 62 65 51 64 212 312 337 390 476 419 432 447 467 468 460 460 486 486 447 482 457 471 294 266 253 163 139 101 116 116 124 135 117 119 110 100 129 132 112 117 47 39 59 10 6 0 0 1 3 2 4 7 1 10 5 3 7 2 1 0 1 3 4 0 6 5 7 5 6 3 0 1 0 1 1 2 0 0 0 0 0 0 1 1 2 6 48 56 46 52 40 38 29 37 37 44 48 44 50 94 94 113 144 130 112 95 110 114 124 127 109 124 120 112 98 108 130 47 50 29 1 1 0 0 0 0 0 0 0 0 0 0 2 0 2 2 0 0 0 0 0 0 0 0 0 0 0 2
 -- States explored : 0 states
 -- CPU user time used : 18703 ms
 -- Virtual memory used : 58340 KiB
 -- Resident memory used : 17804 KiB

Verifying formula 3 at ./experiments/results/smc/VerifyPIN_4_HB+FTL+INL+DPTC+PTCBK+LC/VerifyPIN_4_HB+FTL+INL+DPTC+PTCBK+LC--F4--C10--T10000--N100000--IS--query.q:3
 -- Formula is satisfied.
 -- Result: (0/100000 runs) Pr(<> …) in [0,3.68881e-05] (95% CI)
 -- States explored : 0 states
 -- CPU user time used : 19654 ms
 -- Virtual memory used : 58340 KiB
 -- Resident memory used : 17804 KiB
