Options for the verification:
  Generating no trace
  Search order is breadth first
  Using conservative space optimisation
  Seed is 1742931065
  State space representation uses minimal constraint systems with future testing
  Using HashMap + Compress integers for discrete state storage

Verifying formula 1 at ./experiments/results/smc/VerifyPIN_4_HB+FTL+INL+DPTC+PTCBK+LC/VerifyPIN_4_HB+FTL+INL+DPTC+PTCBK+LC--F3--C10--T10000--N100000--IS--query.q:1
 -- Formula is satisfied.
 -- Result: (47026/100000 runs) Pr(<> …) in [0.467162,0.473359] (95% CI)
Values in [60,886] mean=826.96648662442055 steps=3.806451612903226: 1637 0 439 269 0 14 23 0 0 0 0 0 0 0 0 0 0 0 0 0 0 0 0 0 0 0 0 0 0 0 0 0 0 0 0 0 0 0 0 0 0 0 0 0 0 0 0 0 0 0 0 0 0 0 0 0 0 0 0 0 0 0 0 0 0 0 0 0 0 0 0 0 0 0 0 0 0 0 0 0 0 0 0 0 0 0 0 0 0 0 0 0 0 0 0 0 0 0 0 0 0 0 0 0 0 0 0 0 0 0 0 0 0 0 0 0 0 0 0 0 0 0 0 0 0 0 0 0 0 0 0 0 0 0 0 0 0 0 0 0 0 0 0 0 0 0 0 0 0 0 0 0 0 0 0 0 0 0 0 0 0 0 0 0 0 0 0 0 0 0 0 0 0 0 0 0 0 0 0 0 0 0 0 0 0 0 0 0 0 0 0 0 0 0 0 0 0 0 0 0 0 0 0 0 0 22 0 431 256 5724 9521 3613 8249 8038 5472 1738 1572 8
 -- States explored : 0 states
 -- CPU user time used : 18300 ms
 -- Virtual memory used : 57964 KiB
 -- Resident memory used : 17116 KiB

Verifying formula 2 at ./experiments/results/smc/VerifyPIN_4_HB+FTL+INL+DPTC+PTCBK+LC/VerifyPIN_4_HB+FTL+INL+DPTC+PTCBK+LC--F3--C10--T10000--N100000--IS--query.q:2
 -- Formula is satisfied.
 -- Result: (53177/100000 runs) Pr(<> …) in [0.528671,0.534867] (95% CI)
Values in [0.00016276258975267413,137.90424330253154] mean=30.392492784598534 steps=0.59698736164476973: 1250 1255 1233 1266 1246 1241 1267 1264 1243 1221 1297 1257 1245 1229 1237 1263 1304 1262 1211 1233 131 0 0 0 0 0 0 0 0 0 0 0 0 0 0 0 0 0 0 0 0 0 0 0 0 1439 1901 1950 1825 1825 475 0 0 0 0 0 0 0 0 0 0 0 0 0 0 616 907 933 934 918 315 0 0 0 0 0 0 0 0 0 0 0 0 0 0 0 0 0 0 0 0 0 0 0 0 0 0 0 0 0 0 0 0 72 488 529 495 509 474 455 455 461 520 498 495 484 469 477 508 606 634 591 650 663 170 212 198 183 213 190 188 175 173 175 172 182 195 192 185 91 93 77 34 19 0 0 0 0 0 0 0 0 0 0 0 0 0 0 0 0 0 0 0 0 0 0 0 0 0 0 0 1 0 0 1 2 0 1 0 1 0 0 0 0 0 0 0 0 0 0 0 0 0 1 0 0 0 0 0 0 0 0 0 0 0 0 1 0 0 0 0 17 14 17 18 12 13 18 11 19 18 14 17 12 14 19 12 18 16 18 29
 -- States explored : 0 states
 -- CPU user time used : 18186 ms
 -- Virtual memory used : 58340 KiB
 -- Resident memory used : 17708 KiB

Verifying formula 3 at ./experiments/results/smc/VerifyPIN_4_HB+FTL+INL+DPTC+PTCBK+LC/VerifyPIN_4_HB+FTL+INL+DPTC+PTCBK+LC--F3--C10--T10000--N100000--IS--query.q:3
 -- Formula is satisfied.
 -- Result: (0/100000 runs) Pr(<> …) in [0,3.68881e-05] (95% CI)
 -- States explored : 0 states
 -- CPU user time used : 19418 ms
 -- Virtual memory used : 58340 KiB
 -- Resident memory used : 17708 KiB
