Options for the verification:
  Generating no trace
  Search order is breadth first
  Using conservative space optimisation
  Seed is 1742944767
  State space representation uses minimal constraint systems with future testing
  Using HashMap + Compress integers for discrete state storage

Verifying formula 1 at ./experiments/results/smc/VerifyPIN_4_HB+FTL+INL+DPTC+PTCBK+LC/VerifyPIN_4_HB+FTL+INL+DPTC+PTCBK+LC--F5--C10--T10000--N100000--ORC--query.q:1
 -- Formula is satisfied.
 -- Result: (1517/100000 runs) Pr(<> …) in [0.0144215,0.0159468] (95% CI)
Values in [96,891] mean=805.41924851680949 steps=20.384615384615383: 152 0 0 0 0 0 0 0 0 0 0 0 0 0 0 0 0 0 0 0 0 0 0 0 0 0 0 0 0 0 0 0 0 0 0 0 0 5 893 467
 -- States explored : 0 states
 -- CPU user time used : 6273 ms
 -- Virtual memory used : 57312 KiB
 -- Resident memory used : 17708 KiB

Verifying formula 2 at ./experiments/results/smc/VerifyPIN_4_HB+FTL+INL+DPTC+PTCBK+LC/VerifyPIN_4_HB+FTL+INL+DPTC+PTCBK+LC--F5--C10--T10000--N100000--ORC--query.q:2
 -- Formula is satisfied.
 -- Result: (98406/100000 runs) Pr(<> …) in [0.983265,0.984827] (95% CI)
Values in [0.0015753507614135747,869.47146985121071] mean=16.727203418302857 steps=2.7690124028676735: 5881 15442 15376 15691 15609 2732 2034 1975 1993 2011 584 742 791 735 3011 11098 7 356 216 348 323 336 228 0 81 59 82 80 80 68 74 52 56 7 9 54 14 21 27 13 13 2 1 2 0 1 0 2 0 0 0 0 0 0 0 1 42 0 0 0 0 0 0 1 3 0 2 1 0 3 0 0 0 0 0 0 0 0 1 0 0 0 0 0 0 0 0 0 0 0 0 0 0 0 0 0 0 0 0 0 0 0 0 0 0 0 0 0 0 0 0 0 0 0 0 0 0 0 0 0 0 0 0 0 0 0 0 0 0 0 0 0 0 0 0 0 0 0 0 0 0 0 0 0 0 0 0 0 0 0 0 0 0 0 0 0 0 0 0 0 0 0 0 0 0 0 0 0 0 0 0 0 0 0 0 0 0 0 0 0 0 0 0 0 0 0 0 0 0 0 0 0 0 0 0 0 0 0 0 0 0 0 0 0 0 0 0 0 0 0 0 0 0 0 0 0 0 0 0 0 0 0 0 0 0 0 0 0 0 0 0 0 0 0 0 0 0 0 0 0 0 0 0 0 0 0 0 0 0 0 0 0 0 0 0 0 0 0 0 0 0 0 0 0 0 0 0 0 0 0 0 0 0 0 0 0 0 0 0 0 0 0 0 0 0 0 0 0 0 0 0 0 0 0 0 0 0 0 0 0 0 0 0 0 0 0 0 1 4 8 7 6 3 6
 -- States explored : 0 states
 -- CPU user time used : 6298 ms
 -- Virtual memory used : 58116 KiB
 -- Resident memory used : 18948 KiB

Verifying formula 3 at ./experiments/results/smc/VerifyPIN_4_HB+FTL+INL+DPTC+PTCBK+LC/VerifyPIN_4_HB+FTL+INL+DPTC+PTCBK+LC--F5--C10--T10000--N100000--ORC--query.q:3
 -- Formula is satisfied.
 -- Result: (0/100000 runs) Pr(<> …) in [0,3.68881e-05] (95% CI)
 -- States explored : 0 states
 -- CPU user time used : 6394 ms
 -- Virtual memory used : 58116 KiB
 -- Resident memory used : 18948 KiB
