Options for the verification:
  Generating no trace
  Search order is breadth first
  Using conservative space optimisation
  Seed is 1742906199
  State space representation uses minimal constraint systems with future testing
  Using HashMap + Compress integers for discrete state storage

Verifying formula 1 at ./experiments/results/smc/VerifyPIN_4_HB+FTL+INL+DPTC+PTCBK+LC/VerifyPIN_4_HB+FTL+INL+DPTC+PTCBK+LC--F1--C10--T10000--N100000--IS--query.q:1
 -- Formula is satisfied.
 -- Result: (65509/100000 runs) Pr(<> …) in [0.652134,0.658037] (95% CI)
Values in [84,888] mean=866.42050710589388 steps=3.140625: 40 0 0 0 0 0 0 0 0 0 0 0 0 0 0 0 0 0 0 0 0 0 0 0 0 0 0 0 0 0 0 0 0 0 0 0 0 0 0 0 0 0 0 0 0 0 0 0 0 0 0 0 0 0 0 0 0 0 0 0 0 0 0 0 0 0 0 0 0 0 0 0 0 0 0 0 0 0 0 0 0 0 0 0 0 0 0 0 0 0 0 0 0 0 0 0 0 0 0 0 0 0 0 0 0 0 0 0 0 0 0 0 0 0 0 0 0 0 0 0 0 0 0 0 0 0 0 0 0 0 0 0 0 0 0 0 0 0 0 0 0 0 0 0 0 0 0 0 0 0 0 0 0 0 0 0 0 0 0 0 0 0 0 0 0 0 0 0 0 0 0 0 0 0 0 0 0 0 0 0 0 0 0 0 0 0 0 0 0 0 0 0 0 0 0 0 0 0 0 0 0 0 0 0 0 0 0 0 0 0 0 0 0 0 0 0 0 0 0 0 0 0 0 0 0 0 0 0 0 0 0 0 0 0 0 0 0 0 0 0 0 0 0 0 0 0 0 0 56055 0 10 473 5381 2344 13 0 1193
 -- States explored : 0 states
 -- CPU user time used : 24675 ms
 -- Virtual memory used : 58476 KiB
 -- Resident memory used : 17352 KiB

Verifying formula 2 at ./experiments/results/smc/VerifyPIN_4_HB+FTL+INL+DPTC+PTCBK+LC/VerifyPIN_4_HB+FTL+INL+DPTC+PTCBK+LC--F1--C10--T10000--N100000--IS--query.q:2
 -- Formula is satisfied.
 -- Result: (34617/100000 runs) Pr(<> …) in [0.343221,0.349128] (95% CI)
Values in [0.0011985898017883303,41.999921744456515] mean=15.364016818736685 steps=0.22459210243130875: 476 443 443 469 461 480 471 481 473 478 488 472 467 498 439 440 455 436 479 494 506 471 428 502 473 481 471 473 472 471 488 507 465 450 469 491 486 534 455 452 456 480 466 433 504 465 522 463 487 460 460 463 473 216 0 0 0 0 0 0 0 0 0 0 0 0 0 0 0 0 0 0 0 0 0 0 0 0 0 0 0 0 0 0 0 0 0 0 0 0 0 0 0 0 0 0 0 0 0 0 0 0 0 0 0 0 0 0 0 0 0 0 0 0 0 0 0 0 0 0 0 0 0 0 0 0 0 0 0 0 0 0 0 0 0 0 0 0 0 0 0 0 0 0 0 0 0 0 0 0 0 0 0 0 0 0 0 0 0 0 0 0 0 0 0 0 0 0 0 0 0 0 0 233 713 738 701 703 698 716 706 661 717 699 721 704 671
 -- States explored : 0 states
 -- CPU user time used : 24456 ms
 -- Virtual memory used : 58988 KiB
 -- Resident memory used : 17616 KiB

Verifying formula 3 at ./experiments/results/smc/VerifyPIN_4_HB+FTL+INL+DPTC+PTCBK+LC/VerifyPIN_4_HB+FTL+INL+DPTC+PTCBK+LC--F1--C10--T10000--N100000--IS--query.q:3
 -- Formula is satisfied.
 -- Result: (0/100000 runs) Pr(<> …) in [0,3.68881e-05] (95% CI)
 -- States explored : 0 states
 -- CPU user time used : 25897 ms
 -- Virtual memory used : 58988 KiB
 -- Resident memory used : 17616 KiB
