Options for the verification:
  Generating no trace
  Search order is breadth first
  Using conservative space optimisation
  Seed is 1743095980
  State space representation uses minimal constraint systems with future testing
  Using HashMap + Compress integers for discrete state storage

Verifying formula 1 at ./experiments/results/reachability-symbolic/VerifyPIN_7_HB+FTL+INL+DPTC+DT+SC/VerifyPIN_7_HB+FTL+INL+DPTC+DT+SC--F1--C100--IS--query.q:1
 -- Formula is satisfied.
 -- States explored : 0 states
 -- CPU user time used : 159 ms
 -- Virtual memory used : 71580 KiB
 -- Resident memory used : 28960 KiB

Verifying formula 2 at ./experiments/results/reachability-symbolic/VerifyPIN_7_HB+FTL+INL+DPTC+DT+SC/VerifyPIN_7_HB+FTL+INL+DPTC+DT+SC--F1--C100--IS--query.q:2
 -- Formula is NOT satisfied.
 -- States stored : 14320 states
 -- States explored : 14511 states
 -- CPU user time used : 160 ms
 -- Virtual memory used : 75684 KiB
 -- Resident memory used : 33056 KiB
