Options for the verification:
  Generating no trace
  Search order is breadth first
  Using conservative space optimisation
  Seed is 1743142772
  State space representation uses minimal constraint systems with future testing
  Using HashMap + Compress integers for discrete state storage

Verifying formula 1 at ./experiments/results/reachability-symbolic/VerifyPIN_7_HB+FTL+INL+DPTC+DT+SC/VerifyPIN_7_HB+FTL+INL+DPTC+DT+SC--F3--C100--IS--query.q:1
 -- Formula is satisfied.
 -- States explored : 0 states
 -- CPU user time used : 22964 ms
 -- Virtual memory used : 1018048 KiB
 -- Resident memory used : 975612 KiB

Verifying formula 2 at ./experiments/results/reachability-symbolic/VerifyPIN_7_HB+FTL+INL+DPTC+DT+SC/VerifyPIN_7_HB+FTL+INL+DPTC+DT+SC--F3--C100--IS--query.q:2
 -- Formula is NOT satisfied.
 -- States stored : 1654767 states
 -- States explored : 1692433 states
 -- CPU user time used : 21325 ms
 -- Virtual memory used : 1057208 KiB
 -- Resident memory used : 1014652 KiB
