Options for the verification:
  Generating no trace
  Search order is breadth first
  Using conservative space optimisation
  Seed is 1743215675
  State space representation uses minimal constraint systems with future testing
  Using HashMap + Compress integers for discrete state storage

Verifying formula 1 at ./experiments/results/reachability-symbolic/VerifyPIN_7_HB+FTL+INL+DPTC+DT+SC/VerifyPIN_7_HB+FTL+INL+DPTC+DT+SC--F4--C100--IS--query.q:1
 -- Formula is satisfied.
 -- States explored : 0 states
 -- CPU user time used : 130631 ms
 -- Virtual memory used : 4992604 KiB
 -- Resident memory used : 4949576 KiB

Verifying formula 2 at ./experiments/results/reachability-symbolic/VerifyPIN_7_HB+FTL+INL+DPTC+DT+SC/VerifyPIN_7_HB+FTL+INL+DPTC+DT+SC--F4--C100--IS--query.q:2
 -- Formula is satisfied.
 -- States stored : 3831389 states
 -- States explored : 3905089 states
 -- CPU user time used : 50246 ms
 -- Virtual memory used : 4992604 KiB
 -- Resident memory used : 4949704 KiB
