Options for the verification:
  Generating no trace
  Search order is breadth first
  Using conservative space optimisation
  Seed is 1743095967
  State space representation uses minimal constraint systems with future testing
  Using HashMap + Compress integers for discrete state storage

Verifying formula 1 at ./experiments/results/reachability-symbolic/VerifyPIN_7_HB+FTL+INL+DPTC+DT+SC/VerifyPIN_7_HB+FTL+INL+DPTC+DT+SC--F1--C100--ORC--query.q:1
 -- Formula is satisfied.
 -- States explored : 0 states
 -- CPU user time used : 4909 ms
 -- Virtual memory used : 446828 KiB
 -- Resident memory used : 403992 KiB

Verifying formula 2 at ./experiments/results/reachability-symbolic/VerifyPIN_7_HB+FTL+INL+DPTC+DT+SC/VerifyPIN_7_HB+FTL+INL+DPTC+DT+SC--F1--C100--ORC--query.q:2
 -- Formula is satisfied.
 -- States stored : 459302 states
 -- States explored : 459764 states
 -- CPU user time used : 4992 ms
 -- Virtual memory used : 481096 KiB
 -- Resident memory used : 438040 KiB
