Options for the verification:
  Generating no trace
  Search order is breadth first
  Using conservative space optimisation
  Seed is 1743029967
  State space representation uses minimal constraint systems with future testing
  Using HashMap + Compress integers for discrete state storage

Verifying formula 1 at ./experiments/results/symbolic/VerifyPIN_6_HB+FTL+INL+DPTC+DT/VerifyPIN_6_HB+FTL+INL+DPTC+DT--F2--C100--T--N--ORC--query.q:1
 -- Formula is satisfied.
 -- States explored : 0 states
 -- CPU user time used : 109331 ms
 -- Virtual memory used : 5489152 KiB
 -- Resident memory used : 5446604 KiB

Verifying formula 2 at ./experiments/results/symbolic/VerifyPIN_6_HB+FTL+INL+DPTC+DT/VerifyPIN_6_HB+FTL+INL+DPTC+DT--F2--C100--T--N--ORC--query.q:2
 -- Formula is satisfied.
 -- States stored : 2003131 states
 -- States explored : 1993806 states
 -- CPU user time used : 14521 ms
 -- Virtual memory used : 5489152 KiB
 -- Resident memory used : 5446732 KiB
