Options for the verification:
  Generating no trace
  Search order is breadth first
  Using conservative space optimisation
  Seed is 1743028939
  State space representation uses minimal constraint systems with future testing
  Using HashMap + Compress integers for discrete state storage

Verifying formula 1 at ./experiments/results/symbolic/VerifyPIN_6_HB+FTL+INL+DPTC+DT/VerifyPIN_6_HB+FTL+INL+DPTC+DT--F1--C100--T--N--SC--query.q:1
 -- Formula is satisfied.
 -- States explored : 0 states
 -- CPU user time used : 18427 ms
 -- Virtual memory used : 167372 KiB
 -- Resident memory used : 124344 KiB

Verifying formula 2 at ./experiments/results/symbolic/VerifyPIN_6_HB+FTL+INL+DPTC+DT/VerifyPIN_6_HB+FTL+INL+DPTC+DT--F1--C100--T--N--SC--query.q:2
 -- Formula is satisfied.
 -- States stored : 516090 states
 -- States explored : 515059 states
 -- CPU user time used : 5177 ms
 -- Virtual memory used : 167372 KiB
 -- Resident memory used : 124600 KiB
