Options for the verification:
  Generating no trace
  Search order is breadth first
  Using conservative space optimisation
  Seed is 1743028788
  State space representation uses minimal constraint systems with future testing
  Using HashMap + Compress integers for discrete state storage

Verifying formula 1 at ./experiments/results/symbolic/VerifyPIN_6_HB+FTL+INL+DPTC+DT/VerifyPIN_6_HB+FTL+INL+DPTC+DT--F1--C100--T--N--IS--query.q:1
 -- Formula is satisfied.
 -- States explored : 0 states
 -- CPU user time used : 53 ms
 -- Virtual memory used : 61924 KiB
 -- Resident memory used : 19272 KiB

Verifying formula 2 at ./experiments/results/symbolic/VerifyPIN_6_HB+FTL+INL+DPTC+DT/VerifyPIN_6_HB+FTL+INL+DPTC+DT--F1--C100--T--N--IS--query.q:2
 -- Formula is NOT satisfied.
 -- States stored : 6244 states
 -- States explored : 6370 states
 -- CPU user time used : 42 ms
 -- Virtual memory used : 66804 KiB
 -- Resident memory used : 23368 KiB
