Options for the verification:
  Generating no trace
  Search order is breadth first
  Using conservative space optimisation
  Seed is 1743030962
  State space representation uses minimal constraint systems with future testing
  Using HashMap + Compress integers for discrete state storage

Verifying formula 1 at ./experiments/results/symbolic/VerifyPIN_6_HB+FTL+INL+DPTC+DT/VerifyPIN_6_HB+FTL+INL+DPTC+DT--F2--C100--T--N--IS--query.q:1
 -- Formula is satisfied.
 -- States explored : 0 states
 -- CPU user time used : 350 ms
 -- Virtual memory used : 70320 KiB
 -- Resident memory used : 27932 KiB

Verifying formula 2 at ./experiments/results/symbolic/VerifyPIN_6_HB+FTL+INL+DPTC+DT/VerifyPIN_6_HB+FTL+INL+DPTC+DT--F2--C100--T--N--IS--query.q:2
 -- Formula is NOT satisfied.
 -- States stored : 40187 states
 -- States explored : 41217 states
 -- CPU user time used : 289 ms
 -- Virtual memory used : 76336 KiB
 -- Resident memory used : 33436 KiB
