Options for the verification:
  Generating no trace
  Search order is breadth first
  Using conservative space optimisation
  Seed is 1743095980
  State space representation uses minimal constraint systems with future testing
  Using HashMap + Compress integers for discrete state storage

Verifying formula 1 at ./experiments/results/reachability-symbolic/VerifyPIN_0/VerifyPIN_0--F1-C100--SC--query.q:1
 -- Formula is satisfied.
 -- States explored : 0 states
 -- CPU user time used : 5025 ms
 -- Virtual memory used : 78500 KiB
 -- Resident memory used : 35328 KiB

Verifying formula 2 at ./experiments/results/reachability-symbolic/VerifyPIN_0/VerifyPIN_0--F1-C100--SC--query.q:2
 -- Formula is satisfied.
 -- States stored : 210843 states
 -- States explored : 208914 states
 -- CPU user time used : 1725 ms
 -- Virtual memory used : 88188 KiB
 -- Resident memory used : 45004 KiB
