Options for the verification:
  Generating no trace
  Search order is breadth first
  Using conservative space optimisation
  Seed is 1743207841
  State space representation uses minimal constraint systems with future testing
  Using HashMap + Compress integers for discrete state storage

Verifying formula 1 at ./experiments/results/reachability-symbolic/VerifyPIN_0/VerifyPIN_0--F4-C100--ORC--query.q:1
 -- Formula is satisfied.
 -- States explored : 0 states
 -- CPU user time used : 317772 ms
 -- Virtual memory used : 10396108 KiB
 -- Resident memory used : 10352888 KiB

Verifying formula 2 at ./experiments/results/reachability-symbolic/VerifyPIN_0/VerifyPIN_0--F4-C100--ORC--query.q:2
 -- Formula is satisfied.
 -- States stored : 708052 states
 -- States explored : 883553 states
 -- CPU user time used : 6649 ms
 -- Virtual memory used : 10396108 KiB
 -- Resident memory used : 10352888 KiB
