Options for the verification:
  Generating no trace
  Search order is breadth first
  Using conservative space optimisation
  Seed is 1743096223
  State space representation uses minimal constraint systems with future testing
  Using HashMap + Compress integers for discrete state storage

Verifying formula 1 at ./experiments/results/reachability-symbolic/VerifyPIN_0/VerifyPIN_0--F2-C100--ORC--query.q:1
 -- Formula is satisfied.
 -- States explored : 0 states
 -- CPU user time used : 13078 ms
 -- Virtual memory used : 622932 KiB
 -- Resident memory used : 580052 KiB

Verifying formula 2 at ./experiments/results/reachability-symbolic/VerifyPIN_0/VerifyPIN_0--F2-C100--ORC--query.q:2
 -- Formula is satisfied.
 -- States stored : 325889 states
 -- States explored : 311521 states
 -- CPU user time used : 1778 ms
 -- Virtual memory used : 622932 KiB
 -- Resident memory used : 580052 KiB
