Options for the verification:
  Generating no trace
  Search order is breadth first
  Using conservative space optimisation
  Seed is 1743095956
  State space representation uses minimal constraint systems with future testing
  Using HashMap + Compress integers for discrete state storage

Verifying formula 1 at ./experiments/results/reachability-symbolic/VerifyPIN_0/VerifyPIN_0--F1-C100--ORC--query.q:1
 -- Formula is satisfied.
 -- States explored : 0 states
 -- CPU user time used : 283 ms
 -- Virtual memory used : 71360 KiB
 -- Resident memory used : 29232 KiB

Verifying formula 2 at ./experiments/results/reachability-symbolic/VerifyPIN_0/VerifyPIN_0--F1-C100--ORC--query.q:2
 -- Formula is satisfied.
 -- States stored : 28197 states
 -- States explored : 28010 states
 -- CPU user time used : 145 ms
 -- Virtual memory used : 75096 KiB
 -- Resident memory used : 32688 KiB
