Options for the verification:
  Generating no trace
  Search order is breadth first
  Using conservative space optimisation
  Seed is 1743136071
  State space representation uses minimal constraint systems with future testing
  Using HashMap + Compress integers for discrete state storage

Verifying formula 1 at ./experiments/results/reachability-symbolic/VerifyPIN_0/VerifyPIN_0--F3-C100--ORC--query.q:1
 -- Formula is satisfied.
 -- States explored : 0 states
 -- CPU user time used : 88664 ms
 -- Virtual memory used : 3051032 KiB
 -- Resident memory used : 3007232 KiB

Verifying formula 2 at ./experiments/results/reachability-symbolic/VerifyPIN_0/VerifyPIN_0--F3-C100--ORC--query.q:2
 -- Formula is satisfied.
 -- States stored : 779171 states
 -- States explored : 925023 states
 -- CPU user time used : 7127 ms
 -- Virtual memory used : 3051032 KiB
 -- Resident memory used : 3007360 KiB
