Options for the verification:
  Generating no trace
  Search order is breadth first
  Using conservative space optimisation
  Seed is 1743028772
  State space representation uses minimal constraint systems with future testing
  Using HashMap + Compress integers for discrete state storage

Verifying formula 1 at ./experiments/results/symbolic/VerifyPIN_5_HB+FTL+DPTC+DC/VerifyPIN_5_HB+FTL+DPTC+DC--F1--C100--T--N--ORC--query.q:1
 -- Formula is satisfied.
 -- States explored : 0 states
 -- CPU user time used : 1472 ms
 -- Virtual memory used : 169032 KiB
 -- Resident memory used : 126816 KiB

Verifying formula 2 at ./experiments/results/symbolic/VerifyPIN_5_HB+FTL+DPTC+DC/VerifyPIN_5_HB+FTL+DPTC+DC--F1--C100--T--N--ORC--query.q:2
 -- Formula is satisfied.
 -- States stored : 97271 states
 -- States explored : 97041 states
 -- CPU user time used : 825 ms
 -- Virtual memory used : 169032 KiB
 -- Resident memory used : 126816 KiB
