Options for the verification:
  Generating no trace
  Search order is breadth first
  Using conservative space optimisation
  Seed is 1743028787
  State space representation uses minimal constraint systems with future testing
  Using HashMap + Compress integers for discrete state storage

Verifying formula 1 at ./experiments/results/symbolic/VerifyPIN_5_HB+FTL+DPTC+DC/VerifyPIN_5_HB+FTL+DPTC+DC--F1--C100--T--N--IS--query.q:1
 -- Formula is satisfied.
 -- States explored : 0 states
 -- CPU user time used : 71 ms
 -- Virtual memory used : 65268 KiB
 -- Resident memory used : 22584 KiB

Verifying formula 2 at ./experiments/results/symbolic/VerifyPIN_5_HB+FTL+DPTC+DC/VerifyPIN_5_HB+FTL+DPTC+DC--F1--C100--T--N--IS--query.q:2
 -- Formula is NOT satisfied.
 -- States stored : 7429 states
 -- States explored : 7558 states
 -- CPU user time used : 65 ms
 -- Virtual memory used : 69444 KiB
 -- Resident memory used : 26680 KiB
