Options for the verification:
  Generating no trace
  Search order is breadth first
  Using conservative space optimisation
  Seed is 1743030961
  State space representation uses minimal constraint systems with future testing
  Using HashMap + Compress integers for discrete state storage

Verifying formula 1 at ./experiments/results/symbolic/VerifyPIN_5_HB+FTL+DPTC+DC/VerifyPIN_5_HB+FTL+DPTC+DC--F2--C100--T--N--IS--query.q:1
 -- Formula is satisfied.
 -- States explored : 0 states
 -- CPU user time used : 780 ms
 -- Virtual memory used : 97708 KiB
 -- Resident memory used : 54744 KiB

Verifying formula 2 at ./experiments/results/symbolic/VerifyPIN_5_HB+FTL+DPTC+DC/VerifyPIN_5_HB+FTL+DPTC+DC--F2--C100--T--N--IS--query.q:2
 -- Formula is satisfied.
 -- States stored : 27940 states
 -- States explored : 28444 states
 -- CPU user time used : 263 ms
 -- Virtual memory used : 97708 KiB
 -- Resident memory used : 54744 KiB
