Options for the verification:
  Generating no trace
  Search order is breadth first
  Using conservative space optimisation
  Seed is 1743075746
  State space representation uses minimal constraint systems with future testing
  Using HashMap + Compress integers for discrete state storage

Verifying formula 1 at ./experiments/results/symbolic/VerifyPIN_5_HB+FTL+DPTC+DC/VerifyPIN_5_HB+FTL+DPTC+DC--F3--C100--T--N--IS--query.q:1
 -- Formula is satisfied.
 -- States explored : 0 states
 -- CPU user time used : 4746 ms
 -- Virtual memory used : 256196 KiB
 -- Resident memory used : 212380 KiB

Verifying formula 2 at ./experiments/results/symbolic/VerifyPIN_5_HB+FTL+DPTC+DC/VerifyPIN_5_HB+FTL+DPTC+DC--F3--C100--T--N--IS--query.q:2
 -- Formula is satisfied.
 -- States stored : 92959 states
 -- States explored : 94968 states
 -- CPU user time used : 892 ms
 -- Virtual memory used : 256196 KiB
 -- Resident memory used : 213276 KiB
