Options for the verification:
  Generating no trace
  Search order is breadth first
  Using conservative space optimisation
  Seed is 1743028891
  State space representation uses minimal constraint systems with future testing
  Using HashMap + Compress integers for discrete state storage

Verifying formula 1 at ./experiments/results/symbolic/VerifyPIN_5_HB+FTL+DPTC+DC/VerifyPIN_5_HB+FTL+DPTC+DC--F1--C100--T--N--SC--query.q:1
 -- Formula is satisfied.
 -- States explored : 0 states
 -- CPU user time used : 28078 ms
 -- Virtual memory used : 227116 KiB
 -- Resident memory used : 185200 KiB

Verifying formula 2 at ./experiments/results/symbolic/VerifyPIN_5_HB+FTL+DPTC+DC/VerifyPIN_5_HB+FTL+DPTC+DC--F1--C100--T--N--SC--query.q:2
 -- Formula is NOT satisfied.
 -- States stored : 1390958 states
 -- States explored : 1402820 states
 -- CPU user time used : 18926 ms
 -- Virtual memory used : 309992 KiB
 -- Resident memory used : 267376 KiB
