Options for the verification:
  Generating no trace
  Search order is breadth first
  Using conservative space optimisation
  Seed is 1742945747
  State space representation uses minimal constraint systems with future testing
  Using HashMap + Compress integers for discrete state storage

Verifying formula 1 at ./experiments/results/smc/VerifyPIN_6_HB+FTL+INL+DPTC+DT/VerifyPIN_6_HB+FTL+INL+DPTC+DT--F5--C10--T10000--N100000--IS--query.q:1
 -- Formula is satisfied.
 -- Result: (45227/100000 runs) Pr(<> …) in [0.449182,0.455361] (95% CI)
Values in [44,737] mean=586.40988789882147 steps=3.2535211267605635: 295 0 0 411 0 0 75 58 0 0 0 0 0 0 0 0 0 0 0 0 0 0 0 0 0 0 0 0 0 0 0 0 0 0 0 0 0 0 2 1 0 69 0 73 76 4 4 58 1 1 0 0 61 5 0 257 303 0 213 1024 2 54 283 57 0 0 0 0 0 0 0 0 0 0 0 0 0 0 0 0 0 0 0 0 0 0 0 0 0 0 0 0 0 0 0 0 0 0 0 0 0 0 0 0 0 0 0 0 0 0 0 0 0 0 0 0 0 0 0 0 0 0 0 0 0 0 0 0 0 0 0 0 0 0 0 0 0 0 0 0 0 0 0 0 0 0 0 0 0 0 0 0 0 0 0 0 0 0 0 0 0 0 0 0 0 3 0 159 92 180 847 945 867 6443 3831 3814 3910 2792 7891 8780 45 512 705 14 0 0 0 0 0 0 0 0 0 0 0 0 0 0 0 0 0 0 1 0 0 2 1 0 1 0 2 1 1 1
 -- States explored : 0 states
 -- CPU user time used : 15054 ms
 -- Virtual memory used : 57800 KiB
 -- Resident memory used : 17060 KiB

Verifying formula 2 at ./experiments/results/smc/VerifyPIN_6_HB+FTL+INL+DPTC+DT/VerifyPIN_6_HB+FTL+INL+DPTC+DT--F5--C10--T10000--N100000--IS--query.q:2
 -- Formula is satisfied.
 -- Result: (54485/100000 runs) Pr(<> …) in [0.541757,0.54794] (95% CI)
Values in [2.4614855647087101e-05,153.20002211956307] mean=37.761816707410304 steps=0.65470084403721129: 1370 1369 1402 1304 1348 1382 1371 1330 1338 1410 1404 1385 1353 1323 1323 1384 1363 1243 430 0 0 0 0 0 0 0 0 0 0 0 0 0 0 0 0 0 0 0 0 0 0 0 0 0 0 0 0 0 0 0 0 0 0 0 0 0 0 0 0 0 0 0 0 0 0 0 0 0 0 0 13 46 175 202 269 379 397 402 422 340 284 150 83 50 92 70 38 55 324 650 770 1204 1957 1662 1813 2468 1714 1465 1511 866 632 420 235 192 27 21 56 298 359 367 913 836 664 1162 901 684 710 541 293 234 140 78 15 1 1 0 0 0 0 0 0 0 0 0 0 0 0 0 0 0 0 0 0 0 0 0 0 0 0 0 0 0 0 0 0 0 0 0 0 0 0 0 0 0 0 0 0 0 0 0 0 0 0 0 0 0 0 0 0 0 0 0 0 0 0 0 0 0 0 0 0 0 0 0 0 0 0 0 0 0 0 0 0 0 0 0 0 0 0 0 0 0 0 0 0 0 0 1 0 0 0 0 0 0 0 0 0 0 0 0 0 0 0 1
 -- States explored : 0 states
 -- CPU user time used : 15098 ms
 -- Virtual memory used : 58160 KiB
 -- Resident memory used : 17444 KiB

Verifying formula 3 at ./experiments/results/smc/VerifyPIN_6_HB+FTL+INL+DPTC+DT/VerifyPIN_6_HB+FTL+INL+DPTC+DT--F5--C10--T10000--N100000--IS--query.q:3
 -- Formula is satisfied.
 -- Result: (120/100000 runs) Pr(<> …) in [0.000995016,0.00143474] (95% CI)
Values in [217,249] mean=236.83333333333334 steps=2.9090909090909092: 2 0 1 27 0 0 35 29 0 4 19 3
 -- States explored : 0 states
 -- CPU user time used : 15843 ms
 -- Virtual memory used : 58160 KiB
 -- Resident memory used : 17444 KiB
