Options for the verification:
  Generating no trace
  Search order is breadth first
  Using conservative space optimisation
  Seed is 1742938650
  State space representation uses minimal constraint systems with future testing
  Using HashMap + Compress integers for discrete state storage

Verifying formula 1 at ./experiments/results/smc/VerifyPIN_6_HB+FTL+INL+DPTC+DT/VerifyPIN_6_HB+FTL+INL+DPTC+DT--F4--C10--T10000--N100000--IS--query.q:1
 -- Formula is satisfied.
 -- Result: (45522/100000 runs) Pr(<> …) in [0.45213,0.458313] (95% CI)
Values in [44,642] mean=610.90657264619301 steps=2.7943925233644862: 312 0 0 146 301 0 0 73 72 0 0 0 0 0 0 0 0 0 0 0 0 0 0 0 0 0 0 0 0 0 0 0 0 0 0 0 0 0 0 0 0 0 0 0 0 0 0 0 5 14 0 0 28 0 0 6 5 0 0 0 0 0 4 0 0 52 113 0 0 228 58 0 3 75 7 0 0 0 0 0 0 0 0 0 0 0 0 0 0 0 0 0 0 0 0 0 0 0 0 0 0 0 0 0 0 0 0 0 0 0 0 0 0 0 0 0 0 0 0 0 0 0 0 0 0 0 0 0 0 0 0 0 0 0 0 0 0 0 0 0 0 0 0 0 0 0 0 0 0 0 0 0 0 0 0 0 0 0 0 0 0 0 0 0 0 0 0 0 0 0 0 0 0 0 0 0 0 0 0 0 0 0 0 0 0 0 0 0 0 0 0 0 0 0 0 0 7 0 5 439 334 506 280 1980 4 3344 1166 614 12828 13707 2700 221 4239 1646 0
 -- States explored : 0 states
 -- CPU user time used : 15188 ms
 -- Virtual memory used : 57800 KiB
 -- Resident memory used : 18468 KiB

Verifying formula 2 at ./experiments/results/smc/VerifyPIN_6_HB+FTL+INL+DPTC+DT/VerifyPIN_6_HB+FTL+INL+DPTC+DT--F4--C10--T10000--N100000--IS--query.q:2
 -- Formula is satisfied.
 -- Result: (54956/100000 runs) Pr(<> …) in [0.54647,0.552647] (95% CI)
Values in [0.00020672846585512164,81.877035596640781] mean=37.754549845597928 steps=0.34841203773691465: 716 735 681 722 741 738 759 744 740 710 775 710 733 684 723 711 746 703 686 737 756 728 745 760 749 725 710 773 733 726 739 734 704 681 320 0 0 0 0 0 0 0 0 0 0 0 0 0 0 0 0 0 0 0 0 0 0 0 0 0 0 0 0 0 0 0 0 0 0 0 0 0 0 0 0 0 0 0 0 0 0 0 0 0 0 0 0 0 0 0 0 0 0 0 0 0 0 0 0 0 0 0 0 0 0 0 0 0 0 0 0 0 0 0 0 0 0 0 0 0 0 0 0 0 0 0 0 0 0 0 0 0 10 6 18 100 93 94 133 122 150 198 200 193 236 226 208 228 224 150 166 140 81 81 80 28 31 28 55 51 33 27 27 23 24 24 19 12 17 47 73 90 909 1190 1223 1282 1229 1268 1768 1802 1683 854 850 785 716 749 489 246 224 148 77 101 90 122 90 31 13 9 18 12 23 173 180 190 186 198 266 512 485 411 350 375 492 595 582 401 340 342 376 392 383 187 152 165 105 109 92 36 30 23 3 0 0 0 1
 -- States explored : 0 states
 -- CPU user time used : 14968 ms
 -- Virtual memory used : 58160 KiB
 -- Resident memory used : 19060 KiB

Verifying formula 3 at ./experiments/results/smc/VerifyPIN_6_HB+FTL+INL+DPTC+DT/VerifyPIN_6_HB+FTL+INL+DPTC+DT--F4--C10--T10000--N100000--IS--query.q:3
 -- Formula is satisfied.
 -- Result: (8/100000 runs) Pr(<> …) in [3.45389e-05,0.000157626] (95% CI)
Values in [228,251] mean=239.5 steps=7.666666666666667: 3 2 2 1
 -- States explored : 0 states
 -- CPU user time used : 15960 ms
 -- Virtual memory used : 58160 KiB
 -- Resident memory used : 19060 KiB
