Options for the verification:
  Generating no trace
  Search order is breadth first
  Using conservative space optimisation
  Seed is 1742923229
  State space representation uses minimal constraint systems with future testing
  Using HashMap + Compress integers for discrete state storage

Verifying formula 1 at ./experiments/results/smc/VerifyPIN_6_HB+FTL+INL+DPTC+DT/VerifyPIN_6_HB+FTL+INL+DPTC+DT--F2--C10--T10000--N100000--IS--query.q:1
 -- Formula is satisfied.
 -- Result: (46672/100000 runs) Pr(<> …) in [0.463624,0.469818] (95% CI)
Values in [56,645] mean=623.3931693520741 steps=2.7142857142857144: 736 0 0 72 75 0 0 0 0 0 0 0 0 0 0 0 0 0 0 0 0 0 0 0 0 0 0 0 0 0 0 0 0 0 0 0 0 0 0 0 0 0 0 0 0 0 0 0 0 0 0 0 0 0 0 0 0 0 0 0 0 0 0 0 0 0 0 0 0 0 0 0 0 0 0 0 0 0 0 0 0 0 0 0 0 0 0 0 0 0 0 0 0 0 0 0 0 0 0 0 0 0 0 0 0 0 0 0 0 0 0 0 0 0 0 0 0 0 0 0 0 0 0 0 0 0 0 0 0 0 0 0 0 0 0 0 0 0 0 0 0 0 0 0 0 0 0 0 0 0 0 0 0 0 0 0 0 0 0 0 0 0 0 0 0 0 0 0 0 0 0 0 0 0 0 0 0 0 0 0 0 0 0 0 0 0 0 0 0 0 0 0 0 0 0 0 0 0 0 0 0 0 0 0 0 0 2 0 2417 0 1 0 35524 0 0 2060 4445 1340
 -- States explored : 0 states
 -- CPU user time used : 15252 ms
 -- Virtual memory used : 57796 KiB
 -- Resident memory used : 16772 KiB

Verifying formula 2 at ./experiments/results/smc/VerifyPIN_6_HB+FTL+INL+DPTC+DT/VerifyPIN_6_HB+FTL+INL+DPTC+DT--F2--C10--T10000--N100000--IS--query.q:2
 -- Formula is satisfied.
 -- Result: (53169/100000 runs) Pr(<> …) in [0.528591,0.534787] (95% CI)
Values in [7.8211538493633284e-05,81.281260089948773] mean=39.569044467407444 steps=0.35186658821822636: 688 721 714 757 763 738 731 756 744 731 738 724 727 713 709 749 726 806 719 703 742 721 742 703 716 766 692 727 779 728 787 708 747 711 77 0 0 0 0 0 0 0 0 0 0 0 0 0 0 0 0 0 0 0 0 0 0 0 0 0 0 0 0 0 0 0 0 0 0 0 0 0 0 0 0 0 0 0 0 0 0 0 0 0 0 0 0 0 0 0 0 0 0 0 0 0 0 0 0 0 0 0 0 0 0 0 0 0 0 0 0 0 0 0 0 0 0 0 0 0 0 0 0 0 0 0 0 0 0 0 0 0 0 0 0 0 0 0 0 0 0 0 0 0 0 0 0 0 0 0 0 0 0 0 0 0 0 0 0 0 0 0 0 0 0 0 0 0 0 0 0 0 0 1 1 2 1 2 0 1 0 0 0 0 657 2334 2353 2343 2274 2311 2358 2305 2320 615 0 0 0 0 0 0 0 0 0 0 0 0 1 1 1 0 374 508 562 644 658 708 996 997 894 441 444 367 292 253 143 1 1 0 1 0 1
 -- States explored : 0 states
 -- CPU user time used : 15202 ms
 -- Virtual memory used : 58168 KiB
 -- Resident memory used : 17096 KiB

Verifying formula 3 at ./experiments/results/smc/VerifyPIN_6_HB+FTL+INL+DPTC+DT/VerifyPIN_6_HB+FTL+INL+DPTC+DT--F2--C10--T10000--N100000--IS--query.q:3
 -- Formula is satisfied.
 -- Result: (0/100000 runs) Pr(<> …) in [0,3.68881e-05] (95% CI)
 -- States explored : 0 states
 -- CPU user time used : 16123 ms
 -- Virtual memory used : 58168 KiB
 -- Resident memory used : 17096 KiB
