Options for the verification:
  Generating no trace
  Search order is breadth first
  Using conservative space optimisation
  Seed is 1742868889
  State space representation uses minimal constraint systems with future testing
  Using HashMap + Compress integers for discrete state storage

Verifying formula 1 at ./experiments/results/smc/VerifyPIN_6_HB+FTL+INL+DPTC+DT/VerifyPIN_6_HB+FTL+INL+DPTC+DT--C10--T10000--N2500000--ORC--query.q:1
 -- Formula is satisfied.
 -- Result: (631884/2500000 runs) Pr(<> …) in [0.252215,0.253293] (95% CI)
Values in [80,647] mean=646.87347835995217 steps=0.71320754716981127: 141 0 0 0 0 0 0 0 0 0 0 0 0 0 0 0 0 0 0 0 0 0 0 0 0 0 0 0 0 0 0 0 0 0 0 0 0 0 0 0 0 0 0 0 0 0 0 0 0 0 0 0 0 0 0 0 0 0 0 0 0 0 0 0 0 0 0 0 0 0 0 0 0 0 0 0 0 0 0 0 0 0 0 0 0 0 0 0 0 0 0 0 0 0 0 0 0 0 0 0 0 0 0 0 0 0 0 0 0 0 0 0 0 0 0 0 0 0 0 0 0 0 0 0 0 0 0 0 0 0 0 0 0 0 0 0 0 0 0 0 0 0 0 0 0 0 0 0 0 0 0 0 0 0 0 0 0 0 0 0 0 0 0 0 0 0 0 0 0 0 0 0 0 0 0 0 0 0 0 0 0 0 0 0 0 0 0 0 0 0 0 0 0 0 0 0 0 0 0 0 0 0 0 0 0 0 0 0 0 0 0 0 0 0 0 0 0 0 0 0 0 0 0 0 0 0 0 0 0 0 0 0 0 0 0 0 0 0 0 0 0 0 0 0 0 0 0 0 0 0 0 0 0 0 0 0 0 0 0 0 0 0 0 0 0 0 0 0 0 0 0 0 0 0 0 0 0 0 0 0 0 0 0 0 0 0 0 0 0 0 0 0 0 0 0 0 0 0 0 0 0 0 0 0 0 0 0 0 0 0 0 0 0 0 0 0 0 0 0 0 0 0 0 0 0 0 0 0 0 0 0 0 0 0 0 0 0 0 0 0 0 0 0 0 0 0 0 0 0 0 0 0 0 0 0 0 0 0 0 0 0 0 0 0 0 0 0 0 0 0 0 0 0 0 0 0 0 0 0 0 0 0 0 0 0 0 0 0 0 0 0 0 0 0 0 0 0 0 0 0 0 0 0 0 0 0 0 0 0 0 0 0 0 0 0 0 0 0 0 0 0 0 0 0 0 0 0 0 0 0 0 0 0 0 0 0 0 0 0 0 0 0 0 0 0 0 0 0 0 0 0 0 0 0 0 0 0 0 0 0 0 0 0 0 0 0 0 0 0 0 0 0 0 0 0 0 0 0 0 0 0 0 0 0 0 0 0 0 0 0 0 0 0 0 0 0 0 0 0 0 0 0 0 0 0 0 0 0 0 0 0 0 0 0 0 0 0 0 0 0 0 0 0 0 0 0 0 0 0 0 0 0 0 0 0 0 0 0 0 0 0 0 0 0 0 0 0 0 0 0 0 0 0 0 0 0 0 0 0 0 0 0 0 0 0 0 0 0 0 0 0 0 0 0 0 0 0 0 0 0 0 0 0 0 0 0 0 0 0 0 0 0 0 0 0 0 0 0 0 0 0 0 0 0 0 0 0 0 0 0 0 0 0 0 0 0 0 0 0 0 0 0 0 0 0 0 0 0 0 0 0 0 0 0 0 0 0 0 0 0 0 0 0 0 0 0 0 0 0 0 0 0 0 0 0 0 0 0 0 0 0 0 0 0 0 0 0 0 0 0 0 0 0 0 0 0 0 0 0 0 0 0 0 0 0 0 0 0 0 0 0 0 0 0 0 0 0 0 0 0 0 0 0 0 0 0 0 0 0 0 0 0 0 0 0 0 0 0 0 0 0 0 0 0 0 0 0 0 0 0 0 0 0 0 0 0 0 0 0 0 0 0 0 0 0 0 0 0 0 0 0 0 0 0 0 0 0 0 0 0 0 0 0 0 0 0 0 0 0 0 0 0 0 0 0 0 0 0 0 0 0 0 0 0 0 0 0 0 0 0 0 0 0 0 0 631743
 -- States explored : 0 states
 -- CPU user time used : 239002 ms
 -- Virtual memory used : 62032 KiB
 -- Resident memory used : 21324 KiB

Verifying formula 2 at ./experiments/results/smc/VerifyPIN_6_HB+FTL+INL+DPTC+DT/VerifyPIN_6_HB+FTL+INL+DPTC+DT--C10--T10000--N2500000--ORC--query.q:2
 -- Formula is satisfied.
 -- Result: (1867823/2500000 runs) Pr(<> …) in [0.74659,0.747668] (95% CI)
Values in [9.6526928246021288e-06,81.999969696626067] mean=10.402473407522335 steps=0.059985340193074804: 1135 1102 1158 1165 1176 1148 1157 1291 1200 1146 1206 1153 1134 1131 1202 1279 1193 1177 1178 1142 1225 1117 1121 1216 1184 1183 1119 1136 1176 1203 1175 1175 1196 6003 8374 8528 8373 8414 8385 8510 8365 8315 8342 8506 8550 8460 8259 8487 8523 8400 8404 8291 8234 8337 8492 8460 8356 8413 8344 8211 8352 8467 8397 8238 8480 8239 8384 8341 8430 8475 8410 8320 8477 8345 8414 8478 8404 8357 8540 8405 8439 8386 8286 8569 8355 8337 8443 8404 8443 8319 8396 8354 8366 8441 8388 8299 8457 8371 8435 8442 8424 8280 8447 8332 8411 8431 8464 8365 8431 8418 8389 8360 8398 8233 8510 8428 8289 8337 8374 8365 8560 8304 8414 8300 8457 8434 8392 8412 8443 8379 8486 8475 8401 8396 8336 8445 8344 8293 8313 8453 8411 8360 8362 8726 8419 8408 8295 8510 8369 8464 8310 8545 8202 8404 8443 8390 8312 8295 8437 8377 8331 8490 8447 8366 8376 8441 8320 8129 8153 8327 8346 8330 8509 8336 8344 8478 8499 8483 8390 8480 8238 8385 8201 8486 8242 8368 8412 8430 8516 8376 8421 8274 8337 8465 8462 8427 8428 8374 8491 8352 8340 8309 8281 8424 8440 8373 8440 8482 8242 8427 8375 8345 8515 8663 8428 8322 8499 8238 8403 8352 8383 8368 8406 8272 8313 8406 8580 8389 8256 8335 8416 8418 8449 3511 311 309 307 280 305 283 296 300 299 296 283 263 302 314 312 284 312 297 286 316 254 293 299 293 289 287 313 306 314 272 265 312 287 294 304 284 300 257 281 273 273 282 289 297 291 282 274 309 296 298 286 284 260 300 278 298 289 297 294 295 296 318 313 307 320 267 304 307 268 312 300 270 298 270 304 296 299 302 315 318 297 285 274 286 277 290 296 265 292 273 303 284 313 304 323 270 296 297 289 277 307 280 257 311 275 311 280 281 305 281 276 253 286 258 282 279 260 286 294 273 299 281 303 285 293 301 302 301 297 286 297 292 278 320 309 291 293 276 287 304 280 287 298 291 279 293 315 306 273 306 295 278 288 282 295 282 295 313 327 280 316 286 272 293 295 269 256 294 284 295 260 294 292 277 299 283 298 286 306 267 289 274 269 327 302 281 322 270 321 330 309 299 255 267 317 306 302 295 312 780 1211 1183 1166 1221 1187 1112 1158 1226 1237 1251 1163 1185 1233 1213 1224 1221 1145 1248 1206 1187 1154 1262 1223 1118 1255 1182 1238 1173 1250 1174 1163 1176 930 0 0 0 0 0 0 0 0 0 0 0 0 0 0 0 0 0 0 0 0 0 0 0 0 0 0 0 0 0 0 0 0 0 0 0 0 0 0 0 0 0 0 0 0 0 0 0 0 0 49 163 162 171 157 178 146 146 168 183 150 169 160 150 146 155 139 148 160 144 141 152 172 143 168 156 127 152 178 152 128 153 175 157 188 166 173 188 186 163 166 161 144 176 171 156 152 163 161 171 142 0 0 0 0 0 0 0 0 0 0 0 0 0 0 0 0 5 3 1 7 4 7 4 2 6 5 10 4 2 2 3 4 4 6 4 2 5 2 4 3 3 1 8 5 2 3 8 6 2 8 2 3 2 2 5 6 1 5 9 8 1 3 6 4 5 1 3 8 6 2 4 4 4 1 5 5 1 3 3 4 5 6 4 7 6 4 6 5 2 6 4 7 2 3 7 6 6 3 2 3 4 8 4 6 4 3 2 4 10 7 5 8 1 2 2 4 2 5 9 7 9 5 5 3 3 3 3 2 8 3 4 3 2 2 7 0 3 2 3 3 5 3 4 10 7 6 4 3 6 9 2 7 5 4 1 8 3 5 10 2 7 3 5 4 4 8 5 3 3 7 3 4 8 8 3 2 1 2 1 5 3 3 5 5 2 4 2 1 4 5 4 1 3 1 3 5 6 6 2 7 2 1 5 2 2 6 5 5 3 4 6 3 6 2 3 11 2 0 0 0 0 0 0 0 0 0 0 0 0 0 0 0 0 0 0 0 0 0 0 0 0 0 0 0 0 0 0 0 0 0 0 0 0 0 0 0 0 0 0 0 0 0 0 0 0 0 0 0 0 0 0 0 0 0 0 0 0 0 0 0 0 0 0 0 1 1 0 0 0 2 1 1 1 1 0 0 0 0 0 1 0 1 0 0 0 1 1 0 0 0 0 1 0 1 0 1 0 1 0 0 0 0 0 0 0 0 0 0 0 0 0 1 1 0 0 0 0 0 0 1 0 0 0 0 1 1 0 0 0 0 0 0 0 1 1 0 1 0 0 1 1 0 0 0 0 0 1 0 0 0 1 0 0 1 0 0 0 1 0 0 0 1 1 1 0 0 0 1 0 1 0 0 0 1 0 1 0 0 0 0 1 0 0 1 0 0 1 0 0 1 0 2 0 0 0 0 1 0 0 0 0 0 0 4 1 0 0 0 0 0 1 0 0 0 0 1 1 0 0 0 0 0 1 0 0 0 0 0 1 2 1 0 0 0 1 0 0 2 0 0 0 1 1 0 0 1 1 0 0 0 1 1 0 0 0 1 0 0 0 0 0 1 0 0 0 0 0 0 0 0 0 0 0 0 0 0 0 0 0 0 0 0 0 0 0 0 0 0 0 0 0 0 0 0 0 0 0 0 0 0 0 0 0 0 0 0 0 0 0 0 0 0 0 0 0 0 0 0 0 0 0 0 0 0 0 0 0 0 0 0 0 0 0 0 0 0 0 0 0 0 0 0 0 0 0 0 0 0 0 0 0 0 0 0 0 0 0 0 0 0 0 0 0 0 0 0 0 0 0 0 0 0 0 0 0 0 0 0 0 0 0 0 0 0 0 0 0 0 0 0 0 0 0 0 0 0 0 0 0 0 0 0 0 0 0 0 0 0 0 0 0 0 0 0 0 0 0 0 0 0 0 0 0 0 0 0 0 0 0 0 0 0 0 0 0 0 0 0 0 0 0 0 0 0 0 0 0 0 0 0 0 0 0 0 0 0 0 0 0 0 0 0 0 0 0 0 0 0 0 0 0 0 0 0 0 0 0 0 0 0 0 0 0 0 0 0 0 0 0 0 0 0 0 0 0 0 0 0 0 0 0 0 0 0 0 0 0 0 0 0 0 0 0 0 0 0 0 0 0 0 0 0 0 0 0 0 0 0 0 6 855 894 854 881 824 838 855 821 845 895 844 887 820 843 809 817 839 850 846 799 871 892 819 829 885 878 837 843 849 826 875 860 879 799 824 901 863 839 848 865 837 850 805 879 869 867 819 820 833 856
 -- States explored : 0 states
 -- CPU user time used : 238154 ms
 -- Virtual memory used : 76640 KiB
 -- Resident memory used : 35996 KiB

Verifying formula 3 at ./experiments/results/smc/VerifyPIN_6_HB+FTL+INL+DPTC+DT/VerifyPIN_6_HB+FTL+INL+DPTC+DT--C10--T10000--N2500000--ORC--query.q:3
 -- Formula is satisfied.
 -- Result: (0/2500000 runs) Pr(<> …) in [0,1.47555e-06] (95% CI)
 -- States explored : 0 states
 -- CPU user time used : 249871 ms
 -- Virtual memory used : 76640 KiB
 -- Resident memory used : 38112 KiB
