Options for the verification:
  Generating no trace
  Search order is breadth first
  Using conservative space optimisation
  Seed is 1742944805
  State space representation uses minimal constraint systems with future testing
  Using HashMap + Compress integers for discrete state storage

Verifying formula 1 at ./experiments/results/smc/VerifyPIN_6_HB+FTL+INL+DPTC+DT/VerifyPIN_6_HB+FTL+INL+DPTC+DT--F5--C10--T10000--N100000--ORC--query.q:1
 -- Formula is satisfied.
 -- Result: (3198/100000 runs) Pr(<> …) in [0.0308981,0.0330892] (95% CI)
Values in [80,647] mean=604.20325203252037 steps=9.9473684210526319: 158 0 0 0 0 0 0 0 0 0 0 0 0 18 0 0 0 100 0 0 0 0 0 0 0 0 0 0 0 0 0 0 0 0 1 0 0 0 0 0 0 0 0 0 0 0 0 0 0 0 0 0 0 0 0 22 14 2885
 -- States explored : 0 states
 -- CPU user time used : 9146 ms
 -- Virtual memory used : 57092 KiB
 -- Resident memory used : 17632 KiB

Verifying formula 2 at ./experiments/results/smc/VerifyPIN_6_HB+FTL+INL+DPTC+DT/VerifyPIN_6_HB+FTL+INL+DPTC+DT--F5--C10--T10000--N100000--ORC--query.q:2
 -- Formula is satisfied.
 -- Result: (96835/100000 runs) Pr(<> …) in [0.967246,0.969426] (95% CI)
Values in [1.7998274415731433e-05,632.86232484318316] mean=20.441535556509514 steps=2.0284048296311181: 1777 11372 11397 11320 11361 11223 10656 1454 1512 1430 1498 1527 1519 1218 0 1202 1275 45 53 43 56 43 36 6 0 393 437 481 475 509 502 43 105 12 9 4 1052 1840 308 5886 2524 26 33 2 4 5 7 7 0 11 15 12 19 13 23 4 0 0 0 0 0 0 1 0 0 1 2 3 5 2 4 2 2 0 0 0 0 0 0 0 0 0 1 0 0 0 0 0 0 0 0 0 0 0 0 0 0 0 0 0 0 0 0 0 0 0 0 0 0 0 0 0 0 0 0 0 0 0 0 1 0 0 0 0 0 0 0 0 0 0 0 0 0 0 0 0 0 0 0 0 0 0 0 0 0 0 0 0 0 0 0 0 0 0 0 0 0 0 0 0 0 0 0 0 0 0 0 0 0 0 0 0 0 0 0 0 0 0 0 0 0 0 0 0 0 0 0 0 0 0 0 0 0 0 0 0 0 0 0 0 0 0 0 0 0 0 0 0 0 0 0 0 0 0 0 0 0 0 0 0 0 0 0 0 0 0 0 0 0 0 0 0 0 0 0 0 0 0 0 0 0 0 0 0 0 0 0 0 0 0 0 0 0 0 0 0 0 0 0 0 0 0 0 0 0 0 0 0 0 0 0 0 0 0 0 0 0 0 0 0 0 0 0 0 0 0 0 0 0 0 0 0 0 0 0 0 0 0 0 0 0 0 0 0 0 0 5 9 4 3 4 2
 -- States explored : 0 states
 -- CPU user time used : 8955 ms
 -- Virtual memory used : 57932 KiB
 -- Resident memory used : 18972 KiB

Verifying formula 3 at ./experiments/results/smc/VerifyPIN_6_HB+FTL+INL+DPTC+DT/VerifyPIN_6_HB+FTL+INL+DPTC+DT--F5--C10--T10000--N100000--ORC--query.q:3
 -- Formula is satisfied.
 -- Result: (0/100000 runs) Pr(<> …) in [0,3.68881e-05] (95% CI)
 -- States explored : 0 states
 -- CPU user time used : 9322 ms
 -- Virtual memory used : 57932 KiB
 -- Resident memory used : 18972 KiB
