Options for the verification:
  Generating no trace
  Search order is breadth first
  Using conservative space optimisation
  Seed is 1742930035
  State space representation uses minimal constraint systems with future testing
  Using HashMap + Compress integers for discrete state storage

Verifying formula 1 at ./experiments/results/smc/VerifyPIN_6_HB+FTL+INL+DPTC+DT/VerifyPIN_6_HB+FTL+INL+DPTC+DT--F3--C10--T10000--N100000--ORC--query.q:1
 -- Formula is satisfied.
 -- Result: (4625/100000 runs) Pr(<> …) in [0.0449564,0.04757] (95% CI)
Values in [80,647] mean=633.4095135135135 steps=8.2173913043478262: 109 0 0 0 0 0 0 0 0 0 0 0 0 0 0 0 0 0 0 0 0 2 0 0 0 0 0 0 0 0 0 0 0 0 0 0 0 0 0 0 0 0 0 0 0 0 0 0 0 0 0 0 0 0 0 0 0 0 0 0 0 0 0 0 0 0 0 21 13 4480
 -- States explored : 0 states
 -- CPU user time used : 7246 ms
 -- Virtual memory used : 57088 KiB
 -- Resident memory used : 16788 KiB

Verifying formula 2 at ./experiments/results/smc/VerifyPIN_6_HB+FTL+INL+DPTC+DT/VerifyPIN_6_HB+FTL+INL+DPTC+DT--F3--C10--T10000--N100000--ORC--query.q:2
 -- Formula is satisfied.
 -- Result: (95266/100000 runs) Pr(<> …) in [0.951326,0.953968] (95% CI)
Values in [0.00043260771781206142,632.66683968901634] mean=19.875550372401641 steps=2.0474641005867271: 1759 11384 11581 11497 11489 11525 9892 1495 1494 1502 1427 1522 1513 1027 0 1511 1077 37 45 47 46 48 48 0 25 280 315 314 264 286 252 16 21 0 0 0 34 21 3261 7780 406 0 1 0 0 0 0 0 0 0 0 0 0 0 0 0 0 0 0 0 0 0 0 0 0 0 0 0 0 0 0 0 0 0 0 0 0 0 0 0 0 0 0 0 0 0 0 0 0 0 0 0 0 0 0 0 0 0 0 0 0 0 0 0 0 0 0 0 0 0 0 0 0 0 0 0 0 0 0 0 0 0 0 0 0 0 0 0 0 0 0 0 0 0 0 0 0 0 0 0 0 0 0 0 0 0 0 0 0 0 0 0 0 0 0 0 0 0 0 0 0 0 0 0 0 0 0 0 0 0 0 0 0 0 0 0 0 0 0 0 0 0 0 0 0 0 0 0 0 0 0 0 0 0 0 0 0 0 0 0 0 0 0 0 0 0 0 0 0 0 0 0 0 0 0 0 0 0 0 0 0 0 0 0 0 0 0 0 0 0 0 0 0 0 0 0 0 0 0 0 0 0 0 0 0 0 0 0 0 0 0 0 0 0 0 0 0 0 0 0 0 0 0 0 0 0 0 0 0 0 0 0 0 0 0 0 0 0 0 0 0 0 0 0 0 0 0 0 0 0 0 0 0 0 0 0 0 0 0 0 0 0 0 3 5 5 4 3 4
 -- States explored : 0 states
 -- CPU user time used : 7254 ms
 -- Virtual memory used : 57876 KiB
 -- Resident memory used : 17908 KiB

Verifying formula 3 at ./experiments/results/smc/VerifyPIN_6_HB+FTL+INL+DPTC+DT/VerifyPIN_6_HB+FTL+INL+DPTC+DT--F3--C10--T10000--N100000--ORC--query.q:3
 -- Formula is satisfied.
 -- Result: (0/100000 runs) Pr(<> …) in [0,3.68881e-05] (95% CI)
 -- States explored : 0 states
 -- CPU user time used : 7464 ms
 -- Virtual memory used : 57876 KiB
 -- Resident memory used : 17908 KiB
