Options for the verification:
  Generating no trace
  Search order is breadth first
  Using conservative space optimisation
  Seed is 1742937613
  State space representation uses minimal constraint systems with future testing
  Using HashMap + Compress integers for discrete state storage

Verifying formula 1 at ./experiments/results/smc/VerifyPIN_6_HB+FTL+INL+DPTC+DT/VerifyPIN_6_HB+FTL+INL+DPTC+DT--F4--C10--T10000--N100000--ORC--query.q:1
 -- Formula is satisfied.
 -- Result: (4238/100000 runs) Pr(<> …) in [0.0411397,0.0436469] (95% CI)
Values in [80,647] mean=624.68381311939595 steps=8.5909090909090917: 159 0 0 0 0 0 0 0 0 0 0 0 0 0 0 1 0 0 0 0 9 0 0 0 0 0 0 0 0 0 0 0 0 0 0 0 0 0 0 0 0 0 0 0 0 0 0 0 0 0 0 0 0 0 0 0 0 0 0 0 0 0 0 0 40 17 4012
 -- States explored : 0 states
 -- CPU user time used : 8337 ms
 -- Virtual memory used : 57096 KiB
 -- Resident memory used : 16152 KiB

Verifying formula 2 at ./experiments/results/smc/VerifyPIN_6_HB+FTL+INL+DPTC+DT/VerifyPIN_6_HB+FTL+INL+DPTC+DT--F4--C10--T10000--N100000--ORC--query.q:2
 -- Formula is satisfied.
 -- Result: (95821/100000 runs) Pr(<> …) in [0.956951,0.959442] (95% CI)
Values in [0.0049103293567895898,632.69486151169986] mean=20.095257095938837 steps=2.0409353263946555: 1851 11531 11396 11289 11486 11211 9989 1510 1524 1561 1527 1490 1487 1063 0 1373 1153 43 43 30 42 48 46 1 5 508 509 501 488 517 392 32 55 2 3 4 414 354 2006 7029 1247 5 9 0 0 4 1 2 1 1 0 2 2 3 2 0 0 0 0 0 0 0 0 0 0 0 1 0 0 0 0 0 0 0 0 0 0 0 0 0 0 0 0 0 0 0 0 0 0 0 0 0 0 0 0 0 0 0 0 0 0 0 0 0 0 0 0 0 0 0 0 0 0 0 0 0 0 0 0 0 0 0 0 0 0 0 0 0 0 0 0 0 0 0 0 0 0 0 0 0 0 0 0 0 0 0 0 0 0 0 0 0 0 0 0 0 0 0 0 0 0 0 0 0 0 0 0 0 0 0 0 0 0 0 0 0 0 0 0 0 0 0 0 0 0 0 0 0 0 0 0 0 0 0 0 0 0 0 0 0 0 0 0 0 0 0 0 0 0 0 0 0 0 0 0 0 0 0 0 0 0 0 0 0 0 0 0 0 0 0 0 0 0 0 0 0 0 0 0 0 0 0 0 0 0 0 0 0 0 0 0 0 0 0 0 0 0 0 0 0 0 0 0 0 0 0 0 0 0 0 0 0 0 0 0 0 0 0 0 0 0 0 0 0 0 0 0 0 0 0 0 0 0 0 0 0 0 0 0 0 0 0 0 0 2 1 7 8 4 6
 -- States explored : 0 states
 -- CPU user time used : 8301 ms
 -- Virtual memory used : 57884 KiB
 -- Resident memory used : 17316 KiB

Verifying formula 3 at ./experiments/results/smc/VerifyPIN_6_HB+FTL+INL+DPTC+DT/VerifyPIN_6_HB+FTL+INL+DPTC+DT--F4--C10--T10000--N100000--ORC--query.q:3
 -- Formula is satisfied.
 -- Result: (0/100000 runs) Pr(<> …) in [0,3.68881e-05] (95% CI)
 -- States explored : 0 states
 -- CPU user time used : 8568 ms
 -- Virtual memory used : 57884 KiB
 -- Resident memory used : 17316 KiB
