Options for the verification:
  Generating no trace
  Search order is breadth first
  Using conservative space optimisation
  Seed is 1742904746
  State space representation uses minimal constraint systems with future testing
  Using HashMap + Compress integers for discrete state storage

Verifying formula 1 at ./experiments/results/smc/VerifyPIN_6_HB+FTL+INL+DPTC+DT/VerifyPIN_6_HB+FTL+INL+DPTC+DT--F1--C10--T10000--N100000--ORC--query.q:1
 -- Formula is satisfied.
 -- Result: (25557/100000 runs) Pr(<> …) in [0.252869,0.258285] (95% CI)
Values in [80,647] mean=646.88907148726378 steps=3.5437500000000002: 5 0 0 0 0 0 0 0 0 0 0 0 0 0 0 0 0 0 0 0 0 0 0 0 0 0 0 0 0 0 0 0 0 0 0 0 0 0 0 0 0 0 0 0 0 0 0 0 0 0 0 0 0 0 0 0 0 0 0 0 0 0 0 0 0 0 0 0 0 0 0 0 0 0 0 0 0 0 0 0 0 0 0 0 0 0 0 0 0 0 0 0 0 0 0 0 0 0 0 0 0 0 0 0 0 0 0 0 0 0 0 0 0 0 0 0 0 0 0 0 0 0 0 0 0 0 0 0 0 0 0 0 0 0 0 0 0 0 0 0 0 0 0 0 0 0 0 0 0 0 0 0 0 0 0 0 0 0 0 0 25552
 -- States explored : 0 states
 -- CPU user time used : 9609 ms
 -- Virtual memory used : 57596 KiB
 -- Resident memory used : 16372 KiB

Verifying formula 2 at ./experiments/results/smc/VerifyPIN_6_HB+FTL+INL+DPTC+DT/VerifyPIN_6_HB+FTL+INL+DPTC+DT--F1--C10--T10000--N100000--ORC--query.q:2
 -- Formula is satisfied.
 -- Result: (74872/100000 runs) Pr(<> …) in [0.746019,0.751406] (95% CI)
Values in [0.00079678511247038863,81.999401358189061] mean=10.327534345294277 steps=0.29926498019371023: 223 234 248 260 210 229 705 1707 1691 1730 1654 1722 1634 1703 1654 1639 1642 1678 1661 1640 1762 1698 1615 1706 1619 1695 1650 1693 1703 1660 1701 1728 1666 1654 1732 1592 1639 1699 1725 1767 1684 1700 1716 1639 1742 1608 1345 54 80 47 48 63 69 61 46 53 51 55 48 54 56 45 54 65 63 48 57 61 58 76 50 54 57 60 62 65 59 61 61 62 61 57 54 52 64 54 85 236 228 225 236 220 231 172 0 0 0 0 0 0 0 0 0 19 36 40 31 28 31 32 33 29 36 16 0 0 0 1 2 1 2 1 1 1 0 4 1 0 1 0 0 1 0 1 2 0 1 2 2 1 1 1 1 2 1 0 0 1 2 0 1 1 0 0 0 1 1 0 0 0 0 0 0 0 0 0 0 0 0 0 0 0 0 0 0 0 0 0 0 0 0 0 0 0 0 0 0 0 0 0 0 0 0 0 0 0 0 0 0 0 0 0 0 0 0 0 0 0 0 0 0 0 0 0 0 0 0 0 0 0 0 0 0 0 0 0 0 0 0 0 0 0 0 0 0 0 0 0 0 0 0 0 0 0 0 0 0 0 0 0 0 0 0 0 0 0 0 0 0 0 0 0 0 6 152 169 168 171 197 151 164 159 145 141
 -- States explored : 0 states
 -- CPU user time used : 9409 ms
 -- Virtual memory used : 57884 KiB
 -- Resident memory used : 17112 KiB

Verifying formula 3 at ./experiments/results/smc/VerifyPIN_6_HB+FTL+INL+DPTC+DT/VerifyPIN_6_HB+FTL+INL+DPTC+DT--F1--C10--T10000--N100000--ORC--query.q:3
 -- Formula is satisfied.
 -- Result: (0/100000 runs) Pr(<> …) in [0,3.68881e-05] (95% CI)
 -- States explored : 0 states
 -- CPU user time used : 10040 ms
 -- Virtual memory used : 57884 KiB
 -- Resident memory used : 17112 KiB
