Options for the verification:
  Generating no trace
  Search order is breadth first
  Using conservative space optimisation
  Seed is 1743098141
  State space representation uses minimal constraint systems with future testing
  Using HashMap + Compress integers for discrete state storage

Verifying formula 1 at ./experiments/results/reachability-symbolic/VerifyPIN_4_HB+FTL+INL+DPTC+PTCBK+LC/VerifyPIN_4_HB+FTL+INL+DPTC+PTCBK+LC--F2--C100--IS--query.q:1
 -- Formula is satisfied.
 -- States explored : 0 states
 -- CPU user time used : 978 ms
 -- Virtual memory used : 99116 KiB
 -- Resident memory used : 56368 KiB

Verifying formula 2 at ./experiments/results/reachability-symbolic/VerifyPIN_4_HB+FTL+INL+DPTC+PTCBK+LC/VerifyPIN_4_HB+FTL+INL+DPTC+PTCBK+LC--F2--C100--IS--query.q:2
 -- Formula is satisfied.
 -- States stored : 94011 states
 -- States explored : 96017 states
 -- CPU user time used : 822 ms
 -- Virtual memory used : 106188 KiB
 -- Resident memory used : 63280 KiB
