Options for the verification:
  Generating no trace
  Search order is breadth first
  Using conservative space optimisation
  Seed is 1743215617
  State space representation uses minimal constraint systems with future testing
  Using HashMap + Compress integers for discrete state storage

Verifying formula 1 at ./experiments/results/reachability-symbolic/VerifyPIN_4_HB+FTL+INL+DPTC+PTCBK+LC/VerifyPIN_4_HB+FTL+INL+DPTC+PTCBK+LC--F4--C100--IS--query.q:1
 -- Formula is satisfied.
 -- States explored : 0 states
 -- CPU user time used : 19224 ms
 -- Virtual memory used : 704488 KiB
 -- Resident memory used : 660672 KiB

Verifying formula 2 at ./experiments/results/reachability-symbolic/VerifyPIN_4_HB+FTL+INL+DPTC+PTCBK+LC/VerifyPIN_4_HB+FTL+INL+DPTC+PTCBK+LC--F4--C100--IS--query.q:2
 -- Formula is satisfied.
 -- States stored : 1102282 states
 -- States explored : 1126920 states
 -- CPU user time used : 10316 ms
 -- Virtual memory used : 704488 KiB
 -- Resident memory used : 661568 KiB
