Options for the verification:
  Generating no trace
  Search order is breadth first
  Using conservative space optimisation
  Seed is 1743108501
  State space representation uses minimal constraint systems with future testing
  Using HashMap + Compress integers for discrete state storage

Verifying formula 1 at ./experiments/results/reachability-symbolic/VerifyPIN_4_HB+FTL+INL+DPTC+PTCBK+LC/VerifyPIN_4_HB+FTL+INL+DPTC+PTCBK+LC--F2--C100--SC--query.q:1
 -- Formula is satisfied.
 -- States explored : 0 states
 -- CPU user time used : 5734795 ms
 -- Virtual memory used : 41756276 KiB
 -- Resident memory used : 41713536 KiB

Verifying formula 2 at ./experiments/results/reachability-symbolic/VerifyPIN_4_HB+FTL+INL+DPTC+PTCBK+LC/VerifyPIN_4_HB+FTL+INL+DPTC+PTCBK+LC--F2--C100--SC--query.q:2
 -- Formula is NOT satisfied.
 -- States stored : 302927039 states
 -- States explored : 305370009 states
 -- CPU user time used : 4013504 ms
 -- Virtual memory used : 46044704 KiB
 -- Resident memory used : 46001300 KiB
