Options for the verification:
  Generating no trace
  Search order is breadth first
  Using conservative space optimisation
  Seed is 1742904635
  State space representation uses minimal constraint systems with future testing
  Using HashMap + Compress integers for discrete state storage

Verifying formula 1 at ./experiments/results/smc/VerifyPIN_2_HB+FTL/VerifyPIN_2_HB+FTL--F1--C10--T10000--N100000--ORC--query.q:1
 -- Formula is satisfied.
 -- Result: (25833/100000 runs) Pr(<> …) in [0.255619,0.261055] (95% CI)
Values in [80,820] mean=80.54426508729145 steps=4.5962732919254661: 25814 0 0 0 0 0 0 0 0 0 0 0 0 0 0 0 0 0 0 0 0 0 0 0 0 0 0 0 0 0 0 0 0 0 0 0 0 0 0 0 0 0 0 0 0 0 0 0 0 0 0 0 0 0 0 0 0 0 0 0 0 0 0 0 0 0 0 0 0 0 0 0 0 0 0 0 0 0 0 0 0 0 0 0 0 0 0 0 0 0 0 0 0 0 0 0 0 0 0 0 0 0 0 0 0 0 0 0 0 0 0 0 0 0 0 0 0 0 0 0 0 0 0 0 0 0 0 0 0 0 0 0 0 0 0 0 0 0 0 0 0 0 0 0 0 0 0 0 0 0 0 0 0 0 0 0 0 0 0 0 0 19
 -- States explored : 0 states
 -- CPU user time used : 3297 ms
 -- Virtual memory used : 57568 KiB
 -- Resident memory used : 16752 KiB

Verifying formula 2 at ./experiments/results/smc/VerifyPIN_2_HB+FTL/VerifyPIN_2_HB+FTL--F1--C10--T10000--N100000--ORC--query.q:2
 -- Formula is satisfied.
 -- Result: (74332/100000 runs) Pr(<> …) in [0.740601,0.746025] (95% CI)
Values in [0.0063735675066709536,65.998698430135846] mean=9.5606880477701779 steps=0.24173012770193841: 185 178 190 177 199 204 170 210 1065 1357 1380 1294 1360 1338 1357 1299 1348 1320 1332 1371 1465 1325 1367 1369 1367 1331 1341 1380 1378 1388 1338 1306 1397 1379 1337 1358 1361 1377 1295 1357 1371 1392 1349 1342 1365 1422 1347 1353 1367 1307 1410 1333 1383 1367 1349 1298 1334 1202 42 47 45 46 51 37 52 51 59 58 47 49 58 62 39 46 45 47 53 49 48 37 50 42 35 64 37 42 59 42 48 38 46 46 53 57 42 42 44 39 38 53 48 46 44 38 52 55 52 103 198 205 206 205 205 188 211 147 0 0 0 0 0 0 0 0 0 0 0 0 12 33 27 32 24 32 30 32 23 32 33 32 18 0 0 0 0 0 1 0 0 0 0 0 0 0 2 0 0 0 3 0 2 2 0 1 2 0 0 2 1 0 1 2 1 2 0 0 2 0 1 1 0 1 1 0 1 2 1 2 1 1 0 0 0 1 0 0 0 0 0 0 0 0 0 0 0 0 0 0 0 0 0 0 0 0 0 0 0 0 0 0 0 0 0 15 21 25 16 25 33 17 27 29 14 22 25 17 33 34 28 21 28 23 14 29 22 20 23 15 30 19 20 18 23 20 19 14 15 18 25 28 21 23 24 26 23 24 22 22 19 18 26 16 17
 -- States explored : 0 states
 -- CPU user time used : 3224 ms
 -- Virtual memory used : 57856 KiB
 -- Resident memory used : 17524 KiB

Verifying formula 3 at ./experiments/results/smc/VerifyPIN_2_HB+FTL/VerifyPIN_2_HB+FTL--F1--C10--T10000--N100000--ORC--query.q:3
 -- Formula is satisfied.
 -- Result: (0/100000 runs) Pr(<> …) in [0,3.68881e-05] (95% CI)
 -- States explored : 0 states
 -- CPU user time used : 3430 ms
 -- Virtual memory used : 57856 KiB
 -- Resident memory used : 17524 KiB
