Options for the verification:
  Generating no trace
  Search order is breadth first
  Using conservative space optimisation
  Seed is 1742921975
  State space representation uses minimal constraint systems with future testing
  Using HashMap + Compress integers for discrete state storage

Verifying formula 1 at ./experiments/results/smc/VerifyPIN_2_HB+FTL/VerifyPIN_2_HB+FTL--F2--C10--T10000--N100000--ORC--query.q:1
 -- Formula is satisfied.
 -- Result: (13641/100000 runs) Pr(<> …) in [0.134288,0.138553] (95% CI)
Values in [80,820] mean=99.473645627153431 steps=6.3247863247863245: 13282 0 0 0 0 0 0 0 0 0 0 0 0 0 0 0 0 0 0 0 0 0 0 0 0 0 0 0 0 0 0 0 0 0 0 0 0 0 0 0 0 0 0 0 0 0 0 0 0 0 0 0 0 0 0 0 0 0 0 0 0 0 0 0 0 0 0 0 0 0 0 0 0 0 0 0 0 0 0 0 0 0 0 0 0 0 0 0 0 0 0 0 0 0 0 0 0 0 0 0 0 0 0 0 0 0 0 0 0 0 0 0 0 0 1 0 1 357
 -- States explored : 0 states
 -- CPU user time used : 4874 ms
 -- Virtual memory used : 57312 KiB
 -- Resident memory used : 16260 KiB

Verifying formula 2 at ./experiments/results/smc/VerifyPIN_2_HB+FTL/VerifyPIN_2_HB+FTL--F2--C10--T10000--N100000--ORC--query.q:2
 -- Formula is satisfied.
 -- Result: (86326/100000 runs) Pr(<> …) in [0.861115,0.865384] (95% CI)
Values in [0.0021537905558943753,212.6680556582287] mean=13.238137626874517 steps=0.72335340771317291: 577 537 1335 4130 4037 4104 4063 4090 4090 4012 4061 4094 4004 4027 4208 4036 3949 4086 3987 1776 520 545 524 521 559 531 581 534 534 541 534 497 542 541 502 509 471 488 343 0 0 0 49 399 373 384 392 1 8 11 10 10 11 7 12 9 11 10 7 9 10 5 9 18 15 0 0 0 0 0 0 0 0 38 151 334 338 358 334 329 338 334 324 327 326 302 349 339 310 328 292 70 0 1 0 0 0 0 0 1 0 1 1 0 0 0 0 1 0 0 0 0 0 0 0 0 0 0 0 0 0 0 0 0 0 0 0 0 0 0 0 0 1 0 1 0 0 1 1 0 0 0 0 1 0 0 1 0 0 0 0 0 0 0 0 0 0 0 0 0 0 0 0 0 0 0 0 0 0 0 0 0 0 0 0 0 0 0 0 0 0 0 0 0 0 0 0 0 0 0 0 0 0 0 0 0 0 0 0 0 0 0 0 0 0 0 0 0 0 0 0 0 0 0 0 0 0 0 0 0 0 0 0 0 0 0 1 0 0 0 0 0 0 0 0 0 0 0 0 0 0 0 0 0 0 0 0 0 0 0 0 0 0 0 0 0 0 0 0 0 0 0 0 0 0 0 0 0 0 0 0 0 0 0 0 0 0 0 0 0 0 0 0 0 0 0 0 0 0 1 0 0 0 2
 -- States explored : 0 states
 -- CPU user time used : 4912 ms
 -- Virtual memory used : 57848 KiB
 -- Resident memory used : 17500 KiB

Verifying formula 3 at ./experiments/results/smc/VerifyPIN_2_HB+FTL/VerifyPIN_2_HB+FTL--F2--C10--T10000--N100000--ORC--query.q:3
 -- Formula is satisfied.
 -- Result: (0/100000 runs) Pr(<> …) in [0,3.68881e-05] (95% CI)
 -- States explored : 0 states
 -- CPU user time used : 5118 ms
 -- Virtual memory used : 57848 KiB
 -- Resident memory used : 17500 KiB
