Options for the verification:
  Generating no trace
  Search order is breadth first
  Using conservative space optimisation
  Seed is 1742945565
  State space representation uses minimal constraint systems with future testing
  Using HashMap + Compress integers for discrete state storage

Verifying formula 1 at ./experiments/results/smc/VerifyPIN_2_HB+FTL/VerifyPIN_2_HB+FTL--F5--C10--T10000--N100000--IS--query.q:1
 -- Formula is satisfied.
 -- Result: (60442/100000 runs) Pr(<> …) in [0.601381,0.607453] (95% CI)
Values in [44,1625] mean=326.05390291519143 steps=6.4268292682926829: 304 16134 3856 13531 3099 883 0 0 0 0 0 0 0 0 0 0 0 0 0 0 0 0 0 0 193 153 1566 957 3526 493 420 143 12 0 0 0 0 0 0 0 0 0 0 0 3 276 237 258 327 556 327 276 4 113 0 0 0 0 0 0 0 0 0 0 0 0 0 0 0 0 0 0 0 0 0 0 0 0 0 0 0 0 0 0 0 0 0 0 0 0 0 0 0 0 0 0 0 0 0 0 0 0 0 0 0 0 42 33 47 656 844 701 1069 1165 156 1562 40 11 0 0 0 0 0 0 0 0 0 0 0 0 1 1 0 1 0 0 0 0 1 0 0 0 0 0 0 0 0 0 0 0 0 0 0 0 0 0 0 0 0 0 0 0 0 0 0 0 0 0 0 0 0 0 0 0 0 0 2 28 274 49 67 356 159 0 0 0 0 0 0 0 0 0 0 0 0 0 0 0 0 0 0 0 0 0 0 0 0 0 0 0 0 0 0 0 0 0 0 0 0 0 0 0 0 0 0 0 0 0 0 0 0 0 0 0 0 0 0 0 0 1 479 197 1200 1 3395 94 163
 -- States explored : 0 states
 -- CPU user time used : 9312 ms
 -- Virtual memory used : 57748 KiB
 -- Resident memory used : 17052 KiB

Verifying formula 2 at ./experiments/results/smc/VerifyPIN_2_HB+FTL/VerifyPIN_2_HB+FTL--F5--C10--T10000--N100000--IS--query.q:2
 -- Formula is satisfied.
 -- Result: (39422/100000 runs) Pr(<> …) in [0.391189,0.397257] (95% CI)
Values in [0.00042092800140380865,205.4274379638955] mean=21.471947573505076 steps=1.0322965680195686: 2167 2130 2063 2167 2139 2169 2134 2197 2171 2147 2221 1310 0 0 0 0 0 0 0 0 0 0 0 0 0 0 0 0 0 0 0 0 0 0 129 813 821 785 810 830 785 773 783 777 813 842 600 366 401 395 378 363 414 441 369 403 398 373 54 0 0 0 0 0 0 0 0 0 0 0 0 0 0 0 0 0 0 0 0 0 0 0 0 0 0 0 0 0 0 0 0 0 1 7 1 7 5 1 7 7 8 11 30 27 19 16 24 19 18 25 28 23 21 18 13 8 16 12 12 12 11 11 9 7 4 4 6 7 5 5 6 1 3 5 1 2 2 3 0 1 0 0 0 0 0 0 0 0 0 0 0 0 0 0 0 0 0 0 0 0 0 0 0 0 0 0 0 0 0 0 0 0 0 0 0 0 0 0 1 0 0 0 0 0 0 0 0 0 0 0 0 0 0 0 0 0 0 0 1
 -- States explored : 0 states
 -- CPU user time used : 9343 ms
 -- Virtual memory used : 58232 KiB
 -- Resident memory used : 17640 KiB

Verifying formula 3 at ./experiments/results/smc/VerifyPIN_2_HB+FTL/VerifyPIN_2_HB+FTL--F5--C10--T10000--N100000--IS--query.q:3
 -- Formula is satisfied.
 -- Result: (5650/100000 runs) Pr(<> …) in [0.0550769,0.0579489] (95% CI)
Values in [204,873] mean=287.26654867256639 steps=8.8026315789473681: 101 1292 3501 60 3 0 0 0 0 0 0 0 0 0 0 0 0 0 0 0 0 0 0 0 0 0 0 0 0 0 0 0 0 0 0 0 0 0 0 0 0 0 0 0 0 0 0 0 0 0 0 0 0 0 0 0 0 0 0 58 37 173 189 234 1 0 0 0 0 0 0 0 0 0 0 0 1
 -- States explored : 0 states
 -- CPU user time used : 9840 ms
 -- Virtual memory used : 58232 KiB
 -- Resident memory used : 17640 KiB
