Options for the verification:
  Generating no trace
  Search order is breadth first
  Using conservative space optimisation
  Seed is 1742938468
  State space representation uses minimal constraint systems with future testing
  Using HashMap + Compress integers for discrete state storage

Verifying formula 1 at ./experiments/results/smc/VerifyPIN_2_HB+FTL/VerifyPIN_2_HB+FTL--F4--C10--T10000--N100000--IS--query.q:1
 -- Formula is satisfied.
 -- Result: (60762/100000 runs) Pr(<> …) in [0.604586,0.610648] (95% CI)
Values in [44,1628] mean=344.58808136664362 steps=6.4129554655870447: 273 15949 3947 13650 3153 894 0 0 0 0 0 0 0 0 0 0 0 0 0 0 0 0 0 0 0 0 138 40 3428 343 1088 12 5 1 0 0 0 0 0 0 0 0 0 0 0 0 0 4 0 96 70 56 0 27 0 0 0 0 0 0 0 0 0 0 0 0 0 0 0 0 0 0 0 0 0 0 0 0 0 0 0 0 0 0 0 0 0 0 0 0 0 0 0 0 0 0 0 0 0 0 0 0 0 0 0 0 0 0 15 123 0 569 1271 642 1268 5016 2774 700 206 2 0 0 0 0 0 0 0 0 0 0 0 0 0 0 0 0 0 0 0 0 0 0 0 0 0 0 0 0 0 0 0 0 0 0 0 0 0 0 0 0 0 0 0 0 0 0 0 0 0 0 0 0 0 0 0 0 0 0 0 121 9 355 1 844 28 46 0 0 0 0 0 0 0 0 0 0 0 0 0 0 0 0 0 0 0 0 0 0 0 0 0 0 0 0 0 0 0 0 0 0 0 0 0 0 0 0 0 0 0 0 0 0 0 0 0 0 0 0 0 0 0 0 5 0 0 2435 448 710
 -- States explored : 0 states
 -- CPU user time used : 9367 ms
 -- Virtual memory used : 57744 KiB
 -- Resident memory used : 16568 KiB

Verifying formula 2 at ./experiments/results/smc/VerifyPIN_2_HB+FTL/VerifyPIN_2_HB+FTL--F4--C10--T10000--N100000--IS--query.q:2
 -- Formula is satisfied.
 -- Result: (39005/100000 runs) Pr(<> …) in [0.387025,0.393081] (95% CI)
Values in [0.00023707933723926547,143.09737767837942] mean=20.409349840978361 steps=0.72271283130829389: 1453 1606 1462 1575 1481 1449 1503 1563 1508 1458 1546 1506 1533 1464 1442 1501 923 0 0 0 0 0 0 0 0 0 0 0 0 0 0 0 0 0 0 0 0 0 0 0 0 0 0 0 0 0 0 0 0 104 553 557 592 581 558 573 580 536 526 567 575 553 594 543 559 543 380 302 252 271 277 269 288 299 330 265 286 288 290 290 255 278 300 6 0 0 0 0 0 0 0 0 0 0 0 0 0 0 0 0 0 0 0 0 0 0 0 0 0 0 0 0 0 0 0 0 0 0 0 0 0 0 0 0 0 0 0 0 0 0 0 0 0 0 0 0 0 0 0 0 0 0 0 0 0 0 0 0 0 0 0 0 1 0 0 0 0 0 1 1 0 0 1 0 1 1 0 0 0 1 0 0 0 0 1 0 0 0 1 0 1 0 0 0 0 0 1 0 0 0 0 0 0 0 0 0 0 1
 -- States explored : 0 states
 -- CPU user time used : 9434 ms
 -- Virtual memory used : 58228 KiB
 -- Resident memory used : 16952 KiB

Verifying formula 3 at ./experiments/results/smc/VerifyPIN_2_HB+FTL/VerifyPIN_2_HB+FTL--F4--C10--T10000--N100000--IS--query.q:3
 -- Formula is satisfied.
 -- Result: (6499/100000 runs) Pr(<> …) in [0.0634698,0.0665355] (95% CI)
Values in [216,777] mean=360.46668718264351 steps=6.9259259259259256: 123 3422 258 1102 0 0 0 0 0 0 0 0 0 0 0 0 0 0 0 0 0 0 0 0 0 0 0 0 0 0 0 0 0 0 0 0 0 0 0 0 0 0 0 0 0 0 0 0 0 0 0 0 0 0 0 0 0 0 0 0 0 0 0 0 0 0 0 0 0 0 0 0 0 0 0 21 0 173 323 983 46 48
 -- States explored : 0 states
 -- CPU user time used : 9980 ms
 -- Virtual memory used : 58228 KiB
 -- Resident memory used : 16952 KiB
