Options for the verification:
  Generating no trace
  Search order is breadth first
  Using conservative space optimisation
  Seed is 1742866146
  State space representation uses minimal constraint systems with future testing
  Using HashMap + Compress integers for discrete state storage

Verifying formula 1 at ./experiments/results/smc/VerifyPIN_2_HB+FTL/VerifyPIN_2_HB+FTL--C10--T10000--N2500000--ORC--query.q:1
 -- Formula is satisfied.
 -- Result: (645344/2500000 runs) Pr(<> …) in [0.257595,0.258681] (95% CI)
Values in [80,820] mean=80.267175335944856 steps=0.92039800995024879: 645111 0 0 0 0 0 0 0 0 0 0 0 0 0 0 0 0 0 0 0 0 0 0 0 0 0 0 0 0 0 0 0 0 0 0 0 0 0 0 0 0 0 0 0 0 0 0 0 0 0 0 0 0 0 0 0 0 0 0 0 0 0 0 0 0 0 0 0 0 0 0 0 0 0 0 0 0 0 0 0 0 0 0 0 0 0 0 0 0 0 0 0 0 0 0 0 0 0 0 0 0 0 0 0 0 0 0 0 0 0 0 0 0 0 0 0 0 0 0 0 0 0 0 0 0 0 0 0 0 0 0 0 0 0 0 0 0 0 0 0 0 0 0 0 0 0 0 0 0 0 0 0 0 0 0 0 0 0 0 0 0 0 0 0 0 0 0 0 0 0 0 0 0 0 0 0 0 0 0 0 0 0 0 0 0 0 0 0 0 0 0 0 0 0 0 0 0 0 0 0 0 0 0 0 0 0 0 0 0 0 0 0 0 0 0 0 0 0 0 0 0 0 0 0 0 0 0 0 0 0 0 0 0 0 0 0 0 0 0 0 0 0 0 0 0 0 0 0 0 0 0 0 0 0 0 0 0 0 0 0 0 0 0 0 0 0 0 0 0 0 0 0 0 0 0 0 0 0 0 0 0 0 0 0 0 0 0 0 0 0 0 0 0 0 0 0 0 0 0 0 0 0 0 0 0 0 0 0 0 0 0 0 0 0 0 0 0 0 0 0 0 0 0 0 0 0 0 0 0 0 0 0 0 0 0 0 0 0 0 0 0 0 0 0 0 0 0 0 0 0 0 0 0 0 0 0 0 0 0 0 0 0 0 0 0 0 0 0 0 0 0 0 0 0 0 0 0 0 0 0 0 0 0 0 0 0 0 0 0 0 0 0 0 0 0 0 0 0 0 0 0 0 0 0 0 0 0 0 0 0 0 0 0 0 0 0 0 0 0 0 0 0 0 0 0 0 0 0 0 0 0 0 0 0 0 0 0 0 0 0 0 0 0 0 0 0 0 0 0 0 0 0 0 0 0 0 0 0 0 0 0 0 0 0 0 0 0 0 0 0 0 0 0 0 0 0 0 0 0 0 0 0 0 0 0 0 0 0 0 0 0 0 0 0 0 0 0 0 0 0 0 0 0 0 0 0 0 0 0 0 0 0 0 0 0 0 0 0 0 0 0 0 0 0 0 0 0 0 0 0 0 0 0 0 0 0 0 0 0 0 0 0 0 0 0 0 0 0 0 0 0 0 0 0 0 0 0 0 0 0 0 0 0 0 0 0 0 0 0 0 0 0 0 0 0 0 0 0 0 0 0 0 0 0 0 0 0 0 0 0 0 0 0 0 0 0 0 0 0 0 0 0 0 0 0 0 0 0 0 0 0 0 0 0 0 0 0 0 0 0 0 0 0 0 0 0 0 0 0 0 0 0 0 0 0 0 0 0 0 0 0 0 0 0 0 0 0 0 0 0 0 0 0 0 0 0 0 0 0 0 0 0 0 0 0 0 0 0 0 0 0 0 0 0 0 0 0 0 0 0 0 0 0 0 0 0 0 0 0 0 0 0 0 0 0 0 0 0 0 0 0 0 0 0 0 0 0 0 0 0 0 0 0 0 0 0 0 0 0 0 0 0 0 0 0 0 0 0 0 0 0 0 0 0 0 0 0 0 0 0 0 0 0 0 0 0 0 0 0 0 0 0 0 0 0 0 0 0 0 0 0 0 0 0 0 0 0 0 0 0 0 0 0 0 0 0 0 0 0 0 0 0 0 0 0 0 0 0 0 0 0 0 0 0 0 0 0 0 0 0 0 0 0 0 233
 -- States explored : 0 states
 -- CPU user time used : 83441 ms
 -- Virtual memory used : 62104 KiB
 -- Resident memory used : 21404 KiB

Verifying formula 2 at ./experiments/results/smc/VerifyPIN_2_HB+FTL/VerifyPIN_2_HB+FTL--C10--T10000--N2500000--ORC--query.q:2
 -- Formula is satisfied.
 -- Result: (1856113/2500000 runs) Pr(<> …) in [0.741903,0.742987] (95% CI)
Values in [2.5999266654253013e-05,76.35786498663947] mean=9.5596663184592359 steps=0.056021892140405601: 1112 1101 1151 1058 1066 1129 1093 1134 1108 1082 1130 1133 1115 1088 1099 1097 1136 1155 1107 1095 1083 1036 1047 1086 1105 1073 1071 1077 1051 1139 1084 1080 1128 1138 1091 3195 7775 7852 7781 7871 7867 7916 7961 8022 7881 7756 7761 7848 7829 7796 7759 7898 7738 7906 7895 7790 7984 7781 7876 7775 7882 7921 7944 7796 7822 7779 7590 7802 7975 7887 7801 7765 7678 7877 7822 7940 7646 7823 7897 7988 7781 7881 7822 7931 7822 7904 7883 7901 7858 7918 7829 7691 8108 7777 7916 7828 7840 7752 7942 7771 7717 7839 7835 7910 7959 7670 7868 7897 7793 7899 7874 7803 7954 7789 7831 7568 7723 7889 7892 7856 7908 7895 7727 7635 7708 7978 7805 7972 7880 7746 7888 7780 7923 7798 7827 7960 7774 8077 7782 7730 7747 7834 7836 7865 7787 7852 7810 7833 7878 7987 7938 7803 7839 7762 8025 7927 7907 7735 7922 7942 7774 7953 7791 7951 7839 7882 7839 7768 7605 7851 7876 7904 7997 7741 7814 7890 7740 7875 7785 7792 7905 7901 7967 7992 7811 7758 7733 7785 7959 7922 7888 7841 7971 7762 7816 7895 7849 7993 7863 7772 7904 7712 7842 7766 7970 7841 7879 7764 7836 7897 7838 7898 8024 7836 7856 7899 7990 7927 7909 7904 7756 7811 7651 8011 7813 7782 7900 7893 7786 7858 7826 7848 7909 7596 7811 7779 7657 7863 7768 7700 7802 7962 7705 7880 7776 7848 7746 7953 7967 7165 286 271 284 310 307 307 305 259 293 272 279 296 266 279 259 272 260 251 270 270 301 280 285 259 308 285 320 240 253 275 278 275 295 289 292 296 273 294 246 265 289 295 271 263 290 252 283 259 266 294 275 247 275 278 254 283 255 293 288 260 258 269 243 285 269 317 293 276 311 296 252 250 276 260 284 264 296 258 249 238 274 278 259 252 262 266 267 288 303 256 264 240 282 257 257 257 275 288 282 281 265 255 290 251 246 271 255 268 256 265 279 271 254 255 302 261 251 271 265 262 267 268 272 267 272 270 260 323 257 269 279 261 282 271 277 274 263 275 261 273 265 288 307 268 280 268 308 256 267 279 283 258 288 277 262 271 265 279 268 270 310 251 293 272 251 297 273 266 288 285 292 285 267 275 284 270 267 272 243 274 283 249 279 275 267 262 253 262 271 256 269 275 295 320 298 266 283 282 264 267 275 315 297 256 265 255 257 278 264 265 267 290 273 274 1055 1115 1091 1101 1118 1132 1084 1142 1165 1102 1136 1131 1112 1114 1142 1157 1129 1171 1159 1111 1168 1189 1109 1094 1119 1134 1160 1052 1161 1184 1129 1121 1122 1112 1138 901 0 0 0 0 0 0 0 0 0 0 0 0 0 0 0 0 0 0 0 0 0 0 0 0 0 0 0 0 0 0 0 0 0 0 0 0 0 0 0 0 0 0 0 0 0 0 0 0 0 0 0 0 0 97 152 180 152 177 154 139 171 148 143 160 173 154 143 137 148 149 162 168 172 170 153 162 134 157 176 135 146 155 149 129 171 161 173 154 153 161 150 153 150 171 177 150 171 136 148 166 156 141 146 144 165 148 133 0 0 0 0 0 0 0 0 0 0 0 0 0 0 0 0 0 2 4 4 1 9 3 5 2 7 6 0 4 3 5 7 4 3 3 1 4 4 9 9 5 7 3 6 3 4 8 4 3 3 3 6 2 4 3 2 3 3 4 4 5 4 3 2 3 6 3 3 4 4 4 7 3 3 5 2 7 4 8 5 4 4 4 2 4 5 2 3 5 4 6 4 3 4 3 7 3 6 3 3 4 4 5 7 5 3 3 0 5 4 2 0 2 1 2 3 7 6 4 4 6 8 6 5 5 2 4 7 6 2 2 4 5 4 5 3 8 4 6 5 6 2 4 3 4 1 2 8 5 2 5 5 2 5 3 4 2 3 5 7 4 1 6 4 2 3 7 5 7 8 3 3 5 3 3 3 3 3 2 2 2 4 5 3 4 3 4 3 3 5 1 6 2 9 3 6 2 5 5 1 4 6 2 3 7 5 4 4 3 1 8 4 9 5 6 4 7 2 5 3 5 4 3 1 6 3 4 8 7 1 5 3 0 0 0 0 0 0 0 0 0 0 0 0 0 0 0 0 0 0 0 0 0 0 0 0 0 0 0 0 0 0 0 0 0 0 0 0 0 0 0 0 0 0 0 0 0 0 0 0 0 0 0 0 0 0 0 0 0 0 0 0 0 0 0 0 0 0 0 0 0 0 0 0 0 0 0 0 0 0 0 0 0 0 0 0 0 0 0 0 0 0 0 0 0 0 0 0 0 0 0 0 0 0 0 0 0 0 0 0 0 0 0 0 0 0 0 0 0 0 0 0 0 0 0 0 12 137 120 141 117 139 136 119 134 132 114 129 112 133 142 142 128 135 131 154 139 125 142 134 158 144 148 155 132 141 139 135 124 135 115 133 119 139 141 139 144 115 122 158 131 129 117 122 134 148 124 137 112 142 127 148 147 141 150 133 127 159 127 142 113 125 146 134 146 133 152 119 114 132 136 144 140 100 122 108 136 135 120 137 109 119 142 127 147 128 145 134 136 139 116 149 123 131 137 138 140 109 120 123 143 118 130 150 123 99 125 132 131 121 158 129 135 110 128 119 126 120 134 134 129 135 133 126 130 134 134 134 148 121 140 118 111 119 132 145 115 137 156 154 137 120 105 142 128 133 128 137 119 137 121 142 150 139 142 151 111 133 138 128 144 141 138 131 133 122 124 140 130 142 132 124 143 124 121 127 145 139 120 128 144 138 148 130 133 135 137 148 130 112 138 135 131 127 145 115 132 133 122 131 124 148 120 109 122 129 126 129 124 122 122 12 0 0 0 0 0 0 0 0 0 0 0 0 0 0 0 0 0 0 0 0 0 0 0 0 0 0 0 0 0 0 0 0 1 0 0 0 0 0 0 0 0 0 0 0 0 0 0 0 0 0 0 0 0 0 0 0 0 0 0 0 0 0 0 0 0 0 0 0 0 0 0 0 0 0 0 0 0 0 0 0 0 0 0 0 0 0 0 0 0 0 0 0 0 0 0 0 0 0 0 0 0 0 0 0 0 0 0 0 0 0 0 0 0 0 0 0 0 0 0 1 0 0 0 0 0 0 0 0 0 0 0 0 0 0 0 0 0 0 0 0 0 0 0 0 0 0 0 0 0 0 0 0 0 0 0 0 0 0 0 0 0 0 0 0 0 0 0 0 0 0 0 0 0 0 0 0 0 0 0 0 0 0 0 1
 -- States explored : 0 states
 -- CPU user time used : 82354 ms
 -- Virtual memory used : 76620 KiB
 -- Resident memory used : 35980 KiB

Verifying formula 3 at ./experiments/results/smc/VerifyPIN_2_HB+FTL/VerifyPIN_2_HB+FTL--C10--T10000--N2500000--ORC--query.q:3
 -- Formula is satisfied.
 -- Result: (0/2500000 runs) Pr(<> …) in [0,1.47555e-06] (95% CI)
 -- States explored : 0 states
 -- CPU user time used : 86716 ms
 -- Virtual memory used : 76620 KiB
 -- Resident memory used : 35980 KiB
