Options for the verification:
  Generating no trace
  Search order is breadth first
  Using conservative space optimisation
  Seed is 1742944720
  State space representation uses minimal constraint systems with future testing
  Using HashMap + Compress integers for discrete state storage

Verifying formula 1 at ./experiments/results/smc/VerifyPIN_2_HB+FTL/VerifyPIN_2_HB+FTL--F5--C10--T10000--N100000--ORC--query.q:1
 -- Formula is satisfied.
 -- Result: (4286/100000 runs) Pr(<> …) in [0.0416129,0.0441337] (95% CI)
Values in [80,5205] mean=162.70368642090529 steps=77.651515151515156: 3798 0 95 0 0 0 0 3 0 360 0 5 2 2 1 0 0 0 0 0 0 0 0 4 0 0 0 0 0 0 0 0 0 0 0 0 0 8 2 0 0 0 0 0 0 0 0 0 0 0 0 0 0 0 0 0 0 0 0 0 0 0 1 0 0 4 1
 -- States explored : 0 states
 -- CPU user time used : 7597 ms
 -- Virtual memory used : 57064 KiB
 -- Resident memory used : 16300 KiB

Verifying formula 2 at ./experiments/results/smc/VerifyPIN_2_HB+FTL/VerifyPIN_2_HB+FTL--F5--C10--T10000--N100000--ORC--query.q:2
 -- Formula is satisfied.
 -- Result: (95841/100000 runs) Pr(<> …) in [0.957154,0.959639] (95% CI)
Values in [0.0001497524790465832,8405.0311861690134] mean=21.014381051468309 steps=27.11300334327915: 78456 4145 11300 358 44 3 38 1484 0 0 0 0 0 0 0 0 0 0 0 0 0 0 0 0 0 0 0 0 2 0 0 0 0 0 0 0 0 0 0 0 0 0 0 0 0 0 0 0 0 0 0 0 0 0 0 0 0 0 0 0 0 0 0 0 0 0 0 0 0 0 0 0 0 0 0 0 0 0 0 0 0 0 0 0 0 0 0 0 0 0 0 0 0 0 0 0 0 0 0 0 0 0 0 0 0 0 0 0 0 0 0 0 0 0 0 0 0 0 0 0 0 0 0 0 0 0 0 0 0 0 0 0 0 0 0 0 0 0 0 0 0 0 0 0 0 0 0 0 0 0 0 0 0 0 0 0 0 0 0 0 0 0 0 0 0 0 0 0 0 0 0 0 0 0 0 0 0 0 0 0 0 0 0 0 0 0 0 0 0 0 0 0 0 0 0 0 0 0 0 0 0 0 0 0 0 0 0 0 0 0 0 0 1 0 0 0 0 0 0 0 0 0 0 0 0 0 0 0 0 0 0 0 0 0 0 0 0 0 0 0 0 0 0 0 0 0 0 0 0 0 0 0 0 0 1 0 0 0 0 0 0 0 0 0 0 0 0 0 0 0 0 0 0 1 0 0 0 0 0 0 0 0 0 0 1 0 0 0 0 3 1 0 0 0 0 0 0 0 0 1 0 0 0 0 1 0 0 0 0 1
 -- States explored : 0 states
 -- CPU user time used : 7547 ms
 -- Virtual memory used : 57852 KiB
 -- Resident memory used : 17528 KiB

Verifying formula 3 at ./experiments/results/smc/VerifyPIN_2_HB+FTL/VerifyPIN_2_HB+FTL--F5--C10--T10000--N100000--ORC--query.q:3
 -- Formula is satisfied.
 -- Result: (174/100000 runs) Pr(<> …) in [0.00149124,0.00201834] (95% CI)
Values in [246,2946] mean=696 steps=192.85714285714286: 37 0 135 0 0 0 0 0 0 0 0 0 0 0 2
 -- States explored : 0 states
 -- CPU user time used : 7756 ms
 -- Virtual memory used : 57852 KiB
 -- Resident memory used : 17528 KiB
