Options for the verification:
  Generating no trace
  Search order is breadth first
  Using conservative space optimisation
  Seed is 1742923050
  State space representation uses minimal constraint systems with future testing
  Using HashMap + Compress integers for discrete state storage

Verifying formula 1 at ./experiments/results/smc/VerifyPIN_2_HB+FTL/VerifyPIN_2_HB+FTL--F2--C10--T10000--N100000--IS--query.q:1
 -- Formula is satisfied.
 -- Result: (70386/100000 runs) Pr(<> …) in [0.701019,0.706689] (95% CI)
Values in [56,1235] mean=217.09136760151168 steps=4.4323308270676689: 2555 0 46076 0 7432 78 0 0 0 0 0 0 0 0 0 0 0 0 0 0 0 0 0 0 0 0 0 0 0 0 0 0 0 0 0 0 0 0 0 0 0 3 0 0 0 0 0 0 0 0 0 0 0 0 0 0 0 0 0 0 0 0 0 0 0 0 0 0 0 0 0 0 0 0 0 0 0 0 0 0 0 0 0 0 0 0 0 0 0 0 0 0 0 0 0 0 0 0 0 0 0 0 0 0 0 0 0 0 0 0 0 0 0 0 0 0 0 0 0 0 0 0 0 0 0 0 0 0 0 0 0 0 0 0 0 0 0 0 0 0 0 0 0 0 0 0 0 0 0 0 0 0 0 0 0 0 0 0 0 0 0 0 0 0 0 12 0 38 9839 0 0 4345 0 0 0 0 0 0 0 0 0 0 0 0 0 0 0 0 0 0 0 0 0 0 0 0 0 0 0 0 0 0 0 0 0 0 0 0 0 0 0 0 0 0 0 0 0 0 0 0 0 0 0 0 0 0 0 0 0 0 0 0 0 0 0 0 0 0 0 0 0 0 0 0 0 0 0 0 0 0 0 0 0 0 0 0 0 0 0 0 0 0 0 0 0 0 8
 -- States explored : 0 states
 -- CPU user time used : 7269 ms
 -- Virtual memory used : 57288 KiB
 -- Resident memory used : 16752 KiB

Verifying formula 2 at ./experiments/results/smc/VerifyPIN_2_HB+FTL/VerifyPIN_2_HB+FTL--F2--C10--T10000--N100000--IS--query.q:2
 -- Formula is satisfied.
 -- Result: (29820/100000 runs) Pr(<> …) in [0.295366,0.301046] (95% CI)
Values in [0.00068226177245378505,59.998376101721078] mean=13.755341145102314 steps=0.34680747884363372: 729 709 749 718 710 732 710 701 687 742 742 737 720 720 734 711 657 698 713 732 716 714 757 724 737 720 777 746 724 677 720 752 762 735 398 0 0 0 0 0 0 0 0 0 0 0 0 0 0 0 0 0 0 0 0 0 0 0 0 0 0 0 0 0 0 0 0 0 0 0 0 0 0 0 0 0 0 0 0 0 0 0 0 0 0 0 0 0 0 0 0 0 0 0 0 0 0 0 0 0 0 0 0 0 0 0 0 0 0 0 0 0 0 0 0 0 0 0 0 0 0 0 0 0 0 0 0 0 0 0 0 0 0 0 0 0 0 0 73 126 133 146 159 162 139 149 131 110 148 121 142 179 148 126 138 142 120 133 135 144 126 142 139 147 141 131 148 142 133 151 121 142 143
 -- States explored : 0 states
 -- CPU user time used : 7285 ms
 -- Virtual memory used : 57800 KiB
 -- Resident memory used : 17012 KiB

Verifying formula 3 at ./experiments/results/smc/VerifyPIN_2_HB+FTL/VerifyPIN_2_HB+FTL--F2--C10--T10000--N100000--IS--query.q:3
 -- Formula is satisfied.
 -- Result: (6/100000 runs) Pr(<> …) in [2.20193e-05,0.00013059] (95% CI)
Values in [240,240] mean=240 steps=2.2204460492503131e-16: 6
 -- States explored : 0 states
 -- CPU user time used : 7793 ms
 -- Virtual memory used : 57800 KiB
 -- Resident memory used : 17012 KiB
