Options for the verification:
  Generating no trace
  Search order is breadth first
  Using conservative space optimisation
  Seed is 1742937528
  State space representation uses minimal constraint systems with future testing
  Using HashMap + Compress integers for discrete state storage

Verifying formula 1 at ./experiments/results/smc/VerifyPIN_2_HB+FTL/VerifyPIN_2_HB+FTL--F4--C10--T10000--N100000--ORC--query.q:1
 -- Formula is satisfied.
 -- Result: (5393/100000 runs) Pr(<> …) in [0.052538,0.055348] (95% CI)
Values in [80,3035] mean=254.68681624327832 steps=39.932432432432435: 4120 0 0 0 14 0 0 0 0 0 0 0 0 0 0 0 0 114 1133 0 0 1 0 0 0 5 0 0 0 0 0 0 0 0 0 0 0 0 0 0 0 0 0 0 0 1 0 0 0 0 0 0 0 0 0 0 0 0 0 0 0 0 0 0 0 0 0 0 0 0 0 0 0 4 1
 -- States explored : 0 states
 -- CPU user time used : 7288 ms
 -- Virtual memory used : 57068 KiB
 -- Resident memory used : 15856 KiB

Verifying formula 2 at ./experiments/results/smc/VerifyPIN_2_HB+FTL/VerifyPIN_2_HB+FTL--F4--C10--T10000--N100000--ORC--query.q:2
 -- Formula is satisfied.
 -- Result: (94458/100000 runs) Pr(<> …) in [0.943144,0.94599] (95% CI)
Values in [0.0026467638090252881,7997.9138996349648] mean=19.406919734771012 steps=25.96724432750376: 77334 4308 11566 129 27 0 4 495 572 0 0 0 0 0 0 0 0 0 0 0 0 0 0 0 0 0 0 0 0 1 17 0 0 0 0 0 0 0 0 0 0 0 0 0 0 0 0 0 0 0 0 0 0 0 0 0 0 0 0 0 0 0 0 0 0 0 0 0 0 0 0 0 0 0 0 0 0 0 0 0 0 0 0 0 0 0 0 0 0 0 0 0 0 0 0 0 0 0 0 0 0 0 0 0 0 0 0 0 0 0 0 0 0 0 0 0 0 0 0 0 0 0 0 0 0 0 0 0 0 0 0 0 0 0 0 0 0 0 0 0 0 0 0 0 0 0 0 0 0 0 0 0 0 0 0 0 0 0 0 0 0 0 0 0 0 0 0 0 0 0 0 0 0 0 0 0 0 0 0 0 0 0 0 0 0 0 0 0 0 0 0 0 0 0 0 0 0 0 0 0 0 0 0 0 0 0 0 0 0 0 0 0 0 0 0 0 0 0 0 0 0 0 0 0 0 0 0 0 0 0 0 0 0 0 0 0 0 0 0 0 0 0 0 0 0 0 0 0 0 0 0 0 0 0 0 0 0 0 0 0 0 0 0 0 0 1 0 0 0 0 0 0 0 0 0 0 0 0 0 0 0 0 0 0 0 0 0 0 0 0 0 0 0 0 0 0 0 0 0 0 0 0 1 0 0 0 1 2
 -- States explored : 0 states
 -- CPU user time used : 7310 ms
 -- Virtual memory used : 57852 KiB
 -- Resident memory used : 17148 KiB

Verifying formula 3 at ./experiments/results/smc/VerifyPIN_2_HB+FTL/VerifyPIN_2_HB+FTL--F4--C10--T10000--N100000--ORC--query.q:3
 -- Formula is satisfied.
 -- Result: (122/100000 runs) Pr(<> …) in [0.00101324,0.00145651] (95% CI)
Values in [246,786] mean=755.01639344262298 steps=45: 7 0 0 0 0 0 0 0 0 0 0 0 115
 -- States explored : 0 states
 -- CPU user time used : 7564 ms
 -- Virtual memory used : 57852 KiB
 -- Resident memory used : 17148 KiB
