Options for the verification:
  Generating no trace
  Search order is breadth first
  Using conservative space optimisation
  Seed is 1742923275
  State space representation uses minimal constraint systems with future testing
  Using HashMap + Compress integers for discrete state storage

Verifying formula 1 at ./experiments/results/smc/VerifyPIN_7_HB+FTL+INL+DPTC+DT+SC/VerifyPIN_7_HB+FTL+INL+DPTC+DT+SC--F2--C10--T10000--N100000--IS--query.q:1
 -- Formula is satisfied.
 -- Result: (46839/100000 runs) Pr(<> …) in [0.465293,0.471489] (95% CI)
Values in [68,1161] mean=1068.930549328551 steps=5.0368663594470044: 956 41 42 0 0 0 0 0 0 0 0 0 0 0 0 0 0 0 0 0 0 0 0 0 0 0 0 0 0 0 0 0 0 0 0 0 0 0 0 0 0 0 0 0 0 0 0 0 0 0 0 0 0 0 0 0 0 0 0 0 0 0 0 0 0 0 0 0 0 0 0 0 0 0 0 0 0 0 0 0 0 0 0 0 0 0 0 0 0 0 0 0 0 0 0 0 0 0 0 0 0 0 0 0 0 0 0 0 0 0 0 0 0 0 0 0 0 0 0 0 0 0 0 0 0 0 0 0 0 0 0 0 0 0 0 0 0 0 0 0 0 0 0 0 0 0 0 0 0 0 0 0 0 0 0 0 0 0 0 0 0 0 0 0 0 0 0 0 0 0 0 0 0 0 0 0 0 0 0 0 0 0 0 0 0 0 0 0 0 0 0 0 0 0 0 0 0 0 0 0 9235 168 29340 519 2027 40 0 0 0 0 0 0 1787 9 1243 822 260 350
 -- States explored : 0 states
 -- CPU user time used : 20892 ms
 -- Virtual memory used : 58340 KiB
 -- Resident memory used : 17576 KiB

Verifying formula 2 at ./experiments/results/smc/VerifyPIN_7_HB+FTL+INL+DPTC+DT+SC/VerifyPIN_7_HB+FTL+INL+DPTC+DT+SC--F2--C10--T10000--N100000--IS--query.q:2
 -- Formula is satisfied.
 -- Result: (53383/100000 runs) Pr(<> …) in [0.530732,0.536926] (95% CI)
Values in [0.0012056501582264902,37.999081679154187] mean=15.637313551585079 steps=0.16378394840084468: 343 337 363 359 353 369 319 321 340 353 339 330 319 339 334 341 335 352 337 340 335 325 358 336 352 352 335 364 351 354 343 340 296 340 316 317 346 344 335 352 331 340 336 352 346 344 336 312 338 340 341 351 371 317 367 362 318 355 353 346 335 339 329 325 333 326 342 346 355 325 354 297 360 88 0 0 0 0 0 0 0 0 0 0 0 144 248 280 253 251 237 271 265 285 267 249 228 288 251 238 249 238 257 245 255 234 231 282 257 245 276 279 247 246 246 269 257 266 238 267 276 235 272 267 260 284 254 234 243 235 256 279 262 262 258 252 280 253 238 235 248 277 248 234 271 241 227 250 291 258 265 256 258 261 245 263 281 283 241 140 108 135 124 128 136 125 115 129 124 124 127 127 140 134 142 135 150 141 127 141 145 135 126 134 138 119 120 124 121 142 128 131 127 132 122 114 131 132 123 134 107 146 119 153 123 142 119 121 121 140 134 129 129 121 119 135 135 130 128 146 127 137 123 136 139 146 126 147 129 151 155 144
 -- States explored : 0 states
 -- CPU user time used : 20757 ms
 -- Virtual memory used : 58724 KiB
 -- Resident memory used : 18196 KiB

Verifying formula 3 at ./experiments/results/smc/VerifyPIN_7_HB+FTL+INL+DPTC+DT+SC/VerifyPIN_7_HB+FTL+INL+DPTC+DT+SC--F2--C10--T10000--N100000--IS--query.q:3
 -- Formula is satisfied.
 -- Result: (0/100000 runs) Pr(<> …) in [0,3.68881e-05] (95% CI)
 -- States explored : 0 states
 -- CPU user time used : 22120 ms
 -- Virtual memory used : 58724 KiB
 -- Resident memory used : 18196 KiB
