Options for the verification:
  Generating no trace
  Search order is breadth first
  Using conservative space optimisation
  Seed is 1742922087
  State space representation uses minimal constraint systems with future testing
  Using HashMap + Compress integers for discrete state storage

Verifying formula 1 at ./experiments/results/smc/VerifyPIN_7_HB+FTL+INL+DPTC+DT+SC/VerifyPIN_7_HB+FTL+INL+DPTC+DT+SC--F2--C10--T10000--N100000--ORC--query.q:1
 -- Formula is satisfied.
 -- Result: (11297/100000 runs) Pr(<> …) in [0.111014,0.114948] (95% CI)
Values in [92,1164] mean=1016.1669469770735 steps=10.018691588785046: 935 0 0 0 0 0 0 0 0 0 0 0 0 0 0 0 0 0 0 0 0 0 0 0 0 0 0 0 0 0 0 0 0 0 0 0 0 0 0 0 0 0 0 0 0 0 0 0 0 0 0 0 0 0 0 0 0 0 0 0 0 0 0 0 0 0 0 0 0 30 0 0 0 0 0 0 0 0 0 0 0 0 0 0 0 0 39 0 0 0 0 0 0 0 0 0 0 0 0 106 10168 1 0 0 0 0 0 18
 -- States explored : 0 states
 -- CPU user time used : 8966 ms
 -- Virtual memory used : 57884 KiB
 -- Resident memory used : 16668 KiB

Verifying formula 2 at ./experiments/results/smc/VerifyPIN_7_HB+FTL+INL+DPTC+DT+SC/VerifyPIN_7_HB+FTL+INL+DPTC+DT+SC--F2--C10--T10000--N100000--ORC--query.q:2
 -- Formula is satisfied.
 -- Result: (88711/100000 runs) Pr(<> …) in [0.885132,0.889065] (95% CI)
Values in [0.0039784656837582597,1086.755039203912] mean=12.508642415962496 steps=3.6468156400611695: 10952 20461 20456 17553 2586 2658 2653 2468 2727 2627 2630 199 587 31 25 30 3 2 11 3 18 0 1 0 0 0 0 1 0 0 1 0 0 0 0 0 0 0 0 0 0 0 0 0 0 0 0 0 8 5 0 0 0 0 0 0 0 0 0 0 0 0 0 0 0 0 0 0 0 0 0 0 0 0 0 0 0 0 0 0 0 0 0 0 0 0 0 0 0 0 0 0 0 0 0 0 0 0 0 0 0 0 0 0 0 0 0 0 0 0 0 0 0 0 0 0 0 0 0 0 0 0 0 0 0 0 0 0 0 0 0 0 0 0 0 0 0 0 0 0 0 0 0 0 0 0 0 0 0 0 0 0 0 0 0 0 0 0 0 0 0 0 0 0 0 0 0 0 0 0 0 0 0 0 0 0 0 0 0 0 0 0 0 0 0 0 0 0 0 0 0 0 0 0 0 0 0 0 0 0 0 0 0 0 0 0 0 0 0 0 0 0 0 0 0 0 0 0 0 0 0 0 0 0 0 0 0 0 0 0 0 0 0 0 0 0 0 0 0 0 0 0 0 0 0 0 0 0 0 0 0 0 0 0 0 0 0 0 0 0 0 0 0 0 0 0 0 0 0 0 0 0 0 0 0 0 0 0 0 0 0 0 0 0 0 0 0 0 0 0 0 0 0 0 0 4 7 4
 -- States explored : 0 states
 -- CPU user time used : 8957 ms
 -- Virtual memory used : 58428 KiB
 -- Resident memory used : 17900 KiB

Verifying formula 3 at ./experiments/results/smc/VerifyPIN_7_HB+FTL+INL+DPTC+DT+SC/VerifyPIN_7_HB+FTL+INL+DPTC+DT+SC--F2--C10--T10000--N100000--ORC--query.q:3
 -- Formula is satisfied.
 -- Result: (0/100000 runs) Pr(<> …) in [0,3.68881e-05] (95% CI)
 -- States explored : 0 states
 -- CPU user time used : 9416 ms
 -- Virtual memory used : 58428 KiB
 -- Resident memory used : 17900 KiB
