Options for the verification:
  Generating no trace
  Search order is breadth first
  Using conservative space optimisation
  Seed is 1742930056
  State space representation uses minimal constraint systems with future testing
  Using HashMap + Compress integers for discrete state storage

Verifying formula 1 at ./experiments/results/smc/VerifyPIN_7_HB+FTL+INL+DPTC+DT+SC/VerifyPIN_7_HB+FTL+INL+DPTC+DT+SC--F3--C10--T10000--N100000--ORC--query.q:1
 -- Formula is satisfied.
 -- Result: (3908/100000 runs) Pr(<> …) in [0.0378873,0.0402995] (95% CI)
Values in [92,1164] mean=819.73950870010231 steps=17.015873015873016: 1074 0 0 0 0 0 0 0 0 0 0 0 0 0 0 0 0 0 0 0 0 0 0 0 0 0 0 0 0 0 0 3 0 19 0 0 0 0 0 0 0 34 0 0 0 0 0 0 0 0 35 0 2 0 0 0 0 0 119 2443 0 0 5 174
 -- States explored : 0 states
 -- CPU user time used : 6222 ms
 -- Virtual memory used : 57636 KiB
 -- Resident memory used : 16724 KiB

Verifying formula 2 at ./experiments/results/smc/VerifyPIN_7_HB+FTL+INL+DPTC+DT+SC/VerifyPIN_7_HB+FTL+INL+DPTC+DT+SC--F3--C10--T10000--N100000--ORC--query.q:2
 -- Formula is satisfied.
 -- Result: (96038/100000 runs) Pr(<> …) in [0.959153,0.961581] (95% CI)
Values in [0.0012450125068426134,1086.3591461563483] mean=14.464214629104029 steps=3.5043803262704571: 10015 19836 19593 19474 2662 2547 2529 2567 4106 4230 4142 1715 1871 378 74 68 66 5 27 20 21 39 2 0 2 2 3 1 4 0 0 2 0 0 0 0 0 0 0 0 0 0 0 2 0 0 0 0 0 0 6 1 2 0 0 0 0 0 0 0 0 0 0 0 0 0 0 0 0 0 0 0 0 0 0 0 0 0 0 0 0 0 0 0 0 0 0 0 0 0 0 0 0 0 0 0 0 0 0 0 0 0 0 0 0 0 0 0 0 0 0 0 0 0 0 0 0 0 0 0 0 0 0 0 0 0 0 0 0 0 0 0 0 0 0 0 0 0 0 0 0 0 0 0 0 0 0 0 0 0 0 0 0 0 0 0 0 0 0 0 0 0 0 0 0 0 0 0 0 0 0 0 0 0 0 0 0 0 0 0 0 0 0 0 0 0 0 0 0 0 0 0 0 0 0 0 0 0 0 0 0 0 0 0 0 0 0 0 0 0 0 0 0 0 0 0 0 0 0 0 0 0 0 0 0 0 0 0 0 0 0 0 0 0 0 0 0 0 0 0 0 0 0 0 0 0 0 0 0 0 0 0 0 0 0 0 0 0 0 0 0 0 0 0 0 0 0 0 0 0 0 0 0 0 0 0 0 0 0 0 0 0 0 0 0 0 0 0 0 0 0 0 0 0 0 0 0 0 0 0 0 0 0 0 0 0 2 11 6 7
 -- States explored : 0 states
 -- CPU user time used : 6211 ms
 -- Virtual memory used : 58472 KiB
 -- Resident memory used : 18000 KiB

Verifying formula 3 at ./experiments/results/smc/VerifyPIN_7_HB+FTL+INL+DPTC+DT+SC/VerifyPIN_7_HB+FTL+INL+DPTC+DT+SC--F3--C10--T10000--N100000--ORC--query.q:3
 -- Formula is satisfied.
 -- Result: (0/100000 runs) Pr(<> …) in [0,3.68881e-05] (95% CI)
 -- States explored : 0 states
 -- CPU user time used : 6566 ms
 -- Virtual memory used : 58472 KiB
 -- Resident memory used : 18000 KiB
