Options for the verification:
  Generating no trace
  Search order is breadth first
  Using conservative space optimisation
  Seed is 1742904775
  State space representation uses minimal constraint systems with future testing
  Using HashMap + Compress integers for discrete state storage

Verifying formula 1 at ./experiments/results/smc/VerifyPIN_7_HB+FTL+INL+DPTC+DT+SC/VerifyPIN_7_HB+FTL+INL+DPTC+DT+SC--F1--C10--T10000--N100000--ORC--query.q:1
 -- Formula is satisfied.
 -- Result: (25108/100000 runs) Pr(<> …) in [0.248395,0.25378] (95% CI)
Values in [92,1101] mean=1092.4711645690616 steps=6.3459119496855347: 209 0 0 0 0 0 0 0 0 0 0 0 0 0 0 0 0 0 0 0 0 0 0 0 0 0 0 0 0 0 0 0 0 0 0 0 0 0 0 0 0 0 0 0 0 0 0 0 0 0 0 0 0 0 0 0 0 0 0 0 0 0 0 0 0 0 0 0 0 0 0 0 0 0 0 0 0 0 0 0 0 0 0 0 0 0 0 0 0 0 0 0 0 0 0 0 0 0 0 0 0 0 0 0 0 0 0 0 0 6 0 0 0 0 0 0 0 0 0 0 0 0 0 0 0 0 0 0 0 0 0 0 0 0 0 0 7 0 0 0 0 0 0 0 0 0 0 0 0 0 0 0 0 0 0 0 0 38 0 24848
 -- States explored : 0 states
 -- CPU user time used : 13548 ms
 -- Virtual memory used : 58144 KiB
 -- Resident memory used : 17108 KiB

Verifying formula 2 at ./experiments/results/smc/VerifyPIN_7_HB+FTL+INL+DPTC+DT+SC/VerifyPIN_7_HB+FTL+INL+DPTC+DT+SC--F1--C10--T10000--N100000--ORC--query.q:2
 -- Formula is satisfied.
 -- Result: (74815/100000 runs) Pr(<> …) in [0.745447,0.750838] (95% CI)
Values in [4.4742599129676826e-05,75.867700507398695] mean=9.3564179232795528 steps=0.27688925461605685: 197 223 241 218 194 197 227 1250 1554 1557 1496 1528 1590 1505 1528 1588 1561 1554 1502 1574 1555 1556 1519 1561 1475 1614 1596 1643 1526 1449 1518 1566 1617 1602 1534 1585 1563 1579 1527 1610 1553 1508 1540 1576 1610 1595 1567 1534 1537 1574 868 54 48 63 55 61 56 54 47 61 44 52 55 50 67 61 51 54 57 40 46 49 63 60 48 47 38 48 56 61 54 56 48 56 70 38 64 42 56 56 55 43 44 73 229 200 242 203 221 203 247 63 42 43 43 52 36 40 45 41 29 35 38 53 47 38 46 59 44 60 51 41 48 40 45 42 50 41 49 42 39 36 44 31 47 48 38 45 37 45 41 47 48 41 15 0 0 0 0 0 0 0 0 0 0 9 8 15 12 5 13 8 10 8 14 8 0 0 0 0 1 0 0 0 0 1 1 0 0 0 0 0 0 0 1 0 0 0 0 0 0 0 0 0 0 0 0 0 1 0 0 0 0 0 1 0 0 1 0 0 0 0 0 0 0 0 0 0 0 0 0 0 0 0 0 0 0 0 0 0 0 0 0 0 0 0 0 0 0 0 0 0 0 0 0 0 0 0 0 0 0 0 0 0 0 0 0 0 0 0 0 0 0 0 0 0 0 0 1 0 1 2 0 2
 -- States explored : 0 states
 -- CPU user time used : 13475 ms
 -- Virtual memory used : 58432 KiB
 -- Resident memory used : 17892 KiB

Verifying formula 3 at ./experiments/results/smc/VerifyPIN_7_HB+FTL+INL+DPTC+DT+SC/VerifyPIN_7_HB+FTL+INL+DPTC+DT+SC--F1--C10--T10000--N100000--ORC--query.q:3
 -- Formula is satisfied.
 -- Result: (0/100000 runs) Pr(<> …) in [0,3.68881e-05] (95% CI)
 -- States explored : 0 states
 -- CPU user time used : 14081 ms
 -- Virtual memory used : 58432 KiB
 -- Resident memory used : 17892 KiB
