Options for the verification:
  Generating no trace
  Search order is breadth first
  Using conservative space optimisation
  Seed is 1742944833
  State space representation uses minimal constraint systems with future testing
  Using HashMap + Compress integers for discrete state storage

Verifying formula 1 at ./experiments/results/smc/VerifyPIN_7_HB+FTL+INL+DPTC+DT+SC/VerifyPIN_7_HB+FTL+INL+DPTC+DT+SC--F5--C10--T10000--N100000--ORC--query.q:1
 -- Formula is satisfied.
 -- Result: (2236/100000 runs) Pr(<> …) in [0.0214525,0.0232954] (95% CI)
Values in [92,1164] mean=852.62030411449018 steps=22.333333333333332: 551 0 0 0 0 0 0 0 0 0 0 0 0 0 0 0 0 0 0 0 0 0 0 0 5 127 0 0 0 0 0 12 11 0 0 0 0 0 9 1 12 0 0 0 21 409 0 54 1024
 -- States explored : 0 states
 -- CPU user time used : 6337 ms
 -- Virtual memory used : 57640 KiB
 -- Resident memory used : 16852 KiB

Verifying formula 2 at ./experiments/results/smc/VerifyPIN_7_HB+FTL+INL+DPTC+DT+SC/VerifyPIN_7_HB+FTL+INL+DPTC+DT+SC--F5--C10--T10000--N100000--ORC--query.q:2
 -- Formula is satisfied.
 -- Result: (97801/100000 runs) Pr(<> …) in [0.977082,0.97891] (95% CI)
Values in [0.0060743289068341273,1149.9570406004786] mean=15.26316663419485 steps=3.6739647484714761: 10817 20638 20640 17278 2739 2759 2682 3270 4343 4396 3820 1168 2058 98 100 109 13 62 86 55 84 35 42 38 115 106 115 21 0 17 12 15 14 18 1 0 0 1 0 0 0 6 0 0 0 0 0 0 5 0 0 0 11 0 0 0 0 0 0 0 0 0 0 0 0 0 0 0 0 0 0 0 0 0 0 0 0 0 0 0 0 0 0 0 0 0 0 0 0 0 0 0 0 0 0 0 0 0 0 0 0 0 0 0 0 0 0 0 0 0 0 0 0 0 0 0 0 0 0 0 0 0 0 0 0 0 0 0 0 0 0 0 0 0 0 0 0 0 0 0 0 0 0 0 0 0 0 0 0 0 0 0 0 0 0 0 0 0 0 0 0 0 0 0 0 0 0 0 0 0 0 0 0 0 0 0 0 0 0 0 0 0 0 0 0 0 0 0 0 0 0 0 0 0 0 0 0 0 0 0 0 0 0 0 0 0 0 0 0 0 0 0 0 0 0 0 0 0 0 0 0 0 0 0 0 0 0 0 0 0 0 0 0 0 0 0 0 0 0 0 0 0 0 0 0 0 0 0 0 0 0 0 0 0 0 0 0 0 0 0 0 0 0 0 0 0 0 0 0 0 0 0 0 0 0 0 0 0 0 0 0 0 0 0 0 0 0 0 0 0 0 0 0 2 1 3 0 0 0 0 0 0 0 0 0 0 0 0 1 0 1 1 5
 -- States explored : 0 states
 -- CPU user time used : 6265 ms
 -- Virtual memory used : 58432 KiB
 -- Resident memory used : 18104 KiB

Verifying formula 3 at ./experiments/results/smc/VerifyPIN_7_HB+FTL+INL+DPTC+DT+SC/VerifyPIN_7_HB+FTL+INL+DPTC+DT+SC--F5--C10--T10000--N100000--ORC--query.q:3
 -- Formula is satisfied.
 -- Result: (0/100000 runs) Pr(<> …) in [0,3.68881e-05] (95% CI)
 -- States explored : 0 states
 -- CPU user time used : 6484 ms
 -- Virtual memory used : 58432 KiB
 -- Resident memory used : 18104 KiB
