Options for the verification:
  Generating no trace
  Search order is breadth first
  Using conservative space optimisation
  Seed is 1742906410
  State space representation uses minimal constraint systems with future testing
  Using HashMap + Compress integers for discrete state storage

Verifying formula 1 at ./experiments/results/smc/VerifyPIN_7_HB+FTL+INL+DPTC+DT+SC/VerifyPIN_7_HB+FTL+INL+DPTC+DT+SC--F1--C10--T10000--N100000--IS--query.q:1
 -- Formula is satisfied.
 -- Result: (65389/100000 runs) Pr(<> …) in [0.650932,0.656839] (95% CI)
Values in [80,1162] mean=1087.8298031779045 steps=4.2265625: 126 0 0 0 0 0 0 0 0 0 0 0 0 0 0 0 0 0 0 0 0 0 0 0 0 0 0 0 0 0 0 0 0 0 0 0 0 0 0 0 0 0 0 0 0 0 0 0 0 0 0 0 0 0 0 0 0 0 0 0 0 0 0 0 0 0 0 0 0 0 0 0 0 0 0 0 0 0 0 0 0 0 0 0 0 0 0 0 0 0 0 0 0 0 0 0 0 0 0 0 0 0 0 0 0 0 0 0 0 0 0 0 0 0 0 0 0 0 0 0 0 0 0 0 0 0 0 0 0 0 0 0 0 0 0 0 0 0 0 0 0 0 0 0 0 0 0 0 0 0 0 0 0 0 0 0 0 0 0 0 0 0 0 0 0 0 0 0 0 0 0 0 0 0 0 0 0 0 0 0 0 0 0 0 0 0 0 0 0 0 0 0 0 0 0 0 0 0 0 0 0 0 0 0 0 0 0 0 0 0 0 0 0 0 0 0 0 0 0 0 0 0 0 0 0 0 0 0 0 0 0 0 0 0 0 0 0 0 60737 0 648 3816 1 0 0 0 0 0 0 0 0 0 0 46 0 0 15
 -- States explored : 0 states
 -- CPU user time used : 29179 ms
 -- Virtual memory used : 58852 KiB
 -- Resident memory used : 17684 KiB

Verifying formula 2 at ./experiments/results/smc/VerifyPIN_7_HB+FTL+INL+DPTC+DT+SC/VerifyPIN_7_HB+FTL+INL+DPTC+DT+SC--F1--C10--T10000--N100000--IS--query.q:2
 -- Formula is satisfied.
 -- Result: (34480/100000 runs) Pr(<> …) in [0.341854,0.347755] (95% CI)
Values in [0.0035884296521544461,37.999559071380645] mean=13.008868532809926 steps=0.20427941205230377: 418 458 424 463 439 419 424 427 389 421 418 414 404 411 424 426 444 439 429 447 425 452 444 442 430 423 465 417 432 416 427 435 421 416 438 402 436 393 422 392 412 442 443 389 406 448 408 429 413 488 441 467 430 441 480 448 437 408 317 0 0 0 0 0 0 0 0 0 0 0 0 0 0 0 0 0 0 0 0 0 0 0 0 0 0 0 0 0 0 0 0 0 0 0 0 0 0 0 0 0 0 0 0 0 0 0 0 0 0 0 0 0 0 0 0 0 0 0 0 0 0 0 0 0 0 0 0 113 153 173 164 148 157 167 142 145 153 139 145 168 144 151 157 156 161 175 149 156 168 166 159 153 167 180 152 165 154 159 149 162 159 158 155 178 156 189 168 146 153 150 160 135 137 152 168 164 160 147 192 168 152 144 167 179 143 137
 -- States explored : 0 states
 -- CPU user time used : 28862 ms
 -- Virtual memory used : 59364 KiB
 -- Resident memory used : 17948 KiB

Verifying formula 3 at ./experiments/results/smc/VerifyPIN_7_HB+FTL+INL+DPTC+DT+SC/VerifyPIN_7_HB+FTL+INL+DPTC+DT+SC--F1--C10--T10000--N100000--IS--query.q:3
 -- Formula is satisfied.
 -- Result: (0/100000 runs) Pr(<> …) in [0,3.68881e-05] (95% CI)
 -- States explored : 0 states
 -- CPU user time used : 30528 ms
 -- Virtual memory used : 59364 KiB
 -- Resident memory used : 17948 KiB
