Options for the verification:
  Generating no trace
  Search order is breadth first
  Using conservative space optimisation
  Seed is 1742945793
  State space representation uses minimal constraint systems with future testing
  Using HashMap + Compress integers for discrete state storage

Verifying formula 1 at ./experiments/results/smc/VerifyPIN_7_HB+FTL+INL+DPTC+DT+SC/VerifyPIN_7_HB+FTL+INL+DPTC+DT+SC--F5--C10--T10000--N100000--IS--query.q:1
 -- Formula is satisfied.
 -- Result: (46537/100000 runs) Pr(<> …) in [0.462275,0.468468] (95% CI)
Values in [56,1156] mean=1101.2620065754131 steps=5.0925925925925926: 417 212 299 0 68 0 0 0 0 0 0 0 0 0 0 0 0 0 0 0 0 0 0 0 0 0 0 0 0 0 0 0 0 0 0 0 0 0 0 0 0 0 0 0 0 0 0 0 0 0 0 0 0 0 0 0 0 0 0 0 0 0 0 0 0 0 0 0 0 0 0 0 0 0 0 0 0 0 0 0 0 0 0 0 0 0 0 0 0 0 0 0 0 0 0 0 0 0 0 0 0 0 0 0 0 0 0 0 0 0 0 0 0 0 0 0 0 0 0 0 0 0 0 0 0 0 0 0 0 0 0 0 0 0 0 0 0 0 0 0 0 0 0 0 0 0 0 0 0 0 0 0 0 0 0 0 0 0 0 0 0 0 0 0 0 0 0 0 0 0 0 0 0 0 0 0 0 0 0 0 0 0 0 0 0 0 0 0 0 0 0 0 0 0 0 0 120 14 1061 485 2331 1333 669 33 13 187 82 1844 1088 7533 5025 13532 4979 4198 688 318 8
 -- States explored : 0 states
 -- CPU user time used : 23849 ms
 -- Virtual memory used : 58340 KiB
 -- Resident memory used : 17400 KiB

Verifying formula 2 at ./experiments/results/smc/VerifyPIN_7_HB+FTL+INL+DPTC+DT+SC/VerifyPIN_7_HB+FTL+INL+DPTC+DT+SC--F5--C10--T10000--N100000--IS--query.q:2
 -- Formula is satisfied.
 -- Result: (53288/100000 runs) Pr(<> …) in [0.529782,0.535976] (95% CI)
Values in [0.00044334679841995245,128.69138736929744] mean=15.880788805138675 steps=0.55710365377705218: 1178 1153 1144 1181 1115 1230 1171 1143 1141 1141 1146 1136 1215 1164 1138 1180 1149 1111 1205 1220 1121 604 0 0 0 749 805 852 891 866 875 837 902 865 866 875 884 843 890 898 865 874 882 888 923 854 728 430 454 436 422 469 406 446 452 391 430 371 456 437 442 404 441 442 451 425 415 459 87 0 0 0 0 0 0 0 0 0 0 0 0 0 0 0 0 0 0 0 0 0 0 0 0 0 0 0 0 0 0 0 0 0 0 0 0 0 0 0 0 0 0 0 0 0 0 0 0 0 0 0 0 0 0 0 0 0 0 0 0 0 0 0 0 0 0 0 0 0 0 0 0 0 0 0 0 0 0 0 0 0 0 0 0 0 0 0 4 4 5 9 9 5 2 2 1 1 4 0 1 1 0 0 2 4 15 8 16 15 14 13 6 4 8 4 7 2 7 1 2 3 2 0 2 3 6 6 2 4 7 4 0 2 1 1 1 0 0 1 0 1 0 0 0 1 0 0 0 0 0 0 0 0 0 0 0 0 0 0 0 0 1
 -- States explored : 0 states
 -- CPU user time used : 23898 ms
 -- Virtual memory used : 58712 KiB
 -- Resident memory used : 17792 KiB

Verifying formula 3 at ./experiments/results/smc/VerifyPIN_7_HB+FTL+INL+DPTC+DT+SC/VerifyPIN_7_HB+FTL+INL+DPTC+DT+SC--F5--C10--T10000--N100000--IS--query.q:3
 -- Formula is satisfied.
 -- Result: (0/100000 runs) Pr(<> …) in [0,3.68881e-05] (95% CI)
 -- States explored : 0 states
 -- CPU user time used : 25216 ms
 -- Virtual memory used : 58712 KiB
 -- Resident memory used : 17792 KiB
