Options for the verification:
  Generating no trace
  Search order is breadth first
  Using conservative space optimisation
  Seed is 1742869617
  State space representation uses minimal constraint systems with future testing
  Using HashMap + Compress integers for discrete state storage

Verifying formula 1 at ./experiments/results/smc/VerifyPIN_7_HB+FTL+INL+DPTC+DT+SC/VerifyPIN_7_HB+FTL+INL+DPTC+DT+SC--C10--T10000--N2500000--ORC--query.q:1
 -- Formula is satisfied.
 -- Result: (630980/2500000 runs) Pr(<> …) in [0.251854,0.252931] (95% CI)
Values in [92,1164] mean=1092.5463628007226 steps=1.3484276729559748: 5194 0 0 0 0 0 0 0 0 0 0 0 0 0 0 0 0 0 0 0 0 0 0 0 0 0 0 0 0 0 0 0 0 0 0 0 0 0 0 0 0 0 0 0 0 0 0 0 0 0 0 0 0 0 0 0 0 0 0 0 0 0 0 0 0 0 0 0 0 0 0 0 0 0 0 0 0 0 0 0 0 0 0 0 0 0 0 0 0 0 0 0 0 0 0 0 0 0 0 0 0 0 0 0 0 0 0 0 0 0 0 0 0 0 0 0 0 0 0 0 0 0 0 0 0 0 0 0 0 0 0 0 0 0 0 0 0 0 0 0 0 0 0 0 0 0 0 0 0 0 0 0 0 0 0 0 0 0 0 0 0 0 0 0 0 0 0 0 0 0 0 0 0 0 0 0 0 0 0 0 0 0 0 0 0 0 0 0 0 0 0 0 0 0 0 0 0 0 0 0 0 0 0 0 0 0 0 0 0 0 0 0 0 0 0 0 0 0 0 0 0 0 0 0 0 0 0 0 0 0 0 0 0 0 0 0 0 0 0 0 0 0 0 0 0 0 0 0 0 0 0 0 0 0 0 0 0 0 0 0 0 0 0 0 0 0 0 0 0 0 0 0 0 0 0 0 0 0 0 0 0 0 0 0 0 0 0 0 0 0 0 0 0 0 0 0 0 0 0 0 0 0 0 0 0 0 0 0 0 0 0 0 0 0 0 0 0 0 0 0 0 0 0 0 0 0 0 0 0 0 0 0 0 0 0 0 0 0 0 0 0 0 0 0 0 0 0 0 0 0 0 0 0 0 0 0 0 0 0 0 0 0 0 0 0 0 0 0 0 0 0 0 0 0 0 0 0 0 0 0 0 0 0 0 0 0 0 0 0 0 0 0 0 0 0 0 0 0 0 0 0 0 0 0 0 0 0 0 0 0 0 0 0 0 0 0 0 0 0 0 0 0 0 0 0 0 0 0 0 0 0 0 0 0 0 0 0 0 0 0 0 0 0 0 0 0 0 0 0 0 0 0 0 0 0 0 0 0 0 0 0 0 0 0 0 0 0 0 0 0 0 0 0 0 0 0 0 0 0 0 0 0 0 0 0 0 0 0 0 0 0 0 0 0 0 0 0 0 0 0 0 0 0 0 0 0 0 0 0 0 0 0 0 0 0 0 0 184 0 0 0 0 0 0 0 0 0 0 0 0 0 0 0 0 0 0 0 0 0 0 0 0 0 0 0 0 0 0 0 0 0 0 0 0 0 0 0 0 0 0 0 0 0 0 0 0 0 0 0 0 0 0 0 0 0 0 0 0 0 0 0 0 0 0 0 0 0 0 0 0 0 0 0 0 0 0 0 0 0 0 0 0 0 0 0 0 0 0 0 0 0 0 0 0 0 0 0 0 0 0 0 0 0 0 0 0 0 0 0 0 0 0 0 0 0 0 0 0 0 0 203 0 0 0 0 0 0 0 0 0 0 0 0 0 0 0 0 0 0 0 0 0 0 0 0 0 0 0 0 0 0 0 0 0 0 0 0 0 0 0 0 0 0 0 0 0 0 0 0 0 0 0 0 0 0 0 0 0 0 0 0 0 0 0 0 0 0 0 0 0 0 0 0 0 0 0 0 0 0 0 0 0 0 0 0 0 0 0 0 0 0 0 0 0 0 0 0 0 0 0 749 0 0 0 0 0 0 0 624637 0 0 0 0 0 0 0 0 0 0 0 0 0 0 0 0 0 0 0 0 0 0 0 0 0 0 0 0 0 0 0 0 0 0 0 0 0 0 0 0 0 0 0 0 0 0 13
 -- States explored : 0 states
 -- CPU user time used : 333752 ms
 -- Virtual memory used : 62564 KiB
 -- Resident memory used : 22204 KiB

Verifying formula 2 at ./experiments/results/smc/VerifyPIN_7_HB+FTL+INL+DPTC+DT+SC/VerifyPIN_7_HB+FTL+INL+DPTC+DT+SC--C10--T10000--N2500000--ORC--query.q:2
 -- Formula is satisfied.
 -- Result: (1868445/2500000 runs) Pr(<> …) in [0.746839,0.747917] (95% CI)
Values in [2.2825784981250766e-05,86.412643504794687] mean=9.358732060567343 steps=0.063213328953189263: 1172 1239 1230 1299 1240 1219 1296 1218 1206 1239 1245 1252 1224 1230 1284 1257 1223 1237 1243 1219 1217 1221 1214 1267 1196 1250 1225 1269 1228 1239 1292 3998 8827 9011 8825 8855 8753 8929 8829 8953 9179 8920 8899 8732 9074 8739 8576 8988 8742 8865 8619 8793 8901 8952 8946 8908 9014 8774 8886 8704 8629 8871 9026 8865 8743 8976 8897 8917 8819 8797 8922 8852 8960 8937 8817 8814 8672 8826 8971 8837 9070 8846 8988 8734 8720 8893 8786 8774 8795 8937 8753 8819 8651 8881 9000 8807 8905 8944 8850 8922 9069 8740 8738 8870 8960 8796 8858 8835 8907 8775 8954 8865 8788 8842 8828 8870 8828 8943 8778 8877 8992 8699 8839 8957 8834 8714 8893 8926 8824 8805 8744 8826 8979 8736 8853 8704 8878 8859 8851 8768 8750 8804 8905 8790 8798 8925 8892 8967 8872 8875 8869 8841 8983 8712 8753 8954 9031 8908 8823 8894 9038 8860 8786 8802 8809 8930 8736 8851 8971 8904 8838 8929 8785 8867 8893 8884 8937 8999 8775 8859 8786 8740 8877 8734 8994 8877 8841 8759 8734 9095 8913 8820 8847 8617 8678 8659 8750 8783 8908 8783 8702 8837 8815 8825 8926 8911 8766 8664 8886 8781 8973 8692 8941 8784 8832 8846 8888 8839 8796 8673 8801 4441 286 295 289 332 319 313 302 312 327 334 337 325 314 318 264 292 284 309 296 306 304 294 320 301 297 298 320 315 284 314 325 275 316 301 297 266 301 331 284 324 295 308 306 311 294 317 305 280 332 311 341 307 286 325 311 322 341 302 311 312 320 289 287 319 317 319 325 319 301 333 323 294 329 323 322 313 315 306 309 362 290 308 314 339 330 308 301 315 322 305 292 325 326 347 309 330 325 306 318 320 295 307 327 303 308 314 285 310 306 307 327 296 305 297 299 325 305 300 314 316 332 317 299 313 295 288 339 306 303 310 321 337 315 318 296 300 289 294 320 308 294 301 322 276 308 307 279 311 329 315 293 302 296 313 318 330 320 289 348 339 306 328 283 283 296 335 339 323 323 324 331 323 335 287 302 317 277 295 307 319 293 317 291 288 301 300 296 316 308 953 1290 1304 1300 1248 1257 1263 1253 1204 1289 1188 1278 1292 1306 1316 1244 1323 1273 1287 1245 1269 1345 1282 1257 1332 1279 1227 1268 1307 1240 1228 1254 264 239 272 226 244 238 270 231 226 249 262 237 234 238 238 262 250 259 236 252 247 256 214 268 234 253 250 291 269 247 264 242 253 233 221 265 239 253 227 256 263 266 239 235 230 257 236 244 247 243 241 264 273 227 232 253 255 267 235 235 241 243 257 242 224 255 241 251 260 248 261 274 249 247 244 249 241 245 263 253 245 228 250 296 285 254 245 258 262 227 240 249 224 245 256 236 230 230 265 252 242 245 261 263 276 233 253 237 223 273 235 231 221 236 247 276 234 246 287 248 241 262 230 247 257 251 254 237 243 248 260 255 250 249 241 228 247 240 223 243 281 255 258 267 238 226 211 225 225 265 276 262 229 267 230 235 222 224 206 251 253 273 254 229 244 261 265 274 243 249 253 234 247 263 228 267 258 247 244 285 233 279 243 239 258 270 239 241 230 213 0 0 0 0 0 0 0 0 0 0 0 0 0 0 0 0 0 0 0 0 0 0 0 0 0 0 0 0 0 0 0 0 0 0 0 0 0 0 0 0 0 0 0 0 0 0 0 44 54 51 63 54 67 64 60 47 56 61 58 57 60 55 46 60 69 41 57 56 49 54 61 59 64 51 60 52 40 60 54 63 55 65 45 60 72 65 50 49 62 50 47 64 66 59 39 0 0 0 0 0 0 0 0 0 0 0 0 0 0 0 0 2 1 2 2 2 2 2 2 1 1 1 1 3 1 2 4 4 0 2 1 0 4 2 2 4 0 3 1 1 1 1 2 3 2 3 0 0 1 1 2 5 3 3 1 2 0 3 0 1 0 4 1 2 0 0 1 2 1 4 5 3 2 1 2 5 0 2 2 0 0 2 4 2 1 1 1 1 3 1 0 3 2 1 2 5 0 2 0 0 2 0 0 0 0 0 1 1 4 0 2 1 1 1 2 2 3 3 1 0 2 1 2 1 1 1 1 0 2 3 0 1 1 2 3 1 2 3 3 0 4 0 1 1 1 2 0 4 2 2 2 0 2 4 2 2 0 3 4 0 0 1 5 2 2 1 2 2 1 0 3 1 1 1 1 1 2 3 3 1 1 2 2 2 1 1 1 3 1 0 6 3 2 3 3 2 2 1 1 2 0 0 0 0 0 0 0 0 0 0 0 0 0 0 0 0 0 0 0 0 0 0 0 0 0 0 0 0 0 0 0 0 0 0 0 0 0 0 0 0 0 0 0 0 0 0 0 0 0 0 0 0 0 0 0 0 0 0 0 0 0 0 0 0 0 0 0 0 0 0 0 0 0 0 0 0 0 0 0 0 0 0 0 0 0 2 0 0 0 0 0 1 0 0 0 0 0 0 0 0 0 0 1 0 0 0 0 0 0 0 0 0 0 0 0 0 0 0 0 0 0 0 0 0 0 0 0 0 0 0 0 0 0 0 0 0 0 0 0 0 0 0 0 0 0 1 0 0 0 0 0 0 0 0 1 0 0 0 0 0 0 0 0 0 0 0 1 1 0 0 0 0 0 0 0 0 0 0 0 0 0 0 0 0 0 0 1 0 0 0 0 0 0 0 0 0 0 0 0 0 0 1 0 0 0 0 0 0 1 0 0 0 0 0 0 0 0 0 0 0 0 0 0 0 0 0 0 0 0 0 0 0 0 0 0 0 0 3 4 8 7 2 3 5 3 4 9 3 10 4 6 3 8 6 4 5 8 4 7 4 4 5 4 3 6 3 8 12 5 1 0 0 0 0 0 0 0 0 0 0 0 0 0 0 0 0 0 0 0 0 0 0 0 0 0 0 0 0 0 0 0 0 0 0 0 0 0 0 0 0 0 0 0 0 0 0 0 0 0 0 0 0 0 0 0 0 0 0 0 0 0 0 0 0 0 0 0 0 0 0 0 0 0 0 0 0 0 0 0 0 0 0 0 0 0 0 0 0 0 0 0 0 0 0 0 0 0 0 0 0 0 0 0 0 0 0 0 0 0 0 0 0 0 0 0 0 0 0 0 0 0 0 0 0 0 0 0 0 0 0 0 0 0 0 0 0 0 0 0 0 0 0 0 0 0 0 0 0 0 0 0 0 0 0 0 0 0 0 0 0 0 0 0 1
 -- States explored : 0 states
 -- CPU user time used : 332334 ms
 -- Virtual memory used : 77176 KiB
 -- Resident memory used : 36816 KiB

Verifying formula 3 at ./experiments/results/smc/VerifyPIN_7_HB+FTL+INL+DPTC+DT+SC/VerifyPIN_7_HB+FTL+INL+DPTC+DT+SC--C10--T10000--N2500000--ORC--query.q:3
 -- Formula is satisfied.
 -- Result: (0/2500000 runs) Pr(<> …) in [0,1.47555e-06] (95% CI)
 -- States explored : 0 states
 -- CPU user time used : 350662 ms
 -- Virtual memory used : 77176 KiB
 -- Resident memory used : 38132 KiB
