Options for the verification:
  Generating no trace
  Search order is breadth first
  Using conservative space optimisation
  Seed is 1742931224
  State space representation uses minimal constraint systems with future testing
  Using HashMap + Compress integers for discrete state storage

Verifying formula 1 at ./experiments/results/smc/VerifyPIN_7_HB+FTL+INL+DPTC+DT+SC/VerifyPIN_7_HB+FTL+INL+DPTC+DT+SC--F3--C10--T10000--N100000--IS--query.q:1
 -- Formula is satisfied.
 -- Result: (47042/100000 runs) Pr(<> …) in [0.467322,0.473519] (95% CI)
Values in [56,1160] mean=1089.8508566812636 steps=5.0875576036866361: 424 206 313 0 71 0 0 0 0 0 0 0 0 0 0 0 0 0 0 0 0 0 0 0 0 0 0 0 0 0 0 0 0 0 0 0 0 0 0 0 0 0 0 0 0 0 0 0 0 0 0 0 0 0 0 0 0 0 0 0 0 0 0 0 0 0 0 0 0 0 0 0 0 0 0 0 0 0 0 0 0 0 0 0 0 0 0 0 0 0 0 0 0 0 0 0 0 0 0 0 0 0 0 0 0 0 0 0 0 0 0 0 0 0 0 0 0 0 0 0 0 0 0 0 0 0 0 0 0 0 0 0 0 0 0 0 0 0 0 0 0 0 0 0 0 0 0 0 0 0 0 0 0 0 0 0 0 0 0 0 0 0 0 0 0 0 0 0 0 0 0 0 0 0 0 0 0 0 0 0 0 0 0 0 0 0 0 0 0 0 0 0 0 0 0 0 0 0 21 302 4946 3315 12426 655 304 108 0 0 0 4 3649 358 11758 492 6164 228 1267 31
 -- States explored : 0 states
 -- CPU user time used : 22855 ms
 -- Virtual memory used : 58344 KiB
 -- Resident memory used : 17356 KiB

Verifying formula 2 at ./experiments/results/smc/VerifyPIN_7_HB+FTL+INL+DPTC+DT+SC/VerifyPIN_7_HB+FTL+INL+DPTC+DT+SC--F3--C10--T10000--N100000--IS--query.q:2
 -- Formula is satisfied.
 -- Result: (52957/100000 runs) Pr(<> …) in [0.526471,0.532668] (95% CI)
Values in [0.00034249853342771536,117.95268816035241] mean=15.466879614771491 steps=0.51061621498622944: 1037 1034 1046 1079 1099 1063 1057 1095 1077 1093 1056 1068 1057 1032 1075 1054 1122 1091 1034 1092 1075 1044 1027 524 0 0 0 438 801 782 826 793 793 823 793 802 802 792 838 774 759 768 806 815 772 774 845 807 853 797 797 395 378 371 401 412 366 421 377 420 397 403 407 373 390 365 385 371 348 388 384 387 403 358 164 0 0 0 0 0 0 0 0 0 0 0 0 0 0 0 0 0 0 0 0 0 0 0 0 0 0 0 0 0 0 0 0 0 0 0 0 0 0 0 0 0 0 0 0 0 0 0 0 0 0 0 0 0 0 0 0 0 0 0 0 0 0 0 0 0 0 0 0 0 0 0 0 0 0 0 0 0 0 0 0 0 0 0 0 0 0 0 0 0 0 0 0 0 0 0 0 0 0 0 0 0 0 0 0 0 0 0 0 0 0 0 0 0 0 0 0 0 0 0 0 0 0 0 0 0 0 0 0 2 0 0 0 1 0 2 0 0 0 0 0 0 0 0 0 0 0 0 1 0 0 0 1 0 2 1 2
 -- States explored : 0 states
 -- CPU user time used : 22540 ms
 -- Virtual memory used : 58724 KiB
 -- Resident memory used : 17656 KiB

Verifying formula 3 at ./experiments/results/smc/VerifyPIN_7_HB+FTL+INL+DPTC+DT+SC/VerifyPIN_7_HB+FTL+INL+DPTC+DT+SC--F3--C10--T10000--N100000--IS--query.q:3
 -- Formula is satisfied.
 -- Result: (0/100000 runs) Pr(<> …) in [0,3.68881e-05] (95% CI)
 -- States explored : 0 states
 -- CPU user time used : 24098 ms
 -- Virtual memory used : 58724 KiB
 -- Resident memory used : 17656 KiB
